[ 2018-03-20T14:10:14+08:00 ] ::1 /xmcy/
INFO: [ app_init ] --START--
INFO: Run Behavior\BuildLiteBehavior [ RunTime:0.000017s ]
INFO: [ app_init ] --END-- [ RunTime:0.000611s ]
NOTIC: [8] Use of undefined constant 　　 - assumed '　　' E:\wamp\www\xmcy\Application\Home\Conf\tags.php 第 3 行.
NOTIC: [2] array_merge(): Argument #2 is not an array E:\wamp\www\xmcy\ThinkPHP\Library\Think\Hook.class.php 第 55 行.
INFO: [ app_begin ] --START--
INFO: Run Behavior\ReadHtmlCacheBehavior [ RunTime:0.001229s ]
INFO: Run Behavior\CheckLangBehavior [ RunTime:0.001719s ]
INFO: [ app_begin ] --END-- [ RunTime:0.003097s ]
SQL: SHOW COLUMNS FROM `ms_config` [ RunTime:0.0014s ]
SQL: SELECT * FROM `ms_config` WHERE `id` = 1 LIMIT 1   [ RunTime:0.0005s ]
SQL: SHOW COLUMNS FROM `ms_image` [ RunTime:0.0090s ]
SQL: SELECT * FROM `ms_image` WHERE `is_see` = 1  [ RunTime:0.0004s ]
SQL: SHOW COLUMNS FROM `ms_category` [ RunTime:0.0007s ]
SQL: SELECT * FROM `ms_category` WHERE ( category_id < 6 )  [ RunTime:0.0005s ]
SQL: SELECT * FROM `ms_category` WHERE ( category_id > 5 )  [ RunTime:0.0003s ]
SQL: SHOW COLUMNS FROM `ms_news` [ RunTime:0.0007s ]
SQL: SELECT COUNT(*) AS tp_count FROM `ms_news` ORDER BY addtime desc LIMIT 1   [ RunTime:0.0007s ]
SQL: SELECT * FROM `ms_news` ORDER BY addtime desc LIMIT 0,10   [ RunTime:0.0008s ]
INFO: [ view_parse ] --START--
INFO: [ template_filter ] --START--
INFO: Run Behavior\ContentReplaceBehavior [ RunTime:0.000114s ]
INFO: [ template_filter ] --END-- [ RunTime:0.000186s ]
NOTIC: [8] Undefined variable: result E:\wamp\www\xmcy\Application\Runtime\Cache\Home\2a94b8bda04ff446dcedd42276fc99ee.php 第 15 行.
NOTIC: [8] Undefined variable: category_id E:\wamp\www\xmcy\Application\Runtime\Cache\Home\2a94b8bda04ff446dcedd42276fc99ee.php 第 98 行.
NOTIC: [8] Undefined variable: category_id E:\wamp\www\xmcy\Application\Runtime\Cache\Home\2a94b8bda04ff446dcedd42276fc99ee.php 第 98 行.
NOTIC: [8] Undefined variable: category_id E:\wamp\www\xmcy\Application\Runtime\Cache\Home\2a94b8bda04ff446dcedd42276fc99ee.php 第 98 行.
NOTIC: [8] Undefined variable: category_id E:\wamp\www\xmcy\Application\Runtime\Cache\Home\2a94b8bda04ff446dcedd42276fc99ee.php 第 98 行.
NOTIC: [8] Undefined variable: category_id E:\wamp\www\xmcy\Application\Runtime\Cache\Home\2a94b8bda04ff446dcedd42276fc99ee.php 第 98 行.
NOTIC: [8] Undefined variable: category_id E:\wamp\www\xmcy\Application\Runtime\Cache\Home\2a94b8bda04ff446dcedd42276fc99ee.php 第 98 行.
NOTIC: [8] Undefined variable: category_id E:\wamp\www\xmcy\Application\Runtime\Cache\Home\2a94b8bda04ff446dcedd42276fc99ee.php 第 98 行.
NOTIC: [8] Undefined variable: category_id E:\wamp\www\xmcy\Application\Runtime\Cache\Home\2a94b8bda04ff446dcedd42276fc99ee.php 第 128 行.
NOTIC: [8] Undefined variable: category_id E:\wamp\www\xmcy\Application\Runtime\Cache\Home\2a94b8bda04ff446dcedd42276fc99ee.php 第 131 行.
NOTIC: [8] Undefined variable: category_id E:\wamp\www\xmcy\Application\Runtime\Cache\Home\2a94b8bda04ff446dcedd42276fc99ee.php 第 131 行.
NOTIC: [8] Undefined variable: category_id E:\wamp\www\xmcy\Application\Runtime\Cache\Home\2a94b8bda04ff446dcedd42276fc99ee.php 第 131 行.
NOTIC: [8] Undefined variable: category_id E:\wamp\www\xmcy\Application\Runtime\Cache\Home\2a94b8bda04ff446dcedd42276fc99ee.php 第 131 行.
NOTIC: [8] Undefined variable: category_id E:\wamp\www\xmcy\Application\Runtime\Cache\Home\2a94b8bda04ff446dcedd42276fc99ee.php 第 131 行.
INFO: Run Behavior\ParseTemplateBehavior [ RunTime:0.039113s ]
INFO: [ view_parse ] --END-- [ RunTime:0.039207s ]
INFO: [ view_filter ] --START--
INFO: Run Behavior\WriteHtmlCacheBehavior [ RunTime:0.009082s ]
INFO: [ view_filter ] --END-- [ RunTime:0.009163s ]
INFO: [ app_end ] --START--
INFO: Run Behavior\ShowPageTraceBehavior [ RunTime:0.001293s ]
INFO: [ app_end ] --END-- [ RunTime:0.001397s ]

[ 2018-03-20T14:10:14+08:00 ] ::1 /xmcy/public/home/img/x-icon.png
INFO: [ app_init ] --START--
INFO: Run Behavior\BuildLiteBehavior [ RunTime:0.000036s ]
INFO: [ app_init ] --END-- [ RunTime:0.000836s ]
NOTIC: [8] Use of undefined constant 　　 - assumed '　　' E:\wamp\www\xmcy\Application\Home\Conf\tags.php 第 3 行.
NOTIC: [2] array_merge(): Argument #2 is not an array E:\wamp\www\xmcy\ThinkPHP\Library\Think\Hook.class.php 第 55 行.

[ 2018-03-20T14:10:17+08:00 ] ::1 /xmcy/index.php/Index/details/news_id/14.html
INFO: [ app_init ] --START--
INFO: Run Behavior\BuildLiteBehavior [ RunTime:0.000018s ]
INFO: [ app_init ] --END-- [ RunTime:0.000401s ]
NOTIC: [8] Use of undefined constant 　　 - assumed '　　' E:\wamp\www\xmcy\Application\Home\Conf\tags.php 第 3 行.
NOTIC: [2] array_merge(): Argument #2 is not an array E:\wamp\www\xmcy\ThinkPHP\Library\Think\Hook.class.php 第 55 行.
INFO: [ app_begin ] --START--
INFO: Run Behavior\ReadHtmlCacheBehavior [ RunTime:0.000535s ]
INFO: Run Behavior\CheckLangBehavior [ RunTime:0.000592s ]
INFO: [ app_begin ] --END-- [ RunTime:0.001239s ]
SQL: SHOW COLUMNS FROM `ms_config` [ RunTime:0.0006s ]
SQL: SELECT * FROM `ms_config` WHERE `id` = 1 LIMIT 1   [ RunTime:0.0003s ]
SQL: SHOW COLUMNS FROM `ms_image` [ RunTime:0.0014s ]
SQL: SELECT * FROM `ms_image` WHERE `is_see` = 1  [ RunTime:0.0003s ]
SQL: SHOW COLUMNS FROM `ms_category` [ RunTime:0.0009s ]
SQL: SELECT * FROM `ms_category` WHERE ( category_id < 6 )  [ RunTime:0.0005s ]
SQL: SELECT * FROM `ms_category` WHERE ( category_id > 5 )  [ RunTime:0.0004s ]
SQL: SHOW COLUMNS FROM `ms_news` [ RunTime:0.0006s ]
SQL: SELECT * FROM `ms_news` WHERE `id` = 14 LIMIT 1   [ RunTime:0.0004s ]
INFO: [ view_parse ] --START--
INFO: [ template_filter ] --START--
INFO: Run Behavior\ContentReplaceBehavior [ RunTime:0.000059s ]
INFO: [ template_filter ] --END-- [ RunTime:0.000137s ]
NOTIC: [8] Undefined variable: category_id E:\wamp\www\xmcy\Application\Runtime\Cache\Home\37214a01e04274e0039680059f673b9e.php 第 97 行.
NOTIC: [8] Undefined variable: category_id E:\wamp\www\xmcy\Application\Runtime\Cache\Home\37214a01e04274e0039680059f673b9e.php 第 97 行.
NOTIC: [8] Undefined variable: category_id E:\wamp\www\xmcy\Application\Runtime\Cache\Home\37214a01e04274e0039680059f673b9e.php 第 97 行.
NOTIC: [8] Undefined variable: category_id E:\wamp\www\xmcy\Application\Runtime\Cache\Home\37214a01e04274e0039680059f673b9e.php 第 97 行.
NOTIC: [8] Undefined variable: category_id E:\wamp\www\xmcy\Application\Runtime\Cache\Home\37214a01e04274e0039680059f673b9e.php 第 97 行.
NOTIC: [8] Undefined variable: category_id E:\wamp\www\xmcy\Application\Runtime\Cache\Home\37214a01e04274e0039680059f673b9e.php 第 97 行.
NOTIC: [8] Undefined variable: category_id E:\wamp\www\xmcy\Application\Runtime\Cache\Home\37214a01e04274e0039680059f673b9e.php 第 97 行.
NOTIC: [8] Undefined variable: category_id E:\wamp\www\xmcy\Application\Runtime\Cache\Home\37214a01e04274e0039680059f673b9e.php 第 107 行.
NOTIC: [8] Undefined variable: category_id E:\wamp\www\xmcy\Application\Runtime\Cache\Home\37214a01e04274e0039680059f673b9e.php 第 110 行.
NOTIC: [8] Undefined variable: category_id E:\wamp\www\xmcy\Application\Runtime\Cache\Home\37214a01e04274e0039680059f673b9e.php 第 110 行.
NOTIC: [8] Undefined variable: category_id E:\wamp\www\xmcy\Application\Runtime\Cache\Home\37214a01e04274e0039680059f673b9e.php 第 110 行.
NOTIC: [8] Undefined variable: category_id E:\wamp\www\xmcy\Application\Runtime\Cache\Home\37214a01e04274e0039680059f673b9e.php 第 110 行.
NOTIC: [8] Undefined variable: category_id E:\wamp\www\xmcy\Application\Runtime\Cache\Home\37214a01e04274e0039680059f673b9e.php 第 110 行.
INFO: Run Behavior\ParseTemplateBehavior [ RunTime:0.013008s ]
INFO: [ view_parse ] --END-- [ RunTime:0.013126s ]
INFO: [ view_filter ] --START--
INFO: Run Behavior\WriteHtmlCacheBehavior [ RunTime:0.000635s ]
INFO: [ view_filter ] --END-- [ RunTime:0.000734s ]
INFO: [ app_end ] --START--
INFO: Run Behavior\ShowPageTraceBehavior [ RunTime:0.000953s ]
INFO: [ app_end ] --END-- [ RunTime:0.001072s ]

[ 2018-03-20T14:10:24+08:00 ] ::1 /xmcy/public/home/css/bootstrap.min.css.map
INFO: [ app_init ] --START--
INFO: Run Behavior\BuildLiteBehavior [ RunTime:0.000026s ]
INFO: [ app_init ] --END-- [ RunTime:0.000559s ]
NOTIC: [8] Use of undefined constant 　　 - assumed '　　' E:\wamp\www\xmcy\Application\Home\Conf\tags.php 第 3 行.
NOTIC: [2] array_merge(): Argument #2 is not an array E:\wamp\www\xmcy\ThinkPHP\Library\Think\Hook.class.php 第 55 行.
INFO: [ app_begin ] --START--
INFO: Run Behavior\ReadHtmlCacheBehavior [ RunTime:0.000546s ]
INFO: Run Behavior\CheckLangBehavior [ RunTime:0.000676s ]
INFO: [ app_begin ] --END-- [ RunTime:0.001357s ]
ERR: 无法加载控制器:Public

[ 2018-03-20T14:13:02+08:00 ] ::1 /xmcy/index.php/Index/details/news_id/14.html
INFO: [ app_init ] --START--
INFO: Run Behavior\BuildLiteBehavior [ RunTime:0.000017s ]
INFO: [ app_init ] --END-- [ RunTime:0.000333s ]
NOTIC: [8] Use of undefined constant 　　 - assumed '　　' E:\wamp\www\xmcy\Application\Home\Conf\tags.php 第 3 行.
NOTIC: [2] array_merge(): Argument #2 is not an array E:\wamp\www\xmcy\ThinkPHP\Library\Think\Hook.class.php 第 55 行.
INFO: [ app_begin ] --START--
INFO: Run Behavior\ReadHtmlCacheBehavior [ RunTime:0.000662s ]
INFO: Run Behavior\CheckLangBehavior [ RunTime:0.000948s ]
INFO: [ app_begin ] --END-- [ RunTime:0.001759s ]
SQL: SHOW COLUMNS FROM `ms_config` [ RunTime:0.0007s ]
SQL: SELECT * FROM `ms_config` WHERE `id` = 1 LIMIT 1   [ RunTime:0.0004s ]
SQL: SHOW COLUMNS FROM `ms_image` [ RunTime:0.0013s ]
SQL: SELECT * FROM `ms_image` WHERE `is_see` = 1  [ RunTime:0.0003s ]
SQL: SHOW COLUMNS FROM `ms_category` [ RunTime:0.0005s ]
SQL: SELECT * FROM `ms_category` WHERE ( category_id < 6 )  [ RunTime:0.0004s ]
SQL: SELECT * FROM `ms_category` WHERE ( category_id > 5 )  [ RunTime:0.0004s ]
SQL: SHOW COLUMNS FROM `ms_news` [ RunTime:0.0007s ]
SQL: SELECT * FROM `ms_news` WHERE `id` = 14 LIMIT 1   [ RunTime:0.0003s ]
INFO: [ view_parse ] --START--
INFO: [ template_filter ] --START--
INFO: Run Behavior\ContentReplaceBehavior [ RunTime:0.000071s ]
INFO: [ template_filter ] --END-- [ RunTime:0.000161s ]
NOTIC: [8] Undefined variable: category_id E:\wamp\www\xmcy\Application\Runtime\Cache\Home\37214a01e04274e0039680059f673b9e.php 第 97 行.
NOTIC: [8] Undefined variable: category_id E:\wamp\www\xmcy\Application\Runtime\Cache\Home\37214a01e04274e0039680059f673b9e.php 第 97 行.
NOTIC: [8] Undefined variable: category_id E:\wamp\www\xmcy\Application\Runtime\Cache\Home\37214a01e04274e0039680059f673b9e.php 第 97 行.
NOTIC: [8] Undefined variable: category_id E:\wamp\www\xmcy\Application\Runtime\Cache\Home\37214a01e04274e0039680059f673b9e.php 第 97 行.
NOTIC: [8] Undefined variable: category_id E:\wamp\www\xmcy\Application\Runtime\Cache\Home\37214a01e04274e0039680059f673b9e.php 第 97 行.
NOTIC: [8] Undefined variable: category_id E:\wamp\www\xmcy\Application\Runtime\Cache\Home\37214a01e04274e0039680059f673b9e.php 第 97 行.
NOTIC: [8] Undefined variable: category_id E:\wamp\www\xmcy\Application\Runtime\Cache\Home\37214a01e04274e0039680059f673b9e.php 第 97 行.
NOTIC: [8] Undefined variable: category_id E:\wamp\www\xmcy\Application\Runtime\Cache\Home\37214a01e04274e0039680059f673b9e.php 第 107 行.
NOTIC: [8] Undefined variable: category_id E:\wamp\www\xmcy\Application\Runtime\Cache\Home\37214a01e04274e0039680059f673b9e.php 第 110 行.
NOTIC: [8] Undefined variable: category_id E:\wamp\www\xmcy\Application\Runtime\Cache\Home\37214a01e04274e0039680059f673b9e.php 第 110 行.
NOTIC: [8] Undefined variable: category_id E:\wamp\www\xmcy\Application\Runtime\Cache\Home\37214a01e04274e0039680059f673b9e.php 第 110 行.
NOTIC: [8] Undefined variable: category_id E:\wamp\www\xmcy\Application\Runtime\Cache\Home\37214a01e04274e0039680059f673b9e.php 第 110 行.
NOTIC: [8] Undefined variable: category_id E:\wamp\www\xmcy\Application\Runtime\Cache\Home\37214a01e04274e0039680059f673b9e.php 第 110 行.
INFO: Run Behavior\ParseTemplateBehavior [ RunTime:0.014302s ]
INFO: [ view_parse ] --END-- [ RunTime:0.014402s ]
INFO: [ view_filter ] --START--
INFO: Run Behavior\WriteHtmlCacheBehavior [ RunTime:0.000492s ]
INFO: [ view_filter ] --END-- [ RunTime:0.000567s ]
INFO: [ app_end ] --START--
INFO: Run Behavior\ShowPageTraceBehavior [ RunTime:0.000758s ]
INFO: [ app_end ] --END-- [ RunTime:0.000855s ]

[ 2018-03-20T14:13:03+08:00 ] ::1 /xmcy/public/home/css/bootstrap.min.css.map
INFO: [ app_init ] --START--
INFO: Run Behavior\BuildLiteBehavior [ RunTime:0.000026s ]
INFO: [ app_init ] --END-- [ RunTime:0.000541s ]
NOTIC: [8] Use of undefined constant 　　 - assumed '　　' E:\wamp\www\xmcy\Application\Home\Conf\tags.php 第 3 行.
NOTIC: [2] array_merge(): Argument #2 is not an array E:\wamp\www\xmcy\ThinkPHP\Library\Think\Hook.class.php 第 55 行.
INFO: [ app_begin ] --START--
INFO: Run Behavior\ReadHtmlCacheBehavior [ RunTime:0.000919s ]
INFO: Run Behavior\CheckLangBehavior [ RunTime:0.001242s ]
INFO: [ app_begin ] --END-- [ RunTime:0.002361s ]
ERR: 无法加载控制器:Public

