[ 2018-01-19T09:14:35+08:00 ] ::1 /xmcy/
INFO: [ app_init ] --START--
INFO: Run Behavior\BuildLiteBehavior [ RunTime:0.000056s ]
INFO: [ app_init ] --END-- [ RunTime:0.002101s ]
NOTIC: [8] Use of undefined constant 　　 - assumed '　　' E:\wamp\www\xmcy\Application\Home\Conf\tags.php 第 3 行.
NOTIC: [2] array_merge(): Argument #2 is not an array E:\wamp\www\xmcy\ThinkPHP\Library\Think\Hook.class.php 第 55 行.
INFO: [ app_begin ] --START--
INFO: Run Behavior\ReadHtmlCacheBehavior [ RunTime:0.002687s ]
INFO: Run Behavior\CheckLangBehavior [ RunTime:0.003144s ]
INFO: [ app_begin ] --END-- [ RunTime:0.006235s ]
SQL: SHOW COLUMNS FROM `ms_config` [ RunTime:0.0164s ]
SQL: SELECT * FROM `ms_config` WHERE `id` = 1 LIMIT 1   [ RunTime:0.0107s ]
SQL: SHOW COLUMNS FROM `ms_image` [ RunTime:0.0132s ]
SQL: SELECT * FROM `ms_image` WHERE `is_see` = 1  [ RunTime:0.0022s ]
SQL: SHOW COLUMNS FROM `ms_category` [ RunTime:0.0163s ]
SQL: SELECT * FROM `ms_category` WHERE ( category_id < 6 )  [ RunTime:0.0023s ]
SQL: SELECT * FROM `ms_category` WHERE ( category_id > 5 )  [ RunTime:0.0024s ]
SQL: SHOW COLUMNS FROM `ms_news` [ RunTime:0.0062s ]
SQL: SELECT COUNT(*) AS tp_count FROM `ms_news` ORDER BY addtime desc LIMIT 1   [ RunTime:0.0020s ]
SQL: SELECT * FROM `ms_news` ORDER BY addtime desc LIMIT 0,10   [ RunTime:0.0039s ]
INFO: [ view_parse ] --START--
INFO: [ template_filter ] --START--
INFO: Run Behavior\ContentReplaceBehavior [ RunTime:0.000147s ]
INFO: [ template_filter ] --END-- [ RunTime:0.000234s ]
NOTIC: [8] Undefined variable: result E:\wamp\www\xmcy\Application\Runtime\Cache\Home\2a94b8bda04ff446dcedd42276fc99ee.php 第 15 行.
NOTIC: [8] Undefined variable: category_id E:\wamp\www\xmcy\Application\Runtime\Cache\Home\2a94b8bda04ff446dcedd42276fc99ee.php 第 98 行.
NOTIC: [8] Undefined variable: category_id E:\wamp\www\xmcy\Application\Runtime\Cache\Home\2a94b8bda04ff446dcedd42276fc99ee.php 第 98 行.
NOTIC: [8] Undefined variable: category_id E:\wamp\www\xmcy\Application\Runtime\Cache\Home\2a94b8bda04ff446dcedd42276fc99ee.php 第 98 行.
NOTIC: [8] Undefined variable: category_id E:\wamp\www\xmcy\Application\Runtime\Cache\Home\2a94b8bda04ff446dcedd42276fc99ee.php 第 98 行.
NOTIC: [8] Undefined variable: category_id E:\wamp\www\xmcy\Application\Runtime\Cache\Home\2a94b8bda04ff446dcedd42276fc99ee.php 第 98 行.
NOTIC: [8] Undefined variable: category_id E:\wamp\www\xmcy\Application\Runtime\Cache\Home\2a94b8bda04ff446dcedd42276fc99ee.php 第 98 行.
NOTIC: [8] Undefined variable: category_id E:\wamp\www\xmcy\Application\Runtime\Cache\Home\2a94b8bda04ff446dcedd42276fc99ee.php 第 98 行.
NOTIC: [8] Undefined variable: category_id E:\wamp\www\xmcy\Application\Runtime\Cache\Home\2a94b8bda04ff446dcedd42276fc99ee.php 第 128 行.
NOTIC: [8] Undefined variable: category_id E:\wamp\www\xmcy\Application\Runtime\Cache\Home\2a94b8bda04ff446dcedd42276fc99ee.php 第 131 行.
NOTIC: [8] Undefined variable: category_id E:\wamp\www\xmcy\Application\Runtime\Cache\Home\2a94b8bda04ff446dcedd42276fc99ee.php 第 131 行.
NOTIC: [8] Undefined variable: category_id E:\wamp\www\xmcy\Application\Runtime\Cache\Home\2a94b8bda04ff446dcedd42276fc99ee.php 第 131 行.
NOTIC: [8] Undefined variable: category_id E:\wamp\www\xmcy\Application\Runtime\Cache\Home\2a94b8bda04ff446dcedd42276fc99ee.php 第 131 行.
NOTIC: [8] Undefined variable: category_id E:\wamp\www\xmcy\Application\Runtime\Cache\Home\2a94b8bda04ff446dcedd42276fc99ee.php 第 131 行.
INFO: Run Behavior\ParseTemplateBehavior [ RunTime:0.031942s ]
INFO: [ view_parse ] --END-- [ RunTime:0.032072s ]
INFO: [ view_filter ] --START--
INFO: Run Behavior\WriteHtmlCacheBehavior [ RunTime:0.008493s ]
INFO: [ view_filter ] --END-- [ RunTime:0.008588s ]
INFO: [ app_end ] --START--
INFO: Run Behavior\ShowPageTraceBehavior [ RunTime:0.009768s ]
INFO: [ app_end ] --END-- [ RunTime:0.009891s ]

[ 2018-01-19T09:14:41+08:00 ] ::1 /xmcy/assets/img/full-screen-image-1.jpg
INFO: [ app_init ] --START--
INFO: Run Behavior\BuildLiteBehavior [ RunTime:0.000029s ]
INFO: [ app_init ] --END-- [ RunTime:0.000791s ]
NOTIC: [8] Use of undefined constant 　　 - assumed '　　' E:\wamp\www\xmcy\Application\Home\Conf\tags.php 第 3 行.
NOTIC: [2] array_merge(): Argument #2 is not an array E:\wamp\www\xmcy\ThinkPHP\Library\Think\Hook.class.php 第 55 行.

[ 2018-01-19T09:14:43+08:00 ] ::1 /xmcy/assets/img/full-screen-image-3.jpg
INFO: [ app_init ] --START--
INFO: Run Behavior\BuildLiteBehavior [ RunTime:0.000021s ]
INFO: [ app_init ] --END-- [ RunTime:0.000495s ]
NOTIC: [8] Use of undefined constant 　　 - assumed '　　' E:\wamp\www\xmcy\Application\Home\Conf\tags.php 第 3 行.
NOTIC: [2] array_merge(): Argument #2 is not an array E:\wamp\www\xmcy\ThinkPHP\Library\Think\Hook.class.php 第 55 行.

[ 2018-01-19T16:21:09+08:00 ] ::1 /xmcy/assets/img/full-screen-image-3.jpg
INFO: [ app_init ] --START--
INFO: Run Behavior\BuildLiteBehavior [ RunTime:0.000024s ]
INFO: [ app_init ] --END-- [ RunTime:0.000699s ]
NOTIC: [8] Use of undefined constant 　　 - assumed '　　' E:\wamp\www\xmcy\Application\Home\Conf\tags.php 第 3 行.
NOTIC: [2] array_merge(): Argument #2 is not an array E:\wamp\www\xmcy\ThinkPHP\Library\Think\Hook.class.php 第 55 行.

