[ 2018-01-16T09:17:02+08:00 ] 127.0.0.1 /xmcy/
INFO: [ app_init ] --START--
INFO: Run Behavior\BuildLiteBehavior [ RunTime:0.000019s ]
INFO: [ app_init ] --END-- [ RunTime:0.000881s ]
NOTIC: [8] Use of undefined constant 　　 - assumed '　　' E:\wamp\www\xmcy\Application\Home\Conf\tags.php 第 3 行.
NOTIC: [2] array_merge(): Argument #2 is not an array E:\wamp\www\xmcy\ThinkPHP\Library\Think\Hook.class.php 第 55 行.
INFO: [ app_begin ] --START--
INFO: Run Behavior\ReadHtmlCacheBehavior [ RunTime:0.001040s ]
INFO: Run Behavior\CheckLangBehavior [ RunTime:0.001233s ]
INFO: [ app_begin ] --END-- [ RunTime:0.002401s ]
SQL: SHOW COLUMNS FROM `ms_config` [ RunTime:0.0527s ]
SQL: SELECT * FROM `ms_config` WHERE `id` = 1 LIMIT 1   [ RunTime:0.0022s ]
SQL: SHOW COLUMNS FROM `ms_image` [ RunTime:0.0216s ]
SQL: SELECT * FROM `ms_image` WHERE `is_see` = 1  [ RunTime:0.0011s ]
SQL: SHOW COLUMNS FROM `ms_category` [ RunTime:0.0357s ]
SQL: SELECT * FROM `ms_category` WHERE ( category_id < 6 )  [ RunTime:0.0012s ]
SQL: SELECT * FROM `ms_category` WHERE ( category_id > 5 )  [ RunTime:0.0011s ]
SQL: SHOW COLUMNS FROM `ms_news` [ RunTime:0.0161s ]
SQL: SELECT COUNT(*) AS tp_count FROM `ms_news` ORDER BY addtime desc LIMIT 1   [ RunTime:0.0016s ]
SQL: SELECT * FROM `ms_news` ORDER BY addtime desc LIMIT 0,10   [ RunTime:0.0027s ]
INFO: [ view_parse ] --START--
INFO: [ template_filter ] --START--
INFO: Run Behavior\ContentReplaceBehavior [ RunTime:0.007041s ]
INFO: [ template_filter ] --END-- [ RunTime:0.007146s ]
NOTIC: [8] Undefined variable: result E:\wamp\www\xmcy\Application\Runtime\Cache\Home\2a94b8bda04ff446dcedd42276fc99ee.php 第 15 行.
NOTIC: [8] Undefined variable: category_id E:\wamp\www\xmcy\Application\Runtime\Cache\Home\2a94b8bda04ff446dcedd42276fc99ee.php 第 96 行.
NOTIC: [8] Undefined variable: category_id E:\wamp\www\xmcy\Application\Runtime\Cache\Home\2a94b8bda04ff446dcedd42276fc99ee.php 第 96 行.
NOTIC: [8] Undefined variable: category_id E:\wamp\www\xmcy\Application\Runtime\Cache\Home\2a94b8bda04ff446dcedd42276fc99ee.php 第 96 行.
NOTIC: [8] Undefined variable: category_id E:\wamp\www\xmcy\Application\Runtime\Cache\Home\2a94b8bda04ff446dcedd42276fc99ee.php 第 96 行.
NOTIC: [8] Undefined variable: category_id E:\wamp\www\xmcy\Application\Runtime\Cache\Home\2a94b8bda04ff446dcedd42276fc99ee.php 第 96 行.
NOTIC: [8] Undefined variable: category_id E:\wamp\www\xmcy\Application\Runtime\Cache\Home\2a94b8bda04ff446dcedd42276fc99ee.php 第 96 行.
NOTIC: [8] Undefined variable: category_id E:\wamp\www\xmcy\Application\Runtime\Cache\Home\2a94b8bda04ff446dcedd42276fc99ee.php 第 96 行.
NOTIC: [8] Undefined variable: category_id E:\wamp\www\xmcy\Application\Runtime\Cache\Home\2a94b8bda04ff446dcedd42276fc99ee.php 第 126 行.
NOTIC: [8] Undefined variable: category_id E:\wamp\www\xmcy\Application\Runtime\Cache\Home\2a94b8bda04ff446dcedd42276fc99ee.php 第 129 行.
NOTIC: [8] Undefined variable: category_id E:\wamp\www\xmcy\Application\Runtime\Cache\Home\2a94b8bda04ff446dcedd42276fc99ee.php 第 129 行.
NOTIC: [8] Undefined variable: category_id E:\wamp\www\xmcy\Application\Runtime\Cache\Home\2a94b8bda04ff446dcedd42276fc99ee.php 第 129 行.
NOTIC: [8] Undefined variable: category_id E:\wamp\www\xmcy\Application\Runtime\Cache\Home\2a94b8bda04ff446dcedd42276fc99ee.php 第 129 行.
NOTIC: [8] Undefined variable: category_id E:\wamp\www\xmcy\Application\Runtime\Cache\Home\2a94b8bda04ff446dcedd42276fc99ee.php 第 129 行.
INFO: Run Behavior\ParseTemplateBehavior [ RunTime:0.043693s ]
INFO: [ view_parse ] --END-- [ RunTime:0.043850s ]
INFO: [ view_filter ] --START--
INFO: Run Behavior\WriteHtmlCacheBehavior [ RunTime:0.012096s ]
INFO: [ view_filter ] --END-- [ RunTime:0.012184s ]
INFO: [ app_end ] --START--
INFO: Run Behavior\ShowPageTraceBehavior [ RunTime:0.015062s ]
INFO: [ app_end ] --END-- [ RunTime:0.015176s ]

[ 2018-01-16T09:22:02+08:00 ] 127.0.0.1 /xmcy/
INFO: [ app_init ] --START--
INFO: Run Behavior\BuildLiteBehavior [ RunTime:0.000015s ]
INFO: [ app_init ] --END-- [ RunTime:0.000452s ]
NOTIC: [8] Use of undefined constant 　　 - assumed '　　' E:\wamp\www\xmcy\Application\Home\Conf\tags.php 第 3 行.
NOTIC: [2] array_merge(): Argument #2 is not an array E:\wamp\www\xmcy\ThinkPHP\Library\Think\Hook.class.php 第 55 行.
INFO: [ app_begin ] --START--
INFO: Run Behavior\ReadHtmlCacheBehavior [ RunTime:0.000698s ]
INFO: Run Behavior\CheckLangBehavior [ RunTime:0.000789s ]
INFO: [ app_begin ] --END-- [ RunTime:0.001589s ]
SQL: SHOW COLUMNS FROM `ms_config` [ RunTime:0.0023s ]
SQL: SELECT * FROM `ms_config` WHERE `id` = 1 LIMIT 1   [ RunTime:0.0008s ]
SQL: SHOW COLUMNS FROM `ms_image` [ RunTime:0.0018s ]
SQL: SELECT * FROM `ms_image` WHERE `is_see` = 1  [ RunTime:0.0006s ]
SQL: SHOW COLUMNS FROM `ms_category` [ RunTime:0.0011s ]
SQL: SELECT * FROM `ms_category` WHERE ( category_id < 6 )  [ RunTime:0.0007s ]
SQL: SELECT * FROM `ms_category` WHERE ( category_id > 5 )  [ RunTime:0.0006s ]
SQL: SHOW COLUMNS FROM `ms_news` [ RunTime:0.0018s ]
SQL: SELECT COUNT(*) AS tp_count FROM `ms_news` ORDER BY addtime desc LIMIT 1   [ RunTime:0.0006s ]
SQL: SELECT * FROM `ms_news` ORDER BY addtime desc LIMIT 0,10   [ RunTime:0.0019s ]
INFO: [ view_parse ] --START--
INFO: [ template_filter ] --START--
INFO: Run Behavior\ContentReplaceBehavior [ RunTime:0.000111s ]
INFO: [ template_filter ] --END-- [ RunTime:0.000177s ]
NOTIC: [8] Undefined variable: result E:\wamp\www\xmcy\Application\Runtime\Cache\Home\2a94b8bda04ff446dcedd42276fc99ee.php 第 15 行.
NOTIC: [8] Undefined variable: category_id E:\wamp\www\xmcy\Application\Runtime\Cache\Home\2a94b8bda04ff446dcedd42276fc99ee.php 第 96 行.
NOTIC: [8] Undefined variable: category_id E:\wamp\www\xmcy\Application\Runtime\Cache\Home\2a94b8bda04ff446dcedd42276fc99ee.php 第 96 行.
NOTIC: [8] Undefined variable: category_id E:\wamp\www\xmcy\Application\Runtime\Cache\Home\2a94b8bda04ff446dcedd42276fc99ee.php 第 96 行.
NOTIC: [8] Undefined variable: category_id E:\wamp\www\xmcy\Application\Runtime\Cache\Home\2a94b8bda04ff446dcedd42276fc99ee.php 第 96 行.
NOTIC: [8] Undefined variable: category_id E:\wamp\www\xmcy\Application\Runtime\Cache\Home\2a94b8bda04ff446dcedd42276fc99ee.php 第 96 行.
NOTIC: [8] Undefined variable: category_id E:\wamp\www\xmcy\Application\Runtime\Cache\Home\2a94b8bda04ff446dcedd42276fc99ee.php 第 96 行.
NOTIC: [8] Undefined variable: category_id E:\wamp\www\xmcy\Application\Runtime\Cache\Home\2a94b8bda04ff446dcedd42276fc99ee.php 第 96 行.
NOTIC: [8] Undefined variable: category_id E:\wamp\www\xmcy\Application\Runtime\Cache\Home\2a94b8bda04ff446dcedd42276fc99ee.php 第 126 行.
NOTIC: [8] Undefined variable: category_id E:\wamp\www\xmcy\Application\Runtime\Cache\Home\2a94b8bda04ff446dcedd42276fc99ee.php 第 129 行.
NOTIC: [8] Undefined variable: category_id E:\wamp\www\xmcy\Application\Runtime\Cache\Home\2a94b8bda04ff446dcedd42276fc99ee.php 第 129 行.
NOTIC: [8] Undefined variable: category_id E:\wamp\www\xmcy\Application\Runtime\Cache\Home\2a94b8bda04ff446dcedd42276fc99ee.php 第 129 行.
NOTIC: [8] Undefined variable: category_id E:\wamp\www\xmcy\Application\Runtime\Cache\Home\2a94b8bda04ff446dcedd42276fc99ee.php 第 129 行.
NOTIC: [8] Undefined variable: category_id E:\wamp\www\xmcy\Application\Runtime\Cache\Home\2a94b8bda04ff446dcedd42276fc99ee.php 第 129 行.
INFO: Run Behavior\ParseTemplateBehavior [ RunTime:0.015513s ]
INFO: [ view_parse ] --END-- [ RunTime:0.015580s ]
INFO: [ view_filter ] --START--
INFO: Run Behavior\WriteHtmlCacheBehavior [ RunTime:0.000553s ]
INFO: [ view_filter ] --END-- [ RunTime:0.000610s ]
INFO: [ app_end ] --START--
INFO: Run Behavior\ShowPageTraceBehavior [ RunTime:0.000924s ]
INFO: [ app_end ] --END-- [ RunTime:0.000995s ]

[ 2018-01-16T11:16:33+08:00 ] 127.0.0.1 /xmcy/index.php/Index/linkus.html
INFO: [ app_init ] --START--
INFO: Run Behavior\BuildLiteBehavior [ RunTime:0.000018s ]
INFO: [ app_init ] --END-- [ RunTime:0.000503s ]
NOTIC: [8] Use of undefined constant 　　 - assumed '　　' E:\wamp\www\xmcy\Application\Home\Conf\tags.php 第 3 行.
NOTIC: [2] array_merge(): Argument #2 is not an array E:\wamp\www\xmcy\ThinkPHP\Library\Think\Hook.class.php 第 55 行.
INFO: [ app_begin ] --START--
INFO: Run Behavior\ReadHtmlCacheBehavior [ RunTime:0.000846s ]
INFO: Run Behavior\CheckLangBehavior [ RunTime:0.001578s ]
INFO: [ app_begin ] --END-- [ RunTime:0.002620s ]
SQL: SHOW COLUMNS FROM `ms_config` [ RunTime:0.0018s ]
SQL: SELECT * FROM `ms_config` WHERE `id` = 1 LIMIT 1   [ RunTime:0.0005s ]
SQL: SHOW COLUMNS FROM `ms_image` [ RunTime:0.0021s ]
SQL: SELECT * FROM `ms_image` WHERE `is_see` = 1  [ RunTime:0.0005s ]
SQL: SHOW COLUMNS FROM `ms_category` [ RunTime:0.0008s ]
SQL: SELECT * FROM `ms_category` WHERE ( category_id < 6 )  [ RunTime:0.0004s ]
SQL: SELECT * FROM `ms_category` WHERE ( category_id > 5 )  [ RunTime:0.0003s ]
SQL: SELECT `linkus` FROM `ms_config` WHERE `id` = 1 LIMIT 1   [ RunTime:0.0003s ]
INFO: [ view_parse ] --START--
INFO: [ template_filter ] --START--
INFO: Run Behavior\ContentReplaceBehavior [ RunTime:0.000059s ]
INFO: [ template_filter ] --END-- [ RunTime:0.000126s ]
NOTIC: [8] Undefined variable: category_id E:\wamp\www\xmcy\Application\Runtime\Cache\Home\449c516862d523e95e0d9802a1a3eb7e.php 第 95 行.
NOTIC: [8] Undefined variable: category_id E:\wamp\www\xmcy\Application\Runtime\Cache\Home\449c516862d523e95e0d9802a1a3eb7e.php 第 95 行.
NOTIC: [8] Undefined variable: category_id E:\wamp\www\xmcy\Application\Runtime\Cache\Home\449c516862d523e95e0d9802a1a3eb7e.php 第 95 行.
NOTIC: [8] Undefined variable: category_id E:\wamp\www\xmcy\Application\Runtime\Cache\Home\449c516862d523e95e0d9802a1a3eb7e.php 第 95 行.
NOTIC: [8] Undefined variable: category_id E:\wamp\www\xmcy\Application\Runtime\Cache\Home\449c516862d523e95e0d9802a1a3eb7e.php 第 95 行.
NOTIC: [8] Undefined variable: category_id E:\wamp\www\xmcy\Application\Runtime\Cache\Home\449c516862d523e95e0d9802a1a3eb7e.php 第 95 行.
NOTIC: [8] Undefined variable: category_id E:\wamp\www\xmcy\Application\Runtime\Cache\Home\449c516862d523e95e0d9802a1a3eb7e.php 第 95 行.
NOTIC: [8] Undefined variable: category_id E:\wamp\www\xmcy\Application\Runtime\Cache\Home\449c516862d523e95e0d9802a1a3eb7e.php 第 108 行.
NOTIC: [8] Undefined variable: category_id E:\wamp\www\xmcy\Application\Runtime\Cache\Home\449c516862d523e95e0d9802a1a3eb7e.php 第 108 行.
NOTIC: [8] Undefined variable: category_id E:\wamp\www\xmcy\Application\Runtime\Cache\Home\449c516862d523e95e0d9802a1a3eb7e.php 第 108 行.
NOTIC: [8] Undefined variable: category_id E:\wamp\www\xmcy\Application\Runtime\Cache\Home\449c516862d523e95e0d9802a1a3eb7e.php 第 108 行.
NOTIC: [8] Undefined variable: category_id E:\wamp\www\xmcy\Application\Runtime\Cache\Home\449c516862d523e95e0d9802a1a3eb7e.php 第 108 行.
INFO: Run Behavior\ParseTemplateBehavior [ RunTime:0.023849s ]
INFO: [ view_parse ] --END-- [ RunTime:0.023916s ]
INFO: [ view_filter ] --START--
INFO: Run Behavior\WriteHtmlCacheBehavior [ RunTime:0.000530s ]
INFO: [ view_filter ] --END-- [ RunTime:0.000588s ]
INFO: [ app_end ] --START--
INFO: Run Behavior\ShowPageTraceBehavior [ RunTime:0.000722s ]
INFO: [ app_end ] --END-- [ RunTime:0.000790s ]

[ 2018-01-16T11:16:34+08:00 ] 127.0.0.1 /xmcy/index.php/Index/index/category_id/5.html
INFO: [ app_init ] --START--
INFO: Run Behavior\BuildLiteBehavior [ RunTime:0.000023s ]
INFO: [ app_init ] --END-- [ RunTime:0.000616s ]
NOTIC: [8] Use of undefined constant 　　 - assumed '　　' E:\wamp\www\xmcy\Application\Home\Conf\tags.php 第 3 行.
NOTIC: [2] array_merge(): Argument #2 is not an array E:\wamp\www\xmcy\ThinkPHP\Library\Think\Hook.class.php 第 55 行.
INFO: [ app_begin ] --START--
INFO: Run Behavior\ReadHtmlCacheBehavior [ RunTime:0.000642s ]
INFO: Run Behavior\CheckLangBehavior [ RunTime:0.000711s ]
INFO: [ app_begin ] --END-- [ RunTime:0.001468s ]
SQL: SHOW COLUMNS FROM `ms_config` [ RunTime:0.0016s ]
SQL: SELECT * FROM `ms_config` WHERE `id` = 1 LIMIT 1   [ RunTime:0.0004s ]
SQL: SHOW COLUMNS FROM `ms_image` [ RunTime:0.0022s ]
SQL: SELECT * FROM `ms_image` WHERE `is_see` = 1  [ RunTime:0.0004s ]
SQL: SHOW COLUMNS FROM `ms_category` [ RunTime:0.0008s ]
SQL: SELECT * FROM `ms_category` WHERE ( category_id < 6 )  [ RunTime:0.0004s ]
SQL: SELECT * FROM `ms_category` WHERE ( category_id > 5 )  [ RunTime:0.0003s ]
SQL: SHOW COLUMNS FROM `ms_news` [ RunTime:0.0014s ]
SQL: SELECT COUNT(*) AS tp_count FROM `ms_news` WHERE `category_id` = 5 ORDER BY addtime desc LIMIT 1   [ RunTime:0.0006s ]
SQL: SELECT * FROM `ms_news` WHERE `category_id` = 5 ORDER BY addtime desc LIMIT 0,10   [ RunTime:0.0004s ]
INFO: [ view_parse ] --START--
INFO: [ template_filter ] --START--
INFO: Run Behavior\ContentReplaceBehavior [ RunTime:0.000113s ]
INFO: [ template_filter ] --END-- [ RunTime:0.000182s ]
NOTIC: [8] Undefined variable: result E:\wamp\www\xmcy\Application\Runtime\Cache\Home\2a94b8bda04ff446dcedd42276fc99ee.php 第 15 行.
INFO: Run Behavior\ParseTemplateBehavior [ RunTime:0.014373s ]
INFO: [ view_parse ] --END-- [ RunTime:0.014444s ]
INFO: [ view_filter ] --START--
INFO: Run Behavior\WriteHtmlCacheBehavior [ RunTime:0.000648s ]
INFO: [ view_filter ] --END-- [ RunTime:0.000714s ]
INFO: [ app_end ] --START--
INFO: Run Behavior\ShowPageTraceBehavior [ RunTime:0.000823s ]
INFO: [ app_end ] --END-- [ RunTime:0.000907s ]

[ 2018-01-16T11:16:39+08:00 ] 127.0.0.1 /xmcy/index.php/Index/index/category_id/4.html
INFO: [ app_init ] --START--
INFO: Run Behavior\BuildLiteBehavior [ RunTime:0.000016s ]
INFO: [ app_init ] --END-- [ RunTime:0.000422s ]
NOTIC: [8] Use of undefined constant 　　 - assumed '　　' E:\wamp\www\xmcy\Application\Home\Conf\tags.php 第 3 行.
NOTIC: [2] array_merge(): Argument #2 is not an array E:\wamp\www\xmcy\ThinkPHP\Library\Think\Hook.class.php 第 55 行.
INFO: [ app_begin ] --START--
INFO: Run Behavior\ReadHtmlCacheBehavior [ RunTime:0.000794s ]
INFO: Run Behavior\CheckLangBehavior [ RunTime:0.000761s ]
INFO: [ app_begin ] --END-- [ RunTime:0.001670s ]
SQL: SHOW COLUMNS FROM `ms_config` [ RunTime:0.0021s ]
SQL: SELECT * FROM `ms_config` WHERE `id` = 1 LIMIT 1   [ RunTime:0.0004s ]
SQL: SHOW COLUMNS FROM `ms_image` [ RunTime:0.0019s ]
SQL: SELECT * FROM `ms_image` WHERE `is_see` = 1  [ RunTime:0.0004s ]
SQL: SHOW COLUMNS FROM `ms_category` [ RunTime:0.0008s ]
SQL: SELECT * FROM `ms_category` WHERE ( category_id < 6 )  [ RunTime:0.0004s ]
SQL: SELECT * FROM `ms_category` WHERE ( category_id > 5 )  [ RunTime:0.0003s ]
SQL: SHOW COLUMNS FROM `ms_news` [ RunTime:0.0014s ]
SQL: SELECT COUNT(*) AS tp_count FROM `ms_news` WHERE `category_id` = 4 ORDER BY addtime desc LIMIT 1   [ RunTime:0.0003s ]
SQL: SELECT * FROM `ms_news` WHERE `category_id` = 4 ORDER BY addtime desc LIMIT 0,10   [ RunTime:0.0004s ]
INFO: [ view_parse ] --START--
INFO: [ template_filter ] --START--
INFO: Run Behavior\ContentReplaceBehavior [ RunTime:0.000109s ]
INFO: [ template_filter ] --END-- [ RunTime:0.000175s ]
NOTIC: [8] Undefined variable: result E:\wamp\www\xmcy\Application\Runtime\Cache\Home\2a94b8bda04ff446dcedd42276fc99ee.php 第 15 行.
INFO: Run Behavior\ParseTemplateBehavior [ RunTime:0.014573s ]
INFO: [ view_parse ] --END-- [ RunTime:0.014663s ]
INFO: [ view_filter ] --START--
INFO: Run Behavior\WriteHtmlCacheBehavior [ RunTime:0.000730s ]
INFO: [ view_filter ] --END-- [ RunTime:0.000821s ]
INFO: [ app_end ] --START--
INFO: Run Behavior\ShowPageTraceBehavior [ RunTime:0.001299s ]
INFO: [ app_end ] --END-- [ RunTime:0.001531s ]

[ 2018-01-16T11:16:40+08:00 ] 127.0.0.1 /xmcy/index.php/Index/index/category_id/3.html
INFO: [ app_init ] --START--
INFO: Run Behavior\BuildLiteBehavior [ RunTime:0.000017s ]
INFO: [ app_init ] --END-- [ RunTime:0.000434s ]
NOTIC: [8] Use of undefined constant 　　 - assumed '　　' E:\wamp\www\xmcy\Application\Home\Conf\tags.php 第 3 行.
NOTIC: [2] array_merge(): Argument #2 is not an array E:\wamp\www\xmcy\ThinkPHP\Library\Think\Hook.class.php 第 55 行.
INFO: [ app_begin ] --START--
INFO: Run Behavior\ReadHtmlCacheBehavior [ RunTime:0.000596s ]
INFO: Run Behavior\CheckLangBehavior [ RunTime:0.000708s ]
INFO: [ app_begin ] --END-- [ RunTime:0.001411s ]
SQL: SHOW COLUMNS FROM `ms_config` [ RunTime:0.0022s ]
SQL: SELECT * FROM `ms_config` WHERE `id` = 1 LIMIT 1   [ RunTime:0.0004s ]
SQL: SHOW COLUMNS FROM `ms_image` [ RunTime:0.0015s ]
SQL: SELECT * FROM `ms_image` WHERE `is_see` = 1  [ RunTime:0.0004s ]
SQL: SHOW COLUMNS FROM `ms_category` [ RunTime:0.0009s ]
SQL: SELECT * FROM `ms_category` WHERE ( category_id < 6 )  [ RunTime:0.0004s ]
SQL: SELECT * FROM `ms_category` WHERE ( category_id > 5 )  [ RunTime:0.0003s ]
SQL: SHOW COLUMNS FROM `ms_news` [ RunTime:0.0017s ]
SQL: SELECT COUNT(*) AS tp_count FROM `ms_news` WHERE `category_id` = 3 ORDER BY addtime desc LIMIT 1   [ RunTime:0.0005s ]
SQL: SELECT * FROM `ms_news` WHERE `category_id` = 3 ORDER BY addtime desc LIMIT 0,10   [ RunTime:0.0004s ]
INFO: [ view_parse ] --START--
INFO: [ template_filter ] --START--
INFO: Run Behavior\ContentReplaceBehavior [ RunTime:0.000140s ]
INFO: [ template_filter ] --END-- [ RunTime:0.000252s ]
NOTIC: [8] Undefined variable: result E:\wamp\www\xmcy\Application\Runtime\Cache\Home\2a94b8bda04ff446dcedd42276fc99ee.php 第 15 行.
INFO: Run Behavior\ParseTemplateBehavior [ RunTime:0.018249s ]
INFO: [ view_parse ] --END-- [ RunTime:0.018350s ]
INFO: [ view_filter ] --START--
INFO: Run Behavior\WriteHtmlCacheBehavior [ RunTime:0.000774s ]
INFO: [ view_filter ] --END-- [ RunTime:0.000868s ]
INFO: [ app_end ] --START--
INFO: Run Behavior\ShowPageTraceBehavior [ RunTime:0.000819s ]
INFO: [ app_end ] --END-- [ RunTime:0.000921s ]

[ 2018-01-16T11:16:41+08:00 ] 127.0.0.1 /xmcy/index.php/Index/index/category_id/2.html
INFO: [ app_init ] --START--
INFO: Run Behavior\BuildLiteBehavior [ RunTime:0.000015s ]
INFO: [ app_init ] --END-- [ RunTime:0.000477s ]
NOTIC: [8] Use of undefined constant 　　 - assumed '　　' E:\wamp\www\xmcy\Application\Home\Conf\tags.php 第 3 行.
NOTIC: [2] array_merge(): Argument #2 is not an array E:\wamp\www\xmcy\ThinkPHP\Library\Think\Hook.class.php 第 55 行.
INFO: [ app_begin ] --START--
INFO: Run Behavior\ReadHtmlCacheBehavior [ RunTime:0.000733s ]
INFO: Run Behavior\CheckLangBehavior [ RunTime:0.000803s ]
INFO: [ app_begin ] --END-- [ RunTime:0.001667s ]
SQL: SHOW COLUMNS FROM `ms_config` [ RunTime:0.0015s ]
SQL: SELECT * FROM `ms_config` WHERE `id` = 1 LIMIT 1   [ RunTime:0.0004s ]
SQL: SHOW COLUMNS FROM `ms_image` [ RunTime:0.0016s ]
SQL: SELECT * FROM `ms_image` WHERE `is_see` = 1  [ RunTime:0.0005s ]
SQL: SHOW COLUMNS FROM `ms_category` [ RunTime:0.0009s ]
SQL: SELECT * FROM `ms_category` WHERE ( category_id < 6 )  [ RunTime:0.0003s ]
SQL: SELECT * FROM `ms_category` WHERE ( category_id > 5 )  [ RunTime:0.0003s ]
SQL: SHOW COLUMNS FROM `ms_news` [ RunTime:0.0016s ]
SQL: SELECT COUNT(*) AS tp_count FROM `ms_news` WHERE `category_id` = 2 ORDER BY addtime desc LIMIT 1   [ RunTime:0.0003s ]
SQL: SELECT * FROM `ms_news` WHERE `category_id` = 2 ORDER BY addtime desc LIMIT 0,10   [ RunTime:0.0005s ]
INFO: [ view_parse ] --START--
INFO: [ template_filter ] --START--
INFO: Run Behavior\ContentReplaceBehavior [ RunTime:0.000110s ]
INFO: [ template_filter ] --END-- [ RunTime:0.000176s ]
NOTIC: [8] Undefined variable: result E:\wamp\www\xmcy\Application\Runtime\Cache\Home\2a94b8bda04ff446dcedd42276fc99ee.php 第 15 行.
INFO: Run Behavior\ParseTemplateBehavior [ RunTime:0.014534s ]
INFO: [ view_parse ] --END-- [ RunTime:0.014610s ]
INFO: [ view_filter ] --START--
INFO: Run Behavior\WriteHtmlCacheBehavior [ RunTime:0.000590s ]
INFO: [ view_filter ] --END-- [ RunTime:0.000660s ]
INFO: [ app_end ] --START--
INFO: Run Behavior\ShowPageTraceBehavior [ RunTime:0.000755s ]
INFO: [ app_end ] --END-- [ RunTime:0.000833s ]

[ 2018-01-16T11:16:41+08:00 ] 127.0.0.1 /xmcy/index.php/Index/index/category_id/1.html
INFO: [ app_init ] --START--
INFO: Run Behavior\BuildLiteBehavior [ RunTime:0.000015s ]
INFO: [ app_init ] --END-- [ RunTime:0.000477s ]
NOTIC: [8] Use of undefined constant 　　 - assumed '　　' E:\wamp\www\xmcy\Application\Home\Conf\tags.php 第 3 行.
NOTIC: [2] array_merge(): Argument #2 is not an array E:\wamp\www\xmcy\ThinkPHP\Library\Think\Hook.class.php 第 55 行.
INFO: [ app_begin ] --START--
INFO: Run Behavior\ReadHtmlCacheBehavior [ RunTime:0.000601s ]
INFO: Run Behavior\CheckLangBehavior [ RunTime:0.000723s ]
INFO: [ app_begin ] --END-- [ RunTime:0.001441s ]
SQL: SHOW COLUMNS FROM `ms_config` [ RunTime:0.0015s ]
SQL: SELECT * FROM `ms_config` WHERE `id` = 1 LIMIT 1   [ RunTime:0.0007s ]
SQL: SHOW COLUMNS FROM `ms_image` [ RunTime:0.0016s ]
SQL: SELECT * FROM `ms_image` WHERE `is_see` = 1  [ RunTime:0.0003s ]
SQL: SHOW COLUMNS FROM `ms_category` [ RunTime:0.0008s ]
SQL: SELECT * FROM `ms_category` WHERE ( category_id < 6 )  [ RunTime:0.0003s ]
SQL: SELECT * FROM `ms_category` WHERE ( category_id > 5 )  [ RunTime:0.0005s ]
SQL: SHOW COLUMNS FROM `ms_news` [ RunTime:0.0015s ]
SQL: SELECT COUNT(*) AS tp_count FROM `ms_news` WHERE `category_id` = 1 ORDER BY addtime desc LIMIT 1   [ RunTime:0.0003s ]
SQL: SELECT * FROM `ms_news` WHERE `category_id` = 1 ORDER BY addtime desc LIMIT 0,10   [ RunTime:0.0009s ]
INFO: [ view_parse ] --START--
INFO: [ template_filter ] --START--
INFO: Run Behavior\ContentReplaceBehavior [ RunTime:0.000109s ]
INFO: [ template_filter ] --END-- [ RunTime:0.000174s ]
NOTIC: [8] Undefined variable: result E:\wamp\www\xmcy\Application\Runtime\Cache\Home\2a94b8bda04ff446dcedd42276fc99ee.php 第 15 行.
INFO: Run Behavior\ParseTemplateBehavior [ RunTime:0.014845s ]
INFO: [ view_parse ] --END-- [ RunTime:0.014935s ]
INFO: [ view_filter ] --START--
INFO: Run Behavior\WriteHtmlCacheBehavior [ RunTime:0.000602s ]
INFO: [ view_filter ] --END-- [ RunTime:0.000684s ]
INFO: [ app_end ] --START--
INFO: Run Behavior\ShowPageTraceBehavior [ RunTime:0.000765s ]
INFO: [ app_end ] --END-- [ RunTime:0.000850s ]

[ 2018-01-16T11:16:42+08:00 ] 127.0.0.1 /xmcy/
INFO: [ app_init ] --START--
INFO: Run Behavior\BuildLiteBehavior [ RunTime:0.000015s ]
INFO: [ app_init ] --END-- [ RunTime:0.000469s ]
NOTIC: [8] Use of undefined constant 　　 - assumed '　　' E:\wamp\www\xmcy\Application\Home\Conf\tags.php 第 3 行.
NOTIC: [2] array_merge(): Argument #2 is not an array E:\wamp\www\xmcy\ThinkPHP\Library\Think\Hook.class.php 第 55 行.
INFO: [ app_begin ] --START--
INFO: Run Behavior\ReadHtmlCacheBehavior [ RunTime:0.000641s ]
INFO: Run Behavior\CheckLangBehavior [ RunTime:0.000757s ]
INFO: [ app_begin ] --END-- [ RunTime:0.001502s ]
SQL: SHOW COLUMNS FROM `ms_config` [ RunTime:0.0021s ]
SQL: SELECT * FROM `ms_config` WHERE `id` = 1 LIMIT 1   [ RunTime:0.0004s ]
SQL: SHOW COLUMNS FROM `ms_image` [ RunTime:0.0015s ]
SQL: SELECT * FROM `ms_image` WHERE `is_see` = 1  [ RunTime:0.0003s ]
SQL: SHOW COLUMNS FROM `ms_category` [ RunTime:0.0008s ]
SQL: SELECT * FROM `ms_category` WHERE ( category_id < 6 )  [ RunTime:0.0003s ]
SQL: SELECT * FROM `ms_category` WHERE ( category_id > 5 )  [ RunTime:0.0003s ]
SQL: SHOW COLUMNS FROM `ms_news` [ RunTime:0.0014s ]
SQL: SELECT COUNT(*) AS tp_count FROM `ms_news` ORDER BY addtime desc LIMIT 1   [ RunTime:0.0003s ]
SQL: SELECT * FROM `ms_news` ORDER BY addtime desc LIMIT 0,10   [ RunTime:0.0008s ]
INFO: [ view_parse ] --START--
INFO: [ template_filter ] --START--
INFO: Run Behavior\ContentReplaceBehavior [ RunTime:0.000109s ]
INFO: [ template_filter ] --END-- [ RunTime:0.000173s ]
NOTIC: [8] Undefined variable: result E:\wamp\www\xmcy\Application\Runtime\Cache\Home\2a94b8bda04ff446dcedd42276fc99ee.php 第 15 行.
NOTIC: [8] Undefined variable: category_id E:\wamp\www\xmcy\Application\Runtime\Cache\Home\2a94b8bda04ff446dcedd42276fc99ee.php 第 96 行.
NOTIC: [8] Undefined variable: category_id E:\wamp\www\xmcy\Application\Runtime\Cache\Home\2a94b8bda04ff446dcedd42276fc99ee.php 第 96 行.
NOTIC: [8] Undefined variable: category_id E:\wamp\www\xmcy\Application\Runtime\Cache\Home\2a94b8bda04ff446dcedd42276fc99ee.php 第 96 行.
NOTIC: [8] Undefined variable: category_id E:\wamp\www\xmcy\Application\Runtime\Cache\Home\2a94b8bda04ff446dcedd42276fc99ee.php 第 96 行.
NOTIC: [8] Undefined variable: category_id E:\wamp\www\xmcy\Application\Runtime\Cache\Home\2a94b8bda04ff446dcedd42276fc99ee.php 第 96 行.
NOTIC: [8] Undefined variable: category_id E:\wamp\www\xmcy\Application\Runtime\Cache\Home\2a94b8bda04ff446dcedd42276fc99ee.php 第 96 行.
NOTIC: [8] Undefined variable: category_id E:\wamp\www\xmcy\Application\Runtime\Cache\Home\2a94b8bda04ff446dcedd42276fc99ee.php 第 96 行.
NOTIC: [8] Undefined variable: category_id E:\wamp\www\xmcy\Application\Runtime\Cache\Home\2a94b8bda04ff446dcedd42276fc99ee.php 第 126 行.
NOTIC: [8] Undefined variable: category_id E:\wamp\www\xmcy\Application\Runtime\Cache\Home\2a94b8bda04ff446dcedd42276fc99ee.php 第 129 行.
NOTIC: [8] Undefined variable: category_id E:\wamp\www\xmcy\Application\Runtime\Cache\Home\2a94b8bda04ff446dcedd42276fc99ee.php 第 129 行.
NOTIC: [8] Undefined variable: category_id E:\wamp\www\xmcy\Application\Runtime\Cache\Home\2a94b8bda04ff446dcedd42276fc99ee.php 第 129 行.
NOTIC: [8] Undefined variable: category_id E:\wamp\www\xmcy\Application\Runtime\Cache\Home\2a94b8bda04ff446dcedd42276fc99ee.php 第 129 行.
NOTIC: [8] Undefined variable: category_id E:\wamp\www\xmcy\Application\Runtime\Cache\Home\2a94b8bda04ff446dcedd42276fc99ee.php 第 129 行.
INFO: Run Behavior\ParseTemplateBehavior [ RunTime:0.015451s ]
INFO: [ view_parse ] --END-- [ RunTime:0.015539s ]
INFO: [ view_filter ] --START--
INFO: Run Behavior\WriteHtmlCacheBehavior [ RunTime:0.000632s ]
INFO: [ view_filter ] --END-- [ RunTime:0.000708s ]
INFO: [ app_end ] --START--
INFO: Run Behavior\ShowPageTraceBehavior [ RunTime:0.000782s ]
INFO: [ app_end ] --END-- [ RunTime:0.000861s ]

[ 2018-01-16T11:16:43+08:00 ] 127.0.0.1 /xmcy/index.php/Index/index/category_id/8.html
INFO: [ app_init ] --START--
INFO: Run Behavior\BuildLiteBehavior [ RunTime:0.000024s ]
INFO: [ app_init ] --END-- [ RunTime:0.000487s ]
NOTIC: [8] Use of undefined constant 　　 - assumed '　　' E:\wamp\www\xmcy\Application\Home\Conf\tags.php 第 3 行.
NOTIC: [2] array_merge(): Argument #2 is not an array E:\wamp\www\xmcy\ThinkPHP\Library\Think\Hook.class.php 第 55 行.
INFO: [ app_begin ] --START--
INFO: Run Behavior\ReadHtmlCacheBehavior [ RunTime:0.000606s ]
INFO: Run Behavior\CheckLangBehavior [ RunTime:0.000707s ]
INFO: [ app_begin ] --END-- [ RunTime:0.001417s ]
SQL: SHOW COLUMNS FROM `ms_config` [ RunTime:0.0015s ]
SQL: SELECT * FROM `ms_config` WHERE `id` = 1 LIMIT 1   [ RunTime:0.0003s ]
SQL: SHOW COLUMNS FROM `ms_image` [ RunTime:0.0014s ]
SQL: SELECT * FROM `ms_image` WHERE `is_see` = 1  [ RunTime:0.0003s ]
SQL: SHOW COLUMNS FROM `ms_category` [ RunTime:0.0008s ]
SQL: SELECT * FROM `ms_category` WHERE ( category_id < 6 )  [ RunTime:0.0003s ]
SQL: SELECT * FROM `ms_category` WHERE ( category_id > 5 )  [ RunTime:0.0003s ]
SQL: SHOW COLUMNS FROM `ms_news` [ RunTime:0.0015s ]
SQL: SELECT COUNT(*) AS tp_count FROM `ms_news` WHERE `category_id` = 8 ORDER BY addtime desc LIMIT 1   [ RunTime:0.0004s ]
SQL: SELECT * FROM `ms_news` WHERE `category_id` = 8 ORDER BY addtime desc LIMIT 0,10   [ RunTime:0.0004s ]
INFO: [ view_parse ] --START--
INFO: [ template_filter ] --START--
INFO: Run Behavior\ContentReplaceBehavior [ RunTime:0.000110s ]
INFO: [ template_filter ] --END-- [ RunTime:0.000176s ]
NOTIC: [8] Undefined variable: result E:\wamp\www\xmcy\Application\Runtime\Cache\Home\2a94b8bda04ff446dcedd42276fc99ee.php 第 15 行.
INFO: Run Behavior\ParseTemplateBehavior [ RunTime:0.016586s ]
INFO: [ view_parse ] --END-- [ RunTime:0.016687s ]
INFO: [ view_filter ] --START--
INFO: Run Behavior\WriteHtmlCacheBehavior [ RunTime:0.000964s ]
INFO: [ view_filter ] --END-- [ RunTime:0.001058s ]
INFO: [ app_end ] --START--
INFO: Run Behavior\ShowPageTraceBehavior [ RunTime:0.000779s ]
INFO: [ app_end ] --END-- [ RunTime:0.000884s ]

[ 2018-01-16T11:16:44+08:00 ] 127.0.0.1 /xmcy/index.php/Index/index/category_id/10.html
INFO: [ app_init ] --START--
INFO: Run Behavior\BuildLiteBehavior [ RunTime:0.000024s ]
INFO: [ app_init ] --END-- [ RunTime:0.000503s ]
NOTIC: [8] Use of undefined constant 　　 - assumed '　　' E:\wamp\www\xmcy\Application\Home\Conf\tags.php 第 3 行.
NOTIC: [2] array_merge(): Argument #2 is not an array E:\wamp\www\xmcy\ThinkPHP\Library\Think\Hook.class.php 第 55 行.
INFO: [ app_begin ] --START--
INFO: Run Behavior\ReadHtmlCacheBehavior [ RunTime:0.001055s ]
INFO: Run Behavior\CheckLangBehavior [ RunTime:0.000810s ]
INFO: [ app_begin ] --END-- [ RunTime:0.001981s ]
SQL: SHOW COLUMNS FROM `ms_config` [ RunTime:0.0015s ]
SQL: SELECT * FROM `ms_config` WHERE `id` = 1 LIMIT 1   [ RunTime:0.0003s ]
SQL: SHOW COLUMNS FROM `ms_image` [ RunTime:0.0015s ]
SQL: SELECT * FROM `ms_image` WHERE `is_see` = 1  [ RunTime:0.0003s ]
SQL: SHOW COLUMNS FROM `ms_category` [ RunTime:0.0011s ]
SQL: SELECT * FROM `ms_category` WHERE ( category_id < 6 )  [ RunTime:0.0005s ]
SQL: SELECT * FROM `ms_category` WHERE ( category_id > 5 )  [ RunTime:0.0003s ]
SQL: SHOW COLUMNS FROM `ms_news` [ RunTime:0.0015s ]
SQL: SELECT COUNT(*) AS tp_count FROM `ms_news` WHERE `category_id` = 10 ORDER BY addtime desc LIMIT 1   [ RunTime:0.0003s ]
SQL: SELECT * FROM `ms_news` WHERE `category_id` = 10 ORDER BY addtime desc LIMIT 0,10   [ RunTime:0.0006s ]
INFO: [ view_parse ] --START--
INFO: [ template_filter ] --START--
INFO: Run Behavior\ContentReplaceBehavior [ RunTime:0.000112s ]
INFO: [ template_filter ] --END-- [ RunTime:0.000180s ]
NOTIC: [8] Undefined variable: result E:\wamp\www\xmcy\Application\Runtime\Cache\Home\2a94b8bda04ff446dcedd42276fc99ee.php 第 15 行.
INFO: Run Behavior\ParseTemplateBehavior [ RunTime:0.015880s ]
INFO: [ view_parse ] --END-- [ RunTime:0.015984s ]
INFO: [ view_filter ] --START--
INFO: Run Behavior\WriteHtmlCacheBehavior [ RunTime:0.000790s ]
INFO: [ view_filter ] --END-- [ RunTime:0.000880s ]
INFO: [ app_end ] --START--
INFO: Run Behavior\ShowPageTraceBehavior [ RunTime:0.000812s ]
INFO: [ app_end ] --END-- [ RunTime:0.000906s ]

[ 2018-01-16T11:18:44+08:00 ] 127.0.0.1 /xmcy/assets/img/full-screen-image-3.jpg
INFO: [ app_init ] --START--
INFO: Run Behavior\BuildLiteBehavior [ RunTime:0.000016s ]
INFO: [ app_init ] --END-- [ RunTime:0.000456s ]
NOTIC: [8] Use of undefined constant 　　 - assumed '　　' E:\wamp\www\xmcy\Application\Home\Conf\tags.php 第 3 行.
NOTIC: [2] array_merge(): Argument #2 is not an array E:\wamp\www\xmcy\ThinkPHP\Library\Think\Hook.class.php 第 55 行.

[ 2018-01-16T11:20:24+08:00 ] 127.0.0.1 /xmcy/assets/img/full-screen-image-3.jpg
INFO: [ app_init ] --START--
INFO: Run Behavior\BuildLiteBehavior [ RunTime:0.000026s ]
INFO: [ app_init ] --END-- [ RunTime:0.000568s ]
NOTIC: [8] Use of undefined constant 　　 - assumed '　　' E:\wamp\www\xmcy\Application\Home\Conf\tags.php 第 3 行.
NOTIC: [2] array_merge(): Argument #2 is not an array E:\wamp\www\xmcy\ThinkPHP\Library\Think\Hook.class.php 第 55 行.

[ 2018-01-16T11:20:31+08:00 ] 127.0.0.1 /xmcy/index.php/Index/index/category_id/10.html
INFO: [ app_init ] --START--
INFO: Run Behavior\BuildLiteBehavior [ RunTime:0.000020s ]
INFO: [ app_init ] --END-- [ RunTime:0.000423s ]
NOTIC: [8] Use of undefined constant 　　 - assumed '　　' E:\wamp\www\xmcy\Application\Home\Conf\tags.php 第 3 行.
NOTIC: [2] array_merge(): Argument #2 is not an array E:\wamp\www\xmcy\ThinkPHP\Library\Think\Hook.class.php 第 55 行.
INFO: [ app_begin ] --START--
INFO: Run Behavior\ReadHtmlCacheBehavior [ RunTime:0.000497s ]
INFO: Run Behavior\CheckLangBehavior [ RunTime:0.000777s ]
INFO: [ app_begin ] --END-- [ RunTime:0.001383s ]
SQL: SHOW COLUMNS FROM `ms_config` [ RunTime:0.0015s ]
SQL: SELECT * FROM `ms_config` WHERE `id` = 1 LIMIT 1   [ RunTime:0.0004s ]
SQL: SHOW COLUMNS FROM `ms_image` [ RunTime:0.0014s ]
SQL: SELECT * FROM `ms_image` WHERE `is_see` = 1  [ RunTime:0.0003s ]
SQL: SHOW COLUMNS FROM `ms_category` [ RunTime:0.0008s ]
SQL: SELECT * FROM `ms_category` WHERE ( category_id < 6 )  [ RunTime:0.0003s ]
SQL: SELECT * FROM `ms_category` WHERE ( category_id > 5 )  [ RunTime:0.0003s ]
SQL: SHOW COLUMNS FROM `ms_news` [ RunTime:0.0015s ]
SQL: SELECT COUNT(*) AS tp_count FROM `ms_news` WHERE `category_id` = 10 ORDER BY addtime desc LIMIT 1   [ RunTime:0.0007s ]
SQL: SELECT * FROM `ms_news` WHERE `category_id` = 10 ORDER BY addtime desc LIMIT 0,10   [ RunTime:0.0006s ]
INFO: [ view_parse ] --START--
INFO: [ template_filter ] --START--
INFO: Run Behavior\ContentReplaceBehavior [ RunTime:0.000111s ]
INFO: [ template_filter ] --END-- [ RunTime:0.000175s ]
NOTIC: [8] Undefined variable: result E:\wamp\www\xmcy\Application\Runtime\Cache\Home\2a94b8bda04ff446dcedd42276fc99ee.php 第 15 行.
INFO: Run Behavior\ParseTemplateBehavior [ RunTime:0.014566s ]
INFO: [ view_parse ] --END-- [ RunTime:0.014639s ]
INFO: [ view_filter ] --START--
INFO: Run Behavior\WriteHtmlCacheBehavior [ RunTime:0.000468s ]
INFO: [ view_filter ] --END-- [ RunTime:0.000538s ]
INFO: [ app_end ] --START--
INFO: Run Behavior\ShowPageTraceBehavior [ RunTime:0.000711s ]
INFO: [ app_end ] --END-- [ RunTime:0.000833s ]

[ 2018-01-16T14:41:05+08:00 ] 127.0.0.1 /xmcy/assets/img/full-screen-image-3.jpg
INFO: [ app_init ] --START--
INFO: Run Behavior\BuildLiteBehavior [ RunTime:0.000030s ]
INFO: [ app_init ] --END-- [ RunTime:0.000704s ]
NOTIC: [8] Use of undefined constant 　　 - assumed '　　' E:\wamp\www\xmcy\Application\Home\Conf\tags.php 第 3 行.
NOTIC: [2] array_merge(): Argument #2 is not an array E:\wamp\www\xmcy\ThinkPHP\Library\Think\Hook.class.php 第 55 行.

[ 2018-01-16T14:41:19+08:00 ] 127.0.0.1 /xmcy/assets/img/full-screen-image-3.jpg
INFO: [ app_init ] --START--
INFO: Run Behavior\BuildLiteBehavior [ RunTime:0.000017s ]
INFO: [ app_init ] --END-- [ RunTime:0.000431s ]
NOTIC: [8] Use of undefined constant 　　 - assumed '　　' E:\wamp\www\xmcy\Application\Home\Conf\tags.php 第 3 行.
NOTIC: [2] array_merge(): Argument #2 is not an array E:\wamp\www\xmcy\ThinkPHP\Library\Think\Hook.class.php 第 55 行.

[ 2018-01-16T14:53:23+08:00 ] 127.0.0.1 /xmcy/assets/img/full-screen-image-3.jpg
INFO: [ app_init ] --START--
INFO: Run Behavior\BuildLiteBehavior [ RunTime:0.000031s ]
INFO: [ app_init ] --END-- [ RunTime:0.000785s ]
NOTIC: [8] Use of undefined constant 　　 - assumed '　　' E:\wamp\www\xmcy\Application\Home\Conf\tags.php 第 3 行.
NOTIC: [2] array_merge(): Argument #2 is not an array E:\wamp\www\xmcy\ThinkPHP\Library\Think\Hook.class.php 第 55 行.

[ 2018-01-16T14:53:25+08:00 ] 127.0.0.1 /xmcy/assets/img/full-screen-image-3.jpg
INFO: [ app_init ] --START--
INFO: Run Behavior\BuildLiteBehavior [ RunTime:0.000020s ]
INFO: [ app_init ] --END-- [ RunTime:0.000550s ]
NOTIC: [8] Use of undefined constant 　　 - assumed '　　' E:\wamp\www\xmcy\Application\Home\Conf\tags.php 第 3 行.
NOTIC: [2] array_merge(): Argument #2 is not an array E:\wamp\www\xmcy\ThinkPHP\Library\Think\Hook.class.php 第 55 行.

[ 2018-01-16T14:53:30+08:00 ] 127.0.0.1 /xmcy/assets/img/full-screen-image-3.jpg
INFO: [ app_init ] --START--
INFO: Run Behavior\BuildLiteBehavior [ RunTime:0.000017s ]
INFO: [ app_init ] --END-- [ RunTime:0.000532s ]
NOTIC: [8] Use of undefined constant 　　 - assumed '　　' E:\wamp\www\xmcy\Application\Home\Conf\tags.php 第 3 行.
NOTIC: [2] array_merge(): Argument #2 is not an array E:\wamp\www\xmcy\ThinkPHP\Library\Think\Hook.class.php 第 55 行.

[ 2018-01-16T14:53:31+08:00 ] 127.0.0.1 /xmcy/assets/img/full-screen-image-3.jpg
INFO: [ app_init ] --START--
INFO: Run Behavior\BuildLiteBehavior [ RunTime:0.000032s ]
INFO: [ app_init ] --END-- [ RunTime:0.000722s ]
NOTIC: [8] Use of undefined constant 　　 - assumed '　　' E:\wamp\www\xmcy\Application\Home\Conf\tags.php 第 3 行.
NOTIC: [2] array_merge(): Argument #2 is not an array E:\wamp\www\xmcy\ThinkPHP\Library\Think\Hook.class.php 第 55 行.

[ 2018-01-16T14:53:34+08:00 ] 127.0.0.1 /xmcy/assets/img/full-screen-image-3.jpg
INFO: [ app_init ] --START--
INFO: Run Behavior\BuildLiteBehavior [ RunTime:0.000023s ]
INFO: [ app_init ] --END-- [ RunTime:0.000509s ]
NOTIC: [8] Use of undefined constant 　　 - assumed '　　' E:\wamp\www\xmcy\Application\Home\Conf\tags.php 第 3 行.
NOTIC: [2] array_merge(): Argument #2 is not an array E:\wamp\www\xmcy\ThinkPHP\Library\Think\Hook.class.php 第 55 行.

[ 2018-01-16T14:55:34+08:00 ] 127.0.0.1 /xmcy/assets/img/full-screen-image-3.jpg
INFO: [ app_init ] --START--
INFO: Run Behavior\BuildLiteBehavior [ RunTime:0.000023s ]
INFO: [ app_init ] --END-- [ RunTime:0.000588s ]
NOTIC: [8] Use of undefined constant 　　 - assumed '　　' E:\wamp\www\xmcy\Application\Home\Conf\tags.php 第 3 行.
NOTIC: [2] array_merge(): Argument #2 is not an array E:\wamp\www\xmcy\ThinkPHP\Library\Think\Hook.class.php 第 55 行.

[ 2018-01-16T14:55:40+08:00 ] 127.0.0.1 /xmcy/assets/img/full-screen-image-3.jpg
INFO: [ app_init ] --START--
INFO: Run Behavior\BuildLiteBehavior [ RunTime:0.000017s ]
INFO: [ app_init ] --END-- [ RunTime:0.000407s ]
NOTIC: [8] Use of undefined constant 　　 - assumed '　　' E:\wamp\www\xmcy\Application\Home\Conf\tags.php 第 3 行.
NOTIC: [2] array_merge(): Argument #2 is not an array E:\wamp\www\xmcy\ThinkPHP\Library\Think\Hook.class.php 第 55 行.

[ 2018-01-16T14:56:07+08:00 ] 127.0.0.1 /xmcy/assets/img/full-screen-image-3.jpg
INFO: [ app_init ] --START--
INFO: Run Behavior\BuildLiteBehavior [ RunTime:0.000021s ]
INFO: [ app_init ] --END-- [ RunTime:0.000560s ]
NOTIC: [8] Use of undefined constant 　　 - assumed '　　' E:\wamp\www\xmcy\Application\Home\Conf\tags.php 第 3 行.
NOTIC: [2] array_merge(): Argument #2 is not an array E:\wamp\www\xmcy\ThinkPHP\Library\Think\Hook.class.php 第 55 行.

[ 2018-01-16T14:56:09+08:00 ] 127.0.0.1 /xmcy/assets/img/full-screen-image-3.jpg
INFO: [ app_init ] --START--
INFO: Run Behavior\BuildLiteBehavior [ RunTime:0.000019s ]
INFO: [ app_init ] --END-- [ RunTime:0.000456s ]
NOTIC: [8] Use of undefined constant 　　 - assumed '　　' E:\wamp\www\xmcy\Application\Home\Conf\tags.php 第 3 行.
NOTIC: [2] array_merge(): Argument #2 is not an array E:\wamp\www\xmcy\ThinkPHP\Library\Think\Hook.class.php 第 55 行.

[ 2018-01-16T14:56:10+08:00 ] 127.0.0.1 /xmcy/assets/img/full-screen-image-3.jpg
INFO: [ app_init ] --START--
INFO: Run Behavior\BuildLiteBehavior [ RunTime:0.000016s ]
INFO: [ app_init ] --END-- [ RunTime:0.000389s ]
NOTIC: [8] Use of undefined constant 　　 - assumed '　　' E:\wamp\www\xmcy\Application\Home\Conf\tags.php 第 3 行.
NOTIC: [2] array_merge(): Argument #2 is not an array E:\wamp\www\xmcy\ThinkPHP\Library\Think\Hook.class.php 第 55 行.

[ 2018-01-16T14:56:15+08:00 ] 127.0.0.1 /xmcy/assets/img/full-screen-image-3.jpg
INFO: [ app_init ] --START--
INFO: Run Behavior\BuildLiteBehavior [ RunTime:0.000015s ]
INFO: [ app_init ] --END-- [ RunTime:0.000414s ]
NOTIC: [8] Use of undefined constant 　　 - assumed '　　' E:\wamp\www\xmcy\Application\Home\Conf\tags.php 第 3 行.
NOTIC: [2] array_merge(): Argument #2 is not an array E:\wamp\www\xmcy\ThinkPHP\Library\Think\Hook.class.php 第 55 行.

[ 2018-01-16T14:56:17+08:00 ] 127.0.0.1 /xmcy/assets/img/full-screen-image-3.jpg
INFO: [ app_init ] --START--
INFO: Run Behavior\BuildLiteBehavior [ RunTime:0.000021s ]
INFO: [ app_init ] --END-- [ RunTime:0.000502s ]
NOTIC: [8] Use of undefined constant 　　 - assumed '　　' E:\wamp\www\xmcy\Application\Home\Conf\tags.php 第 3 行.
NOTIC: [2] array_merge(): Argument #2 is not an array E:\wamp\www\xmcy\ThinkPHP\Library\Think\Hook.class.php 第 55 行.

[ 2018-01-16T14:59:00+08:00 ] 127.0.0.1 /xmcy/assets/img/full-screen-image-3.jpg
INFO: [ app_init ] --START--
INFO: Run Behavior\BuildLiteBehavior [ RunTime:0.000020s ]
INFO: [ app_init ] --END-- [ RunTime:0.000494s ]
NOTIC: [8] Use of undefined constant 　　 - assumed '　　' E:\wamp\www\xmcy\Application\Home\Conf\tags.php 第 3 行.
NOTIC: [2] array_merge(): Argument #2 is not an array E:\wamp\www\xmcy\ThinkPHP\Library\Think\Hook.class.php 第 55 行.

[ 2018-01-16T15:05:31+08:00 ] 127.0.0.1 /xmcy/assets/img/full-screen-image-3.jpg
INFO: [ app_init ] --START--
INFO: Run Behavior\BuildLiteBehavior [ RunTime:0.000019s ]
INFO: [ app_init ] --END-- [ RunTime:0.000552s ]
NOTIC: [8] Use of undefined constant 　　 - assumed '　　' E:\wamp\www\xmcy\Application\Home\Conf\tags.php 第 3 行.
NOTIC: [2] array_merge(): Argument #2 is not an array E:\wamp\www\xmcy\ThinkPHP\Library\Think\Hook.class.php 第 55 行.

[ 2018-01-16T15:05:58+08:00 ] 127.0.0.1 /xmcy/assets/img/full-screen-image-3.jpg
INFO: [ app_init ] --START--
INFO: Run Behavior\BuildLiteBehavior [ RunTime:0.000015s ]
INFO: [ app_init ] --END-- [ RunTime:0.000363s ]
NOTIC: [8] Use of undefined constant 　　 - assumed '　　' E:\wamp\www\xmcy\Application\Home\Conf\tags.php 第 3 行.
NOTIC: [2] array_merge(): Argument #2 is not an array E:\wamp\www\xmcy\ThinkPHP\Library\Think\Hook.class.php 第 55 行.

[ 2018-01-16T15:14:17+08:00 ] 127.0.0.1 /xmcy/assets/img/full-screen-image-3.jpg
INFO: [ app_init ] --START--
INFO: Run Behavior\BuildLiteBehavior [ RunTime:0.000018s ]
INFO: [ app_init ] --END-- [ RunTime:0.000712s ]
NOTIC: [8] Use of undefined constant 　　 - assumed '　　' E:\wamp\www\xmcy\Application\Home\Conf\tags.php 第 3 行.
NOTIC: [2] array_merge(): Argument #2 is not an array E:\wamp\www\xmcy\ThinkPHP\Library\Think\Hook.class.php 第 55 行.

