[ 2018-03-09T11:59:09+08:00 ] ::1 /xmcy/
INFO: [ app_init ] --START--
INFO: Run Behavior\BuildLiteBehavior [ RunTime:0.000017s ]
INFO: [ app_init ] --END-- [ RunTime:0.000628s ]
NOTIC: [8] Use of undefined constant 　　 - assumed '　　' E:\wamp\www\xmcy\Application\Home\Conf\tags.php 第 3 行.
NOTIC: [2] array_merge(): Argument #2 is not an array E:\wamp\www\xmcy\ThinkPHP\Library\Think\Hook.class.php 第 55 行.
INFO: [ app_begin ] --START--
INFO: Run Behavior\ReadHtmlCacheBehavior [ RunTime:0.001271s ]
INFO: Run Behavior\CheckLangBehavior [ RunTime:0.000963s ]
INFO: [ app_begin ] --END-- [ RunTime:0.002360s ]
SQL: SHOW COLUMNS FROM `ms_config` [ RunTime:0.0158s ]
SQL: SELECT * FROM `ms_config` WHERE `id` = 1 LIMIT 1   [ RunTime:0.0005s ]
SQL: SHOW COLUMNS FROM `ms_image` [ RunTime:0.0234s ]
SQL: SELECT * FROM `ms_image` WHERE `is_see` = 1  [ RunTime:0.0004s ]
SQL: SHOW COLUMNS FROM `ms_category` [ RunTime:0.0058s ]
SQL: SELECT * FROM `ms_category` WHERE ( category_id < 6 )  [ RunTime:0.0005s ]
SQL: SELECT * FROM `ms_category` WHERE ( category_id > 5 )  [ RunTime:0.0003s ]
SQL: SHOW COLUMNS FROM `ms_news` [ RunTime:0.0031s ]
SQL: SELECT COUNT(*) AS tp_count FROM `ms_news` ORDER BY addtime desc LIMIT 1   [ RunTime:0.0006s ]
SQL: SELECT * FROM `ms_news` ORDER BY addtime desc LIMIT 0,10   [ RunTime:0.0131s ]
INFO: [ view_parse ] --START--
INFO: [ template_filter ] --START--
INFO: Run Behavior\ContentReplaceBehavior [ RunTime:0.000115s ]
INFO: [ template_filter ] --END-- [ RunTime:0.000194s ]
NOTIC: [8] Undefined variable: result E:\wamp\www\xmcy\Application\Runtime\Cache\Home\2a94b8bda04ff446dcedd42276fc99ee.php 第 15 行.
NOTIC: [8] Undefined variable: category_id E:\wamp\www\xmcy\Application\Runtime\Cache\Home\2a94b8bda04ff446dcedd42276fc99ee.php 第 98 行.
NOTIC: [8] Undefined variable: category_id E:\wamp\www\xmcy\Application\Runtime\Cache\Home\2a94b8bda04ff446dcedd42276fc99ee.php 第 98 行.
NOTIC: [8] Undefined variable: category_id E:\wamp\www\xmcy\Application\Runtime\Cache\Home\2a94b8bda04ff446dcedd42276fc99ee.php 第 98 行.
NOTIC: [8] Undefined variable: category_id E:\wamp\www\xmcy\Application\Runtime\Cache\Home\2a94b8bda04ff446dcedd42276fc99ee.php 第 98 行.
NOTIC: [8] Undefined variable: category_id E:\wamp\www\xmcy\Application\Runtime\Cache\Home\2a94b8bda04ff446dcedd42276fc99ee.php 第 98 行.
NOTIC: [8] Undefined variable: category_id E:\wamp\www\xmcy\Application\Runtime\Cache\Home\2a94b8bda04ff446dcedd42276fc99ee.php 第 98 行.
NOTIC: [8] Undefined variable: category_id E:\wamp\www\xmcy\Application\Runtime\Cache\Home\2a94b8bda04ff446dcedd42276fc99ee.php 第 98 行.
NOTIC: [8] Undefined variable: category_id E:\wamp\www\xmcy\Application\Runtime\Cache\Home\2a94b8bda04ff446dcedd42276fc99ee.php 第 128 行.
NOTIC: [8] Undefined variable: category_id E:\wamp\www\xmcy\Application\Runtime\Cache\Home\2a94b8bda04ff446dcedd42276fc99ee.php 第 131 行.
NOTIC: [8] Undefined variable: category_id E:\wamp\www\xmcy\Application\Runtime\Cache\Home\2a94b8bda04ff446dcedd42276fc99ee.php 第 131 行.
NOTIC: [8] Undefined variable: category_id E:\wamp\www\xmcy\Application\Runtime\Cache\Home\2a94b8bda04ff446dcedd42276fc99ee.php 第 131 行.
NOTIC: [8] Undefined variable: category_id E:\wamp\www\xmcy\Application\Runtime\Cache\Home\2a94b8bda04ff446dcedd42276fc99ee.php 第 131 行.
NOTIC: [8] Undefined variable: category_id E:\wamp\www\xmcy\Application\Runtime\Cache\Home\2a94b8bda04ff446dcedd42276fc99ee.php 第 131 行.
INFO: Run Behavior\ParseTemplateBehavior [ RunTime:0.029399s ]
INFO: [ view_parse ] --END-- [ RunTime:0.029497s ]
INFO: [ view_filter ] --START--
INFO: Run Behavior\WriteHtmlCacheBehavior [ RunTime:0.011872s ]
INFO: [ view_filter ] --END-- [ RunTime:0.011952s ]
INFO: [ app_end ] --START--
INFO: Run Behavior\ShowPageTraceBehavior [ RunTime:0.001371s ]
INFO: [ app_end ] --END-- [ RunTime:0.001469s ]

[ 2018-03-09T11:59:10+08:00 ] ::1 /xmcy/public/home/img/x-icon.png
INFO: [ app_init ] --START--
INFO: Run Behavior\BuildLiteBehavior [ RunTime:0.000016s ]
INFO: [ app_init ] --END-- [ RunTime:0.000323s ]
NOTIC: [8] Use of undefined constant 　　 - assumed '　　' E:\wamp\www\xmcy\Application\Home\Conf\tags.php 第 3 行.
NOTIC: [2] array_merge(): Argument #2 is not an array E:\wamp\www\xmcy\ThinkPHP\Library\Think\Hook.class.php 第 55 行.

[ 2018-03-09T11:59:17+08:00 ] ::1 /xmcy/assets/img/full-screen-image-1.jpg
INFO: [ app_init ] --START--
INFO: Run Behavior\BuildLiteBehavior [ RunTime:0.000030s ]
INFO: [ app_init ] --END-- [ RunTime:0.000383s ]
NOTIC: [8] Use of undefined constant 　　 - assumed '　　' E:\wamp\www\xmcy\Application\Home\Conf\tags.php 第 3 行.
NOTIC: [2] array_merge(): Argument #2 is not an array E:\wamp\www\xmcy\ThinkPHP\Library\Think\Hook.class.php 第 55 行.

[ 2018-03-09T11:59:23+08:00 ] ::1 /xmcy/assets/img/full-screen-image-1.jpg
INFO: [ app_init ] --START--
INFO: Run Behavior\BuildLiteBehavior [ RunTime:0.000034s ]
INFO: [ app_init ] --END-- [ RunTime:0.000666s ]
NOTIC: [8] Use of undefined constant 　　 - assumed '　　' E:\wamp\www\xmcy\Application\Home\Conf\tags.php 第 3 行.
NOTIC: [2] array_merge(): Argument #2 is not an array E:\wamp\www\xmcy\ThinkPHP\Library\Think\Hook.class.php 第 55 行.

[ 2018-03-09T15:08:07+08:00 ] ::1 /xmcy/assets/img/full-screen-image-1.jpg
INFO: [ app_init ] --START--
INFO: Run Behavior\BuildLiteBehavior [ RunTime:0.000029s ]
INFO: [ app_init ] --END-- [ RunTime:0.000585s ]
NOTIC: [8] Use of undefined constant 　　 - assumed '　　' E:\wamp\www\xmcy\Application\Home\Conf\tags.php 第 3 行.
NOTIC: [2] array_merge(): Argument #2 is not an array E:\wamp\www\xmcy\ThinkPHP\Library\Think\Hook.class.php 第 55 行.

