[ 2018-03-15T10:57:30+08:00 ] ::1 /xmcy/
INFO: [ app_init ] --START--
INFO: Run Behavior\BuildLiteBehavior [ RunTime:0.000031s ]
INFO: [ app_init ] --END-- [ RunTime:0.001053s ]
NOTIC: [8] Use of undefined constant 　　 - assumed '　　' E:\wamp\www\xmcy\Application\Home\Conf\tags.php 第 3 行.
NOTIC: [2] array_merge(): Argument #2 is not an array E:\wamp\www\xmcy\ThinkPHP\Library\Think\Hook.class.php 第 55 行.
INFO: [ app_begin ] --START--
INFO: Run Behavior\ReadHtmlCacheBehavior [ RunTime:0.001386s ]
INFO: Run Behavior\CheckLangBehavior [ RunTime:0.001605s ]
INFO: [ app_begin ] --END-- [ RunTime:0.003204s ]
SQL: SHOW COLUMNS FROM `ms_config` [ RunTime:0.0029s ]
SQL: SELECT * FROM `ms_config` WHERE `id` = 1 LIMIT 1   [ RunTime:0.0169s ]
SQL: SHOW COLUMNS FROM `ms_image` [ RunTime:0.0210s ]
SQL: SELECT * FROM `ms_image` WHERE `is_see` = 1  [ RunTime:0.0135s ]
SQL: SHOW COLUMNS FROM `ms_category` [ RunTime:0.0013s ]
SQL: SELECT * FROM `ms_category` WHERE ( category_id < 6 )  [ RunTime:0.0004s ]
SQL: SELECT * FROM `ms_category` WHERE ( category_id > 5 )  [ RunTime:0.0006s ]
SQL: SHOW COLUMNS FROM `ms_news` [ RunTime:0.0017s ]
SQL: SELECT COUNT(*) AS tp_count FROM `ms_news` ORDER BY addtime desc LIMIT 1   [ RunTime:0.0029s ]
SQL: SELECT * FROM `ms_news` ORDER BY addtime desc LIMIT 0,10   [ RunTime:0.0011s ]
INFO: [ view_parse ] --START--
INFO: [ template_filter ] --START--
INFO: Run Behavior\ContentReplaceBehavior [ RunTime:0.000120s ]
INFO: [ template_filter ] --END-- [ RunTime:0.000195s ]
NOTIC: [8] Undefined variable: result E:\wamp\www\xmcy\Application\Runtime\Cache\Home\2a94b8bda04ff446dcedd42276fc99ee.php 第 15 行.
NOTIC: [8] Undefined variable: category_id E:\wamp\www\xmcy\Application\Runtime\Cache\Home\2a94b8bda04ff446dcedd42276fc99ee.php 第 98 行.
NOTIC: [8] Undefined variable: category_id E:\wamp\www\xmcy\Application\Runtime\Cache\Home\2a94b8bda04ff446dcedd42276fc99ee.php 第 98 行.
NOTIC: [8] Undefined variable: category_id E:\wamp\www\xmcy\Application\Runtime\Cache\Home\2a94b8bda04ff446dcedd42276fc99ee.php 第 98 行.
NOTIC: [8] Undefined variable: category_id E:\wamp\www\xmcy\Application\Runtime\Cache\Home\2a94b8bda04ff446dcedd42276fc99ee.php 第 98 行.
NOTIC: [8] Undefined variable: category_id E:\wamp\www\xmcy\Application\Runtime\Cache\Home\2a94b8bda04ff446dcedd42276fc99ee.php 第 98 行.
NOTIC: [8] Undefined variable: category_id E:\wamp\www\xmcy\Application\Runtime\Cache\Home\2a94b8bda04ff446dcedd42276fc99ee.php 第 98 行.
NOTIC: [8] Undefined variable: category_id E:\wamp\www\xmcy\Application\Runtime\Cache\Home\2a94b8bda04ff446dcedd42276fc99ee.php 第 98 行.
NOTIC: [8] Undefined variable: category_id E:\wamp\www\xmcy\Application\Runtime\Cache\Home\2a94b8bda04ff446dcedd42276fc99ee.php 第 128 行.
NOTIC: [8] Undefined variable: category_id E:\wamp\www\xmcy\Application\Runtime\Cache\Home\2a94b8bda04ff446dcedd42276fc99ee.php 第 131 行.
NOTIC: [8] Undefined variable: category_id E:\wamp\www\xmcy\Application\Runtime\Cache\Home\2a94b8bda04ff446dcedd42276fc99ee.php 第 131 行.
NOTIC: [8] Undefined variable: category_id E:\wamp\www\xmcy\Application\Runtime\Cache\Home\2a94b8bda04ff446dcedd42276fc99ee.php 第 131 行.
NOTIC: [8] Undefined variable: category_id E:\wamp\www\xmcy\Application\Runtime\Cache\Home\2a94b8bda04ff446dcedd42276fc99ee.php 第 131 行.
NOTIC: [8] Undefined variable: category_id E:\wamp\www\xmcy\Application\Runtime\Cache\Home\2a94b8bda04ff446dcedd42276fc99ee.php 第 131 行.
INFO: Run Behavior\ParseTemplateBehavior [ RunTime:0.038347s ]
INFO: [ view_parse ] --END-- [ RunTime:0.038558s ]
INFO: [ view_filter ] --START--
INFO: Run Behavior\WriteHtmlCacheBehavior [ RunTime:0.008462s ]
INFO: [ view_filter ] --END-- [ RunTime:0.008539s ]
INFO: [ app_end ] --START--
INFO: Run Behavior\ShowPageTraceBehavior [ RunTime:0.001608s ]
INFO: [ app_end ] --END-- [ RunTime:0.001724s ]

[ 2018-03-15T10:57:30+08:00 ] ::1 /xmcy/public/home/img/x-icon.png
INFO: [ app_init ] --START--
INFO: Run Behavior\BuildLiteBehavior [ RunTime:0.000017s ]
INFO: [ app_init ] --END-- [ RunTime:0.000333s ]
NOTIC: [8] Use of undefined constant 　　 - assumed '　　' E:\wamp\www\xmcy\Application\Home\Conf\tags.php 第 3 行.
NOTIC: [2] array_merge(): Argument #2 is not an array E:\wamp\www\xmcy\ThinkPHP\Library\Think\Hook.class.php 第 55 行.

[ 2018-03-15T10:57:35+08:00 ] ::1 /xmcy/assets/img/full-screen-image-3.jpg
INFO: [ app_init ] --START--
INFO: Run Behavior\BuildLiteBehavior [ RunTime:0.000020s ]
INFO: [ app_init ] --END-- [ RunTime:0.000577s ]
NOTIC: [8] Use of undefined constant 　　 - assumed '　　' E:\wamp\www\xmcy\Application\Home\Conf\tags.php 第 3 行.
NOTIC: [2] array_merge(): Argument #2 is not an array E:\wamp\www\xmcy\ThinkPHP\Library\Think\Hook.class.php 第 55 行.

[ 2018-03-15T10:57:39+08:00 ] ::1 /xmcy/assets/img/full-screen-image-3.jpg
INFO: [ app_init ] --START--
INFO: Run Behavior\BuildLiteBehavior [ RunTime:0.000032s ]
INFO: [ app_init ] --END-- [ RunTime:0.000650s ]
NOTIC: [8] Use of undefined constant 　　 - assumed '　　' E:\wamp\www\xmcy\Application\Home\Conf\tags.php 第 3 行.
NOTIC: [2] array_merge(): Argument #2 is not an array E:\wamp\www\xmcy\ThinkPHP\Library\Think\Hook.class.php 第 55 行.

[ 2018-03-15T10:57:42+08:00 ] ::1 /xmcy/assets/img/full-screen-image-3.jpg
INFO: [ app_init ] --START--
INFO: Run Behavior\BuildLiteBehavior [ RunTime:0.000036s ]
INFO: [ app_init ] --END-- [ RunTime:0.000628s ]
NOTIC: [8] Use of undefined constant 　　 - assumed '　　' E:\wamp\www\xmcy\Application\Home\Conf\tags.php 第 3 行.
NOTIC: [2] array_merge(): Argument #2 is not an array E:\wamp\www\xmcy\ThinkPHP\Library\Think\Hook.class.php 第 55 行.

[ 2018-03-15T10:57:58+08:00 ] ::1 /xmcy/assets/img/full-screen-image-3.jpg
INFO: [ app_init ] --START--
INFO: Run Behavior\BuildLiteBehavior [ RunTime:0.000030s ]
INFO: [ app_init ] --END-- [ RunTime:0.000631s ]
NOTIC: [8] Use of undefined constant 　　 - assumed '　　' E:\wamp\www\xmcy\Application\Home\Conf\tags.php 第 3 行.
NOTIC: [2] array_merge(): Argument #2 is not an array E:\wamp\www\xmcy\ThinkPHP\Library\Think\Hook.class.php 第 55 行.

[ 2018-03-15T10:58:19+08:00 ] ::1 /xmcy/assets/img/full-screen-image-3.jpg
INFO: [ app_init ] --START--
INFO: Run Behavior\BuildLiteBehavior [ RunTime:0.000029s ]
INFO: [ app_init ] --END-- [ RunTime:0.000586s ]
NOTIC: [8] Use of undefined constant 　　 - assumed '　　' E:\wamp\www\xmcy\Application\Home\Conf\tags.php 第 3 行.
NOTIC: [2] array_merge(): Argument #2 is not an array E:\wamp\www\xmcy\ThinkPHP\Library\Think\Hook.class.php 第 55 行.

[ 2018-03-15T11:09:17+08:00 ] ::1 /xmcy/assets/img/full-screen-image-3.jpg
INFO: [ app_init ] --START--
INFO: Run Behavior\BuildLiteBehavior [ RunTime:0.000029s ]
INFO: [ app_init ] --END-- [ RunTime:0.000642s ]
NOTIC: [8] Use of undefined constant 　　 - assumed '　　' E:\wamp\www\xmcy\Application\Home\Conf\tags.php 第 3 行.
NOTIC: [2] array_merge(): Argument #2 is not an array E:\wamp\www\xmcy\ThinkPHP\Library\Think\Hook.class.php 第 55 行.

[ 2018-03-15T11:09:18+08:00 ] ::1 /xmcy/assets/img/full-screen-image-3.jpg
INFO: [ app_init ] --START--
INFO: Run Behavior\BuildLiteBehavior [ RunTime:0.000031s ]
INFO: [ app_init ] --END-- [ RunTime:0.000767s ]
NOTIC: [8] Use of undefined constant 　　 - assumed '　　' E:\wamp\www\xmcy\Application\Home\Conf\tags.php 第 3 行.
NOTIC: [2] array_merge(): Argument #2 is not an array E:\wamp\www\xmcy\ThinkPHP\Library\Think\Hook.class.php 第 55 行.

[ 2018-03-15T13:41:06+08:00 ] ::1 /xmcy/assets/img/full-screen-image-3.jpg
INFO: [ app_init ] --START--
INFO: Run Behavior\BuildLiteBehavior [ RunTime:0.000029s ]
INFO: [ app_init ] --END-- [ RunTime:0.000657s ]
NOTIC: [8] Use of undefined constant 　　 - assumed '　　' E:\wamp\www\xmcy\Application\Home\Conf\tags.php 第 3 行.
NOTIC: [2] array_merge(): Argument #2 is not an array E:\wamp\www\xmcy\ThinkPHP\Library\Think\Hook.class.php 第 55 行.

[ 2018-03-15T13:41:07+08:00 ] ::1 /xmcy/assets/img/full-screen-image-3.jpg
INFO: [ app_init ] --START--
INFO: Run Behavior\BuildLiteBehavior [ RunTime:0.000029s ]
INFO: [ app_init ] --END-- [ RunTime:0.000606s ]
NOTIC: [8] Use of undefined constant 　　 - assumed '　　' E:\wamp\www\xmcy\Application\Home\Conf\tags.php 第 3 行.
NOTIC: [2] array_merge(): Argument #2 is not an array E:\wamp\www\xmcy\ThinkPHP\Library\Think\Hook.class.php 第 55 行.

[ 2018-03-15T13:41:10+08:00 ] ::1 /xmcy/assets/img/full-screen-image-3.jpg
INFO: [ app_init ] --START--
INFO: Run Behavior\BuildLiteBehavior [ RunTime:0.000028s ]
INFO: [ app_init ] --END-- [ RunTime:0.000711s ]
NOTIC: [8] Use of undefined constant 　　 - assumed '　　' E:\wamp\www\xmcy\Application\Home\Conf\tags.php 第 3 行.
NOTIC: [2] array_merge(): Argument #2 is not an array E:\wamp\www\xmcy\ThinkPHP\Library\Think\Hook.class.php 第 55 行.

[ 2018-03-15T13:41:18+08:00 ] ::1 /xmcy/assets/img/full-screen-image-3.jpg
INFO: [ app_init ] --START--
INFO: Run Behavior\BuildLiteBehavior [ RunTime:0.000026s ]
INFO: [ app_init ] --END-- [ RunTime:0.000531s ]
NOTIC: [8] Use of undefined constant 　　 - assumed '　　' E:\wamp\www\xmcy\Application\Home\Conf\tags.php 第 3 行.
NOTIC: [2] array_merge(): Argument #2 is not an array E:\wamp\www\xmcy\ThinkPHP\Library\Think\Hook.class.php 第 55 行.

[ 2018-03-15T13:44:56+08:00 ] ::1 /xmcy/assets/img/full-screen-image-3.jpg
INFO: [ app_init ] --START--
INFO: Run Behavior\BuildLiteBehavior [ RunTime:0.000062s ]
INFO: [ app_init ] --END-- [ RunTime:0.000659s ]
NOTIC: [8] Use of undefined constant 　　 - assumed '　　' E:\wamp\www\xmcy\Application\Home\Conf\tags.php 第 3 行.
NOTIC: [2] array_merge(): Argument #2 is not an array E:\wamp\www\xmcy\ThinkPHP\Library\Think\Hook.class.php 第 55 行.

