[ 2018-01-17T09:35:49+08:00 ] 127.0.0.1 /xmcy/admin.php
INFO: [ app_init ] --START--
INFO: Run Behavior\BuildLiteBehavior [ RunTime:0.000020s ]
INFO: [ app_init ] --END-- [ RunTime:0.000627s ]
INFO: [ app_begin ] --START--
INFO: Run Behavior\ReadHtmlCacheBehavior [ RunTime:0.000537s ]
INFO: [ app_begin ] --END-- [ RunTime:0.000607s ]
NOTIC: [8] Undefined index: admin_data E:\wamp\www\xmcy\Application\Admin\Controller\BaseController.class.php 第 8 行.

[ 2018-01-17T09:35:49+08:00 ] 127.0.0.1 /xmcy/admin.php/Login/index.html
INFO: [ app_init ] --START--
INFO: Run Behavior\BuildLiteBehavior [ RunTime:0.000018s ]
INFO: [ app_init ] --END-- [ RunTime:0.000489s ]
INFO: [ app_begin ] --START--
INFO: Run Behavior\ReadHtmlCacheBehavior [ RunTime:0.000648s ]
INFO: [ app_begin ] --END-- [ RunTime:0.000741s ]
NOTIC: [8] Undefined index: admin_data E:\wamp\www\xmcy\Application\Admin\Controller\LoginController.class.php 第 8 行.
INFO: [ view_parse ] --START--
INFO: [ template_filter ] --START--
INFO: Run Behavior\ContentReplaceBehavior [ RunTime:0.000087s ]
INFO: [ template_filter ] --END-- [ RunTime:0.000163s ]
INFO: Run Behavior\ParseTemplateBehavior [ RunTime:0.034335s ]
INFO: [ view_parse ] --END-- [ RunTime:0.034416s ]
INFO: [ view_filter ] --START--
INFO: Run Behavior\WriteHtmlCacheBehavior [ RunTime:0.000328s ]
INFO: [ view_filter ] --END-- [ RunTime:0.000391s ]
INFO: [ app_end ] --START--
INFO: Run Behavior\ShowPageTraceBehavior [ RunTime:0.000677s ]
INFO: [ app_end ] --END-- [ RunTime:0.000758s ]

[ 2018-01-17T09:35:51+08:00 ] 127.0.0.1 /xmcy/admin.php/Login/login
INFO: [ app_init ] --START--
INFO: Run Behavior\BuildLiteBehavior [ RunTime:0.000015s ]
INFO: [ app_init ] --END-- [ RunTime:0.000368s ]
INFO: [ app_begin ] --START--
INFO: Run Behavior\ReadHtmlCacheBehavior [ RunTime:0.000407s ]
INFO: [ app_begin ] --END-- [ RunTime:0.000473s ]
SQL: SHOW COLUMNS FROM `ms_admin` [ RunTime:0.0332s ]
SQL: SELECT * FROM `ms_admin` WHERE `username` = 'admin' AND `password` = 'fc184b504c69e3b2de621ec6f8807524' LIMIT 1   [ RunTime:0.0004s ]
INFO: [ app_end ] --START--
INFO: Run Behavior\ShowPageTraceBehavior [ RunTime:0.000661s ]
INFO: [ app_end ] --END-- [ RunTime:0.000726s ]

[ 2018-01-17T09:35:51+08:00 ] 127.0.0.1 /xmcy/admin.php/Company/index.html
INFO: [ app_init ] --START--
INFO: Run Behavior\BuildLiteBehavior [ RunTime:0.000016s ]
INFO: [ app_init ] --END-- [ RunTime:0.000423s ]
INFO: [ app_begin ] --START--
INFO: Run Behavior\ReadHtmlCacheBehavior [ RunTime:0.000474s ]
INFO: [ app_begin ] --END-- [ RunTime:0.000549s ]
SQL: SHOW COLUMNS FROM `ms_config` [ RunTime:0.0022s ]
SQL: SELECT * FROM `ms_config` WHERE `id` = 1 LIMIT 1   [ RunTime:0.0004s ]
SQL: SELECT * FROM `ms_config` LIMIT 1   [ RunTime:0.0003s ]
INFO: [ view_parse ] --START--
INFO: [ template_filter ] --START--
INFO: Run Behavior\ContentReplaceBehavior [ RunTime:0.000121s ]
INFO: [ template_filter ] --END-- [ RunTime:0.000191s ]
NOTIC: [8] Undefined variable: admin E:\wamp\www\xmcy\Application\Runtime\Cache\Admin\6eb939ff62aea883767ed8fa0a0c5387.php 第 440 行.
NOTIC: [8] Undefined variable: admin E:\wamp\www\xmcy\Application\Runtime\Cache\Admin\6eb939ff62aea883767ed8fa0a0c5387.php 第 455 行.
INFO: Run Behavior\ParseTemplateBehavior [ RunTime:0.008057s ]
INFO: [ view_parse ] --END-- [ RunTime:0.008119s ]
INFO: [ view_filter ] --START--
INFO: Run Behavior\WriteHtmlCacheBehavior [ RunTime:0.000359s ]
INFO: [ view_filter ] --END-- [ RunTime:0.000419s ]
INFO: [ app_end ] --START--
INFO: Run Behavior\ShowPageTraceBehavior [ RunTime:0.000751s ]
INFO: [ app_end ] --END-- [ RunTime:0.000857s ]

[ 2018-01-17T09:35:54+08:00 ] 127.0.0.1 /xmcy/admin.php/Index/index.html
INFO: [ app_init ] --START--
INFO: Run Behavior\BuildLiteBehavior [ RunTime:0.000017s ]
INFO: [ app_init ] --END-- [ RunTime:0.000560s ]
INFO: [ app_begin ] --START--
INFO: Run Behavior\ReadHtmlCacheBehavior [ RunTime:0.000456s ]
INFO: [ app_begin ] --END-- [ RunTime:0.000521s ]
SQL: SHOW COLUMNS FROM `ms_config` [ RunTime:0.0015s ]
SQL: SELECT * FROM `ms_config` WHERE `id` = 1 LIMIT 1   [ RunTime:0.0003s ]
SQL: SHOW COLUMNS FROM `ms_image` [ RunTime:0.0021s ]
SQL: SELECT * FROM `ms_image`  [ RunTime:0.0005s ]
INFO: [ view_parse ] --START--
INFO: [ template_filter ] --START--
INFO: Run Behavior\ContentReplaceBehavior [ RunTime:0.000131s ]
INFO: [ template_filter ] --END-- [ RunTime:0.000199s ]
NOTIC: [8] Undefined index: recently_time E:\wamp\www\xmcy\Application\Runtime\Cache\Admin\b595b808c2ebeeeb0478ffc30bb4e87a.php 第 272 行.
NOTIC: [8] Undefined index: recently_time E:\wamp\www\xmcy\Application\Runtime\Cache\Admin\b595b808c2ebeeeb0478ffc30bb4e87a.php 第 276 行.
NOTIC: [8] Undefined index: recently_time E:\wamp\www\xmcy\Application\Runtime\Cache\Admin\b595b808c2ebeeeb0478ffc30bb4e87a.php 第 272 行.
NOTIC: [8] Undefined index: recently_time E:\wamp\www\xmcy\Application\Runtime\Cache\Admin\b595b808c2ebeeeb0478ffc30bb4e87a.php 第 276 行.
NOTIC: [8] Undefined index: recently_time E:\wamp\www\xmcy\Application\Runtime\Cache\Admin\b595b808c2ebeeeb0478ffc30bb4e87a.php 第 272 行.
NOTIC: [8] Undefined index: recently_time E:\wamp\www\xmcy\Application\Runtime\Cache\Admin\b595b808c2ebeeeb0478ffc30bb4e87a.php 第 276 行.
INFO: Run Behavior\ParseTemplateBehavior [ RunTime:0.026770s ]
INFO: [ view_parse ] --END-- [ RunTime:0.026852s ]
INFO: [ view_filter ] --START--
INFO: Run Behavior\WriteHtmlCacheBehavior [ RunTime:0.000374s ]
INFO: [ view_filter ] --END-- [ RunTime:0.000435s ]
INFO: [ app_end ] --START--
INFO: Run Behavior\ShowPageTraceBehavior [ RunTime:0.000557s ]
INFO: [ app_end ] --END-- [ RunTime:0.000635s ]

[ 2018-01-17T09:48:35+08:00 ] 127.0.0.1 /xmcy/admin.php/Index/edit/id/3.html
INFO: [ app_init ] --START--
INFO: Run Behavior\BuildLiteBehavior [ RunTime:0.000016s ]
INFO: [ app_init ] --END-- [ RunTime:0.000489s ]
INFO: [ app_begin ] --START--
INFO: Run Behavior\ReadHtmlCacheBehavior [ RunTime:0.000560s ]
INFO: [ app_begin ] --END-- [ RunTime:0.000628s ]
SQL: SHOW COLUMNS FROM `ms_config` [ RunTime:0.0017s ]
SQL: SELECT * FROM `ms_config` WHERE `id` = 1 LIMIT 1   [ RunTime:0.0004s ]
SQL: SHOW COLUMNS FROM `ms_image` [ RunTime:0.0016s ]
SQL: SELECT * FROM `ms_image` WHERE `id` = 3 LIMIT 1   [ RunTime:0.0003s ]
INFO: [ view_parse ] --START--
INFO: [ template_filter ] --START--
INFO: Run Behavior\ContentReplaceBehavior [ RunTime:0.000111s ]
INFO: [ template_filter ] --END-- [ RunTime:0.000178s ]
INFO: Run Behavior\ParseTemplateBehavior [ RunTime:0.019043s ]
INFO: [ view_parse ] --END-- [ RunTime:0.019111s ]
INFO: [ view_filter ] --START--
INFO: Run Behavior\WriteHtmlCacheBehavior [ RunTime:0.000504s ]
INFO: [ view_filter ] --END-- [ RunTime:0.000565s ]
INFO: [ app_end ] --START--
INFO: Run Behavior\ShowPageTraceBehavior [ RunTime:0.000699s ]
INFO: [ app_end ] --END-- [ RunTime:0.000785s ]

[ 2018-01-17T09:48:35+08:00 ] 127.0.0.1 /xmcy/admin.php/Index/assets/img/full-screen-image-3.jpg
INFO: [ app_init ] --START--
INFO: Run Behavior\BuildLiteBehavior [ RunTime:0.000018s ]
INFO: [ app_init ] --END-- [ RunTime:0.000592s ]

[ 2018-01-17T09:49:25+08:00 ] 127.0.0.1 /xmcy/admin.php/Company/index.html
INFO: [ app_init ] --START--
INFO: Run Behavior\BuildLiteBehavior [ RunTime:0.000016s ]
INFO: [ app_init ] --END-- [ RunTime:0.000441s ]
INFO: [ app_begin ] --START--
INFO: Run Behavior\ReadHtmlCacheBehavior [ RunTime:0.000444s ]
INFO: [ app_begin ] --END-- [ RunTime:0.000508s ]
SQL: SHOW COLUMNS FROM `ms_config` [ RunTime:0.0022s ]
SQL: SELECT * FROM `ms_config` WHERE `id` = 1 LIMIT 1   [ RunTime:0.0005s ]
SQL: SELECT * FROM `ms_config` LIMIT 1   [ RunTime:0.0003s ]
INFO: [ view_parse ] --START--
INFO: [ template_filter ] --START--
INFO: Run Behavior\ContentReplaceBehavior [ RunTime:0.000125s ]
INFO: [ template_filter ] --END-- [ RunTime:0.000194s ]
NOTIC: [8] Undefined variable: admin E:\wamp\www\xmcy\Application\Runtime\Cache\Admin\6eb939ff62aea883767ed8fa0a0c5387.php 第 440 行.
NOTIC: [8] Undefined variable: admin E:\wamp\www\xmcy\Application\Runtime\Cache\Admin\6eb939ff62aea883767ed8fa0a0c5387.php 第 455 行.
INFO: Run Behavior\ParseTemplateBehavior [ RunTime:0.008279s ]
INFO: [ view_parse ] --END-- [ RunTime:0.008340s ]
INFO: [ view_filter ] --START--
INFO: Run Behavior\WriteHtmlCacheBehavior [ RunTime:0.000491s ]
INFO: [ view_filter ] --END-- [ RunTime:0.000551s ]
INFO: [ app_end ] --START--
INFO: Run Behavior\ShowPageTraceBehavior [ RunTime:0.000633s ]
INFO: [ app_end ] --END-- [ RunTime:0.000729s ]

[ 2018-01-17T10:18:20+08:00 ] 127.0.0.1 /xmcy/admin.php/News/index.html
INFO: [ app_init ] --START--
INFO: Run Behavior\BuildLiteBehavior [ RunTime:0.000018s ]
INFO: [ app_init ] --END-- [ RunTime:0.000554s ]
INFO: [ app_begin ] --START--
INFO: Run Behavior\ReadHtmlCacheBehavior [ RunTime:0.000636s ]
INFO: [ app_begin ] --END-- [ RunTime:0.000710s ]
SQL: SHOW COLUMNS FROM `ms_config` [ RunTime:0.0016s ]
SQL: SELECT * FROM `ms_config` WHERE `id` = 1 LIMIT 1   [ RunTime:0.0004s ]
SQL: SHOW COLUMNS FROM `ms_news` [ RunTime:0.0018s ]
SQL: SELECT COUNT(*) AS tp_count FROM `ms_news` ORDER BY id desc LIMIT 1   [ RunTime:0.0003s ]
SQL: SELECT * FROM `ms_news` ORDER BY id desc LIMIT 0,13   [ RunTime:0.0009s ]
SQL: SHOW COLUMNS FROM `ms_category` [ RunTime:0.0008s ]
SQL: SELECT * FROM `ms_category`  [ RunTime:0.0004s ]
INFO: [ view_parse ] --START--
INFO: [ template_filter ] --START--
INFO: Run Behavior\ContentReplaceBehavior [ RunTime:0.000128s ]
INFO: [ template_filter ] --END-- [ RunTime:0.000211s ]
NOTIC: [8] Undefined variable: category_id E:\wamp\www\xmcy\Application\Runtime\Cache\Admin\36087655c6ab8580337cdc45b35a926d.php 第 244 行.
NOTIC: [8] Undefined variable: category_id E:\wamp\www\xmcy\Application\Runtime\Cache\Admin\36087655c6ab8580337cdc45b35a926d.php 第 244 行.
NOTIC: [8] Undefined variable: category_id E:\wamp\www\xmcy\Application\Runtime\Cache\Admin\36087655c6ab8580337cdc45b35a926d.php 第 244 行.
NOTIC: [8] Undefined variable: category_id E:\wamp\www\xmcy\Application\Runtime\Cache\Admin\36087655c6ab8580337cdc45b35a926d.php 第 244 行.
NOTIC: [8] Undefined variable: category_id E:\wamp\www\xmcy\Application\Runtime\Cache\Admin\36087655c6ab8580337cdc45b35a926d.php 第 244 行.
NOTIC: [8] Undefined variable: category_id E:\wamp\www\xmcy\Application\Runtime\Cache\Admin\36087655c6ab8580337cdc45b35a926d.php 第 244 行.
NOTIC: [8] Undefined variable: category_id E:\wamp\www\xmcy\Application\Runtime\Cache\Admin\36087655c6ab8580337cdc45b35a926d.php 第 244 行.
NOTIC: [8] Undefined variable: category_id E:\wamp\www\xmcy\Application\Runtime\Cache\Admin\36087655c6ab8580337cdc45b35a926d.php 第 244 行.
NOTIC: [8] Undefined variable: category_id E:\wamp\www\xmcy\Application\Runtime\Cache\Admin\36087655c6ab8580337cdc45b35a926d.php 第 244 行.
NOTIC: [8] Undefined variable: category_id E:\wamp\www\xmcy\Application\Runtime\Cache\Admin\36087655c6ab8580337cdc45b35a926d.php 第 244 行.
NOTIC: [8] Undefined variable: category_id E:\wamp\www\xmcy\Application\Runtime\Cache\Admin\36087655c6ab8580337cdc45b35a926d.php 第 244 行.
NOTIC: [8] Undefined variable: category_id E:\wamp\www\xmcy\Application\Runtime\Cache\Admin\36087655c6ab8580337cdc45b35a926d.php 第 244 行.
NOTIC: [8] Undefined index: path E:\wamp\www\xmcy\Application\Runtime\Cache\Admin\36087655c6ab8580337cdc45b35a926d.php 第 274 行.
SQL: SELECT `category_name` FROM `ms_category` WHERE `category_id` = 1 LIMIT 1   [ RunTime:0.0004s ]
NOTIC: [8] Undefined index: report E:\wamp\www\xmcy\Application\Runtime\Cache\Admin\36087655c6ab8580337cdc45b35a926d.php 第 279 行.
NOTIC: [8] Undefined index: bepraise E:\wamp\www\xmcy\Application\Runtime\Cache\Admin\36087655c6ab8580337cdc45b35a926d.php 第 280 行.
NOTIC: [8] Undefined index: froms E:\wamp\www\xmcy\Application\Runtime\Cache\Admin\36087655c6ab8580337cdc45b35a926d.php 第 282 行.
NOTIC: [8] Undefined index: state E:\wamp\www\xmcy\Application\Runtime\Cache\Admin\36087655c6ab8580337cdc45b35a926d.php 第 285 行.
NOTIC: [8] Undefined index: path E:\wamp\www\xmcy\Application\Runtime\Cache\Admin\36087655c6ab8580337cdc45b35a926d.php 第 274 行.
SQL: SELECT `category_name` FROM `ms_category` WHERE `category_id` = 1 LIMIT 1   [ RunTime:0.0003s ]
NOTIC: [8] Undefined index: report E:\wamp\www\xmcy\Application\Runtime\Cache\Admin\36087655c6ab8580337cdc45b35a926d.php 第 279 行.
NOTIC: [8] Undefined index: bepraise E:\wamp\www\xmcy\Application\Runtime\Cache\Admin\36087655c6ab8580337cdc45b35a926d.php 第 280 行.
NOTIC: [8] Undefined index: froms E:\wamp\www\xmcy\Application\Runtime\Cache\Admin\36087655c6ab8580337cdc45b35a926d.php 第 282 行.
NOTIC: [8] Undefined index: state E:\wamp\www\xmcy\Application\Runtime\Cache\Admin\36087655c6ab8580337cdc45b35a926d.php 第 285 行.
NOTIC: [8] Undefined index: path E:\wamp\www\xmcy\Application\Runtime\Cache\Admin\36087655c6ab8580337cdc45b35a926d.php 第 274 行.
SQL: SELECT `category_name` FROM `ms_category` WHERE `category_id` = 1 LIMIT 1   [ RunTime:0.0005s ]
NOTIC: [8] Undefined index: report E:\wamp\www\xmcy\Application\Runtime\Cache\Admin\36087655c6ab8580337cdc45b35a926d.php 第 279 行.
NOTIC: [8] Undefined index: bepraise E:\wamp\www\xmcy\Application\Runtime\Cache\Admin\36087655c6ab8580337cdc45b35a926d.php 第 280 行.
NOTIC: [8] Undefined index: froms E:\wamp\www\xmcy\Application\Runtime\Cache\Admin\36087655c6ab8580337cdc45b35a926d.php 第 282 行.
NOTIC: [8] Undefined index: state E:\wamp\www\xmcy\Application\Runtime\Cache\Admin\36087655c6ab8580337cdc45b35a926d.php 第 285 行.
NOTIC: [8] Undefined index: path E:\wamp\www\xmcy\Application\Runtime\Cache\Admin\36087655c6ab8580337cdc45b35a926d.php 第 274 行.
SQL: SELECT `category_name` FROM `ms_category` WHERE `category_id` = 1 LIMIT 1   [ RunTime:0.0003s ]
NOTIC: [8] Undefined index: report E:\wamp\www\xmcy\Application\Runtime\Cache\Admin\36087655c6ab8580337cdc45b35a926d.php 第 279 行.
NOTIC: [8] Undefined index: bepraise E:\wamp\www\xmcy\Application\Runtime\Cache\Admin\36087655c6ab8580337cdc45b35a926d.php 第 280 行.
NOTIC: [8] Undefined index: froms E:\wamp\www\xmcy\Application\Runtime\Cache\Admin\36087655c6ab8580337cdc45b35a926d.php 第 282 行.
NOTIC: [8] Undefined index: state E:\wamp\www\xmcy\Application\Runtime\Cache\Admin\36087655c6ab8580337cdc45b35a926d.php 第 285 行.
NOTIC: [8] Undefined index: path E:\wamp\www\xmcy\Application\Runtime\Cache\Admin\36087655c6ab8580337cdc45b35a926d.php 第 274 行.
SQL: SELECT `category_name` FROM `ms_category` WHERE `category_id` = 1 LIMIT 1   [ RunTime:0.0003s ]
NOTIC: [8] Undefined index: report E:\wamp\www\xmcy\Application\Runtime\Cache\Admin\36087655c6ab8580337cdc45b35a926d.php 第 279 行.
NOTIC: [8] Undefined index: bepraise E:\wamp\www\xmcy\Application\Runtime\Cache\Admin\36087655c6ab8580337cdc45b35a926d.php 第 280 行.
NOTIC: [8] Undefined index: froms E:\wamp\www\xmcy\Application\Runtime\Cache\Admin\36087655c6ab8580337cdc45b35a926d.php 第 282 行.
NOTIC: [8] Undefined index: state E:\wamp\www\xmcy\Application\Runtime\Cache\Admin\36087655c6ab8580337cdc45b35a926d.php 第 285 行.
NOTIC: [8] Undefined index: path E:\wamp\www\xmcy\Application\Runtime\Cache\Admin\36087655c6ab8580337cdc45b35a926d.php 第 274 行.
SQL: SELECT `category_name` FROM `ms_category` WHERE `category_id` = 1 LIMIT 1   [ RunTime:0.0003s ]
NOTIC: [8] Undefined index: report E:\wamp\www\xmcy\Application\Runtime\Cache\Admin\36087655c6ab8580337cdc45b35a926d.php 第 279 行.
NOTIC: [8] Undefined index: bepraise E:\wamp\www\xmcy\Application\Runtime\Cache\Admin\36087655c6ab8580337cdc45b35a926d.php 第 280 行.
NOTIC: [8] Undefined index: froms E:\wamp\www\xmcy\Application\Runtime\Cache\Admin\36087655c6ab8580337cdc45b35a926d.php 第 282 行.
NOTIC: [8] Undefined index: state E:\wamp\www\xmcy\Application\Runtime\Cache\Admin\36087655c6ab8580337cdc45b35a926d.php 第 285 行.
NOTIC: [8] Undefined index: path E:\wamp\www\xmcy\Application\Runtime\Cache\Admin\36087655c6ab8580337cdc45b35a926d.php 第 274 行.
SQL: SELECT `category_name` FROM `ms_category` WHERE `category_id` = 1 LIMIT 1   [ RunTime:0.0003s ]
NOTIC: [8] Undefined index: report E:\wamp\www\xmcy\Application\Runtime\Cache\Admin\36087655c6ab8580337cdc45b35a926d.php 第 279 行.
NOTIC: [8] Undefined index: bepraise E:\wamp\www\xmcy\Application\Runtime\Cache\Admin\36087655c6ab8580337cdc45b35a926d.php 第 280 行.
NOTIC: [8] Undefined index: froms E:\wamp\www\xmcy\Application\Runtime\Cache\Admin\36087655c6ab8580337cdc45b35a926d.php 第 282 行.
NOTIC: [8] Undefined index: state E:\wamp\www\xmcy\Application\Runtime\Cache\Admin\36087655c6ab8580337cdc45b35a926d.php 第 285 行.
NOTIC: [8] Undefined index: path E:\wamp\www\xmcy\Application\Runtime\Cache\Admin\36087655c6ab8580337cdc45b35a926d.php 第 274 行.
SQL: SELECT `category_name` FROM `ms_category` WHERE `category_id` = 1 LIMIT 1   [ RunTime:0.0003s ]
NOTIC: [8] Undefined index: report E:\wamp\www\xmcy\Application\Runtime\Cache\Admin\36087655c6ab8580337cdc45b35a926d.php 第 279 行.
NOTIC: [8] Undefined index: bepraise E:\wamp\www\xmcy\Application\Runtime\Cache\Admin\36087655c6ab8580337cdc45b35a926d.php 第 280 行.
NOTIC: [8] Undefined index: froms E:\wamp\www\xmcy\Application\Runtime\Cache\Admin\36087655c6ab8580337cdc45b35a926d.php 第 282 行.
NOTIC: [8] Undefined index: state E:\wamp\www\xmcy\Application\Runtime\Cache\Admin\36087655c6ab8580337cdc45b35a926d.php 第 285 行.
NOTIC: [8] Undefined index: path E:\wamp\www\xmcy\Application\Runtime\Cache\Admin\36087655c6ab8580337cdc45b35a926d.php 第 274 行.
SQL: SELECT `category_name` FROM `ms_category` WHERE `category_id` = 1 LIMIT 1   [ RunTime:0.0003s ]
NOTIC: [8] Undefined index: report E:\wamp\www\xmcy\Application\Runtime\Cache\Admin\36087655c6ab8580337cdc45b35a926d.php 第 279 行.
NOTIC: [8] Undefined index: bepraise E:\wamp\www\xmcy\Application\Runtime\Cache\Admin\36087655c6ab8580337cdc45b35a926d.php 第 280 行.
NOTIC: [8] Undefined index: froms E:\wamp\www\xmcy\Application\Runtime\Cache\Admin\36087655c6ab8580337cdc45b35a926d.php 第 282 行.
NOTIC: [8] Undefined index: state E:\wamp\www\xmcy\Application\Runtime\Cache\Admin\36087655c6ab8580337cdc45b35a926d.php 第 285 行.
NOTIC: [8] Undefined index: path E:\wamp\www\xmcy\Application\Runtime\Cache\Admin\36087655c6ab8580337cdc45b35a926d.php 第 274 行.
SQL: SELECT `category_name` FROM `ms_category` WHERE `category_id` = 1 LIMIT 1   [ RunTime:0.0002s ]
NOTIC: [8] Undefined index: report E:\wamp\www\xmcy\Application\Runtime\Cache\Admin\36087655c6ab8580337cdc45b35a926d.php 第 279 行.
NOTIC: [8] Undefined index: bepraise E:\wamp\www\xmcy\Application\Runtime\Cache\Admin\36087655c6ab8580337cdc45b35a926d.php 第 280 行.
NOTIC: [8] Undefined index: froms E:\wamp\www\xmcy\Application\Runtime\Cache\Admin\36087655c6ab8580337cdc45b35a926d.php 第 282 行.
NOTIC: [8] Undefined index: state E:\wamp\www\xmcy\Application\Runtime\Cache\Admin\36087655c6ab8580337cdc45b35a926d.php 第 285 行.
NOTIC: [8] Undefined index: path E:\wamp\www\xmcy\Application\Runtime\Cache\Admin\36087655c6ab8580337cdc45b35a926d.php 第 274 行.
SQL: SELECT `category_name` FROM `ms_category` WHERE `category_id` = 1 LIMIT 1   [ RunTime:0.0003s ]
NOTIC: [8] Undefined index: report E:\wamp\www\xmcy\Application\Runtime\Cache\Admin\36087655c6ab8580337cdc45b35a926d.php 第 279 行.
NOTIC: [8] Undefined index: bepraise E:\wamp\www\xmcy\Application\Runtime\Cache\Admin\36087655c6ab8580337cdc45b35a926d.php 第 280 行.
NOTIC: [8] Undefined index: froms E:\wamp\www\xmcy\Application\Runtime\Cache\Admin\36087655c6ab8580337cdc45b35a926d.php 第 282 行.
NOTIC: [8] Undefined index: state E:\wamp\www\xmcy\Application\Runtime\Cache\Admin\36087655c6ab8580337cdc45b35a926d.php 第 285 行.
NOTIC: [8] Undefined index: path E:\wamp\www\xmcy\Application\Runtime\Cache\Admin\36087655c6ab8580337cdc45b35a926d.php 第 274 行.
SQL: SELECT `category_name` FROM `ms_category` WHERE `category_id` = 2 LIMIT 1   [ RunTime:0.0003s ]
NOTIC: [8] Undefined index: report E:\wamp\www\xmcy\Application\Runtime\Cache\Admin\36087655c6ab8580337cdc45b35a926d.php 第 279 行.
NOTIC: [8] Undefined index: bepraise E:\wamp\www\xmcy\Application\Runtime\Cache\Admin\36087655c6ab8580337cdc45b35a926d.php 第 280 行.
NOTIC: [8] Undefined index: froms E:\wamp\www\xmcy\Application\Runtime\Cache\Admin\36087655c6ab8580337cdc45b35a926d.php 第 282 行.
NOTIC: [8] Undefined index: state E:\wamp\www\xmcy\Application\Runtime\Cache\Admin\36087655c6ab8580337cdc45b35a926d.php 第 285 行.
NOTIC: [8] Undefined index: path E:\wamp\www\xmcy\Application\Runtime\Cache\Admin\36087655c6ab8580337cdc45b35a926d.php 第 274 行.
SQL: SELECT `category_name` FROM `ms_category` WHERE `category_id` = 7 LIMIT 1   [ RunTime:0.0003s ]
NOTIC: [8] Undefined index: report E:\wamp\www\xmcy\Application\Runtime\Cache\Admin\36087655c6ab8580337cdc45b35a926d.php 第 279 行.
NOTIC: [8] Undefined index: bepraise E:\wamp\www\xmcy\Application\Runtime\Cache\Admin\36087655c6ab8580337cdc45b35a926d.php 第 280 行.
NOTIC: [8] Undefined index: froms E:\wamp\www\xmcy\Application\Runtime\Cache\Admin\36087655c6ab8580337cdc45b35a926d.php 第 282 行.
NOTIC: [8] Undefined index: state E:\wamp\www\xmcy\Application\Runtime\Cache\Admin\36087655c6ab8580337cdc45b35a926d.php 第 285 行.
NOTIC: [8] Undefined variable: post E:\wamp\www\xmcy\Application\Runtime\Cache\Admin\36087655c6ab8580337cdc45b35a926d.php 第 436 行.
NOTIC: [8] Undefined variable: post E:\wamp\www\xmcy\Application\Runtime\Cache\Admin\36087655c6ab8580337cdc45b35a926d.php 第 437 行.
NOTIC: [8] Undefined variable: post E:\wamp\www\xmcy\Application\Runtime\Cache\Admin\36087655c6ab8580337cdc45b35a926d.php 第 440 行.
NOTIC: [8] Undefined variable: post E:\wamp\www\xmcy\Application\Runtime\Cache\Admin\36087655c6ab8580337cdc45b35a926d.php 第 441 行.
NOTIC: [8] Undefined variable: post E:\wamp\www\xmcy\Application\Runtime\Cache\Admin\36087655c6ab8580337cdc45b35a926d.php 第 444 行.
NOTIC: [8] Undefined variable: post E:\wamp\www\xmcy\Application\Runtime\Cache\Admin\36087655c6ab8580337cdc45b35a926d.php 第 445 行.
INFO: Run Behavior\ParseTemplateBehavior [ RunTime:0.024783s ]
INFO: [ view_parse ] --END-- [ RunTime:0.024846s ]
INFO: [ view_filter ] --START--
INFO: Run Behavior\WriteHtmlCacheBehavior [ RunTime:0.000615s ]
INFO: [ view_filter ] --END-- [ RunTime:0.000681s ]
INFO: [ app_end ] --START--
INFO: Run Behavior\ShowPageTraceBehavior [ RunTime:0.000716s ]
INFO: [ app_end ] --END-- [ RunTime:0.000795s ]

[ 2018-01-17T10:19:35+08:00 ] 127.0.0.1 /xmcy/admin.php/News/add.html
INFO: [ app_init ] --START--
INFO: Run Behavior\BuildLiteBehavior [ RunTime:0.000016s ]
INFO: [ app_init ] --END-- [ RunTime:0.000465s ]
INFO: [ app_begin ] --START--
INFO: Run Behavior\ReadHtmlCacheBehavior [ RunTime:0.000563s ]
INFO: [ app_begin ] --END-- [ RunTime:0.000634s ]
SQL: SHOW COLUMNS FROM `ms_config` [ RunTime:0.0015s ]
SQL: SELECT * FROM `ms_config` WHERE `id` = 1 LIMIT 1   [ RunTime:0.0003s ]
SQL: SHOW COLUMNS FROM `ms_category` [ RunTime:0.0011s ]
SQL: SELECT * FROM `ms_category`  [ RunTime:0.0004s ]
INFO: [ view_parse ] --START--
INFO: [ template_filter ] --START--
INFO: Run Behavior\ContentReplaceBehavior [ RunTime:0.000147s ]
INFO: [ template_filter ] --END-- [ RunTime:0.000250s ]
NOTIC: [8] Undefined variable: production E:\wamp\www\xmcy\Application\Runtime\Cache\Admin\2dfc02e2d7eeff6052237f403f7435fe.php 第 402 行.
INFO: Run Behavior\ParseTemplateBehavior [ RunTime:0.025361s ]
INFO: [ view_parse ] --END-- [ RunTime:0.025424s ]
INFO: [ view_filter ] --START--
INFO: Run Behavior\WriteHtmlCacheBehavior [ RunTime:0.000479s ]
INFO: [ view_filter ] --END-- [ RunTime:0.000540s ]
INFO: [ app_end ] --START--
INFO: Run Behavior\ShowPageTraceBehavior [ RunTime:0.000563s ]
INFO: [ app_end ] --END-- [ RunTime:0.000653s ]

[ 2018-01-17T10:19:36+08:00 ] 127.0.0.1 /xmcy/admin.php/News/category.html
INFO: [ app_init ] --START--
INFO: Run Behavior\BuildLiteBehavior [ RunTime:0.000027s ]
INFO: [ app_init ] --END-- [ RunTime:0.000567s ]
INFO: [ app_begin ] --START--
INFO: Run Behavior\ReadHtmlCacheBehavior [ RunTime:0.000636s ]
INFO: [ app_begin ] --END-- [ RunTime:0.000719s ]
SQL: SHOW COLUMNS FROM `ms_config` [ RunTime:0.0015s ]
SQL: SELECT * FROM `ms_config` WHERE `id` = 1 LIMIT 1   [ RunTime:0.0004s ]
SQL: SHOW COLUMNS FROM `ms_category` [ RunTime:0.0008s ]
SQL: SELECT COUNT(*) AS tp_count FROM `ms_category` LIMIT 1   [ RunTime:0.0004s ]
SQL: SELECT * FROM `ms_category` LIMIT 0,15   [ RunTime:0.0006s ]
INFO: [ view_parse ] --START--
INFO: [ template_filter ] --START--
INFO: Run Behavior\ContentReplaceBehavior [ RunTime:0.000112s ]
INFO: [ template_filter ] --END-- [ RunTime:0.000178s ]
NOTIC: [8] Undefined index: id E:\wamp\www\xmcy\Application\Runtime\Cache\Admin\1af99151747330c06073cf3de7b9aae6.php 第 270 行.
NOTIC: [8] Undefined index: id E:\wamp\www\xmcy\Application\Runtime\Cache\Admin\1af99151747330c06073cf3de7b9aae6.php 第 270 行.
NOTIC: [8] Undefined index: id E:\wamp\www\xmcy\Application\Runtime\Cache\Admin\1af99151747330c06073cf3de7b9aae6.php 第 270 行.
NOTIC: [8] Undefined index: id E:\wamp\www\xmcy\Application\Runtime\Cache\Admin\1af99151747330c06073cf3de7b9aae6.php 第 270 行.
NOTIC: [8] Undefined index: id E:\wamp\www\xmcy\Application\Runtime\Cache\Admin\1af99151747330c06073cf3de7b9aae6.php 第 270 行.
NOTIC: [8] Undefined index: id E:\wamp\www\xmcy\Application\Runtime\Cache\Admin\1af99151747330c06073cf3de7b9aae6.php 第 270 行.
NOTIC: [8] Undefined index: id E:\wamp\www\xmcy\Application\Runtime\Cache\Admin\1af99151747330c06073cf3de7b9aae6.php 第 270 行.
NOTIC: [8] Undefined index: id E:\wamp\www\xmcy\Application\Runtime\Cache\Admin\1af99151747330c06073cf3de7b9aae6.php 第 270 行.
NOTIC: [8] Undefined index: id E:\wamp\www\xmcy\Application\Runtime\Cache\Admin\1af99151747330c06073cf3de7b9aae6.php 第 270 行.
NOTIC: [8] Undefined index: id E:\wamp\www\xmcy\Application\Runtime\Cache\Admin\1af99151747330c06073cf3de7b9aae6.php 第 270 行.
NOTIC: [8] Undefined index: id E:\wamp\www\xmcy\Application\Runtime\Cache\Admin\1af99151747330c06073cf3de7b9aae6.php 第 270 行.
NOTIC: [8] Undefined index: id E:\wamp\www\xmcy\Application\Runtime\Cache\Admin\1af99151747330c06073cf3de7b9aae6.php 第 270 行.
NOTIC: [8] Undefined index: id E:\wamp\www\xmcy\Application\Runtime\Cache\Admin\1af99151747330c06073cf3de7b9aae6.php 第 270 行.
NOTIC: [8] Undefined index: id E:\wamp\www\xmcy\Application\Runtime\Cache\Admin\1af99151747330c06073cf3de7b9aae6.php 第 270 行.
NOTIC: [8] Undefined index: id E:\wamp\www\xmcy\Application\Runtime\Cache\Admin\1af99151747330c06073cf3de7b9aae6.php 第 270 行.
NOTIC: [8] Undefined index: id E:\wamp\www\xmcy\Application\Runtime\Cache\Admin\1af99151747330c06073cf3de7b9aae6.php 第 270 行.
NOTIC: [8] Undefined index: id E:\wamp\www\xmcy\Application\Runtime\Cache\Admin\1af99151747330c06073cf3de7b9aae6.php 第 270 行.
NOTIC: [8] Undefined index: id E:\wamp\www\xmcy\Application\Runtime\Cache\Admin\1af99151747330c06073cf3de7b9aae6.php 第 270 行.
NOTIC: [8] Undefined index: id E:\wamp\www\xmcy\Application\Runtime\Cache\Admin\1af99151747330c06073cf3de7b9aae6.php 第 270 行.
NOTIC: [8] Undefined index: id E:\wamp\www\xmcy\Application\Runtime\Cache\Admin\1af99151747330c06073cf3de7b9aae6.php 第 270 行.
NOTIC: [8] Undefined index: id E:\wamp\www\xmcy\Application\Runtime\Cache\Admin\1af99151747330c06073cf3de7b9aae6.php 第 270 行.
NOTIC: [8] Undefined index: id E:\wamp\www\xmcy\Application\Runtime\Cache\Admin\1af99151747330c06073cf3de7b9aae6.php 第 270 行.
NOTIC: [8] Undefined index: id E:\wamp\www\xmcy\Application\Runtime\Cache\Admin\1af99151747330c06073cf3de7b9aae6.php 第 270 行.
NOTIC: [8] Undefined index: id E:\wamp\www\xmcy\Application\Runtime\Cache\Admin\1af99151747330c06073cf3de7b9aae6.php 第 270 行.
NOTIC: [8] Undefined index: id E:\wamp\www\xmcy\Application\Runtime\Cache\Admin\1af99151747330c06073cf3de7b9aae6.php 第 270 行.
NOTIC: [8] Undefined index: id E:\wamp\www\xmcy\Application\Runtime\Cache\Admin\1af99151747330c06073cf3de7b9aae6.php 第 270 行.
NOTIC: [8] Undefined index: id E:\wamp\www\xmcy\Application\Runtime\Cache\Admin\1af99151747330c06073cf3de7b9aae6.php 第 270 行.
NOTIC: [8] Undefined index: id E:\wamp\www\xmcy\Application\Runtime\Cache\Admin\1af99151747330c06073cf3de7b9aae6.php 第 270 行.
NOTIC: [8] Undefined index: id E:\wamp\www\xmcy\Application\Runtime\Cache\Admin\1af99151747330c06073cf3de7b9aae6.php 第 270 行.
NOTIC: [8] Undefined index: id E:\wamp\www\xmcy\Application\Runtime\Cache\Admin\1af99151747330c06073cf3de7b9aae6.php 第 270 行.
NOTIC: [8] Undefined index: id E:\wamp\www\xmcy\Application\Runtime\Cache\Admin\1af99151747330c06073cf3de7b9aae6.php 第 270 行.
NOTIC: [8] Undefined index: id E:\wamp\www\xmcy\Application\Runtime\Cache\Admin\1af99151747330c06073cf3de7b9aae6.php 第 270 行.
NOTIC: [8] Undefined index: id E:\wamp\www\xmcy\Application\Runtime\Cache\Admin\1af99151747330c06073cf3de7b9aae6.php 第 270 行.
NOTIC: [8] Undefined index: id E:\wamp\www\xmcy\Application\Runtime\Cache\Admin\1af99151747330c06073cf3de7b9aae6.php 第 270 行.
NOTIC: [8] Undefined index: id E:\wamp\www\xmcy\Application\Runtime\Cache\Admin\1af99151747330c06073cf3de7b9aae6.php 第 270 行.
NOTIC: [8] Undefined index: id E:\wamp\www\xmcy\Application\Runtime\Cache\Admin\1af99151747330c06073cf3de7b9aae6.php 第 270 行.
NOTIC: [8] Undefined variable: post E:\wamp\www\xmcy\Application\Runtime\Cache\Admin\1af99151747330c06073cf3de7b9aae6.php 第 414 行.
NOTIC: [8] Undefined variable: post E:\wamp\www\xmcy\Application\Runtime\Cache\Admin\1af99151747330c06073cf3de7b9aae6.php 第 415 行.
NOTIC: [8] Undefined variable: post E:\wamp\www\xmcy\Application\Runtime\Cache\Admin\1af99151747330c06073cf3de7b9aae6.php 第 418 行.
NOTIC: [8] Undefined variable: post E:\wamp\www\xmcy\Application\Runtime\Cache\Admin\1af99151747330c06073cf3de7b9aae6.php 第 419 行.
NOTIC: [8] Undefined variable: post E:\wamp\www\xmcy\Application\Runtime\Cache\Admin\1af99151747330c06073cf3de7b9aae6.php 第 422 行.
NOTIC: [8] Undefined variable: post E:\wamp\www\xmcy\Application\Runtime\Cache\Admin\1af99151747330c06073cf3de7b9aae6.php 第 423 行.
INFO: Run Behavior\ParseTemplateBehavior [ RunTime:0.024834s ]
INFO: [ view_parse ] --END-- [ RunTime:0.024897s ]
INFO: [ view_filter ] --START--
INFO: Run Behavior\WriteHtmlCacheBehavior [ RunTime:0.000566s ]
INFO: [ view_filter ] --END-- [ RunTime:0.000626s ]
INFO: [ app_end ] --START--
INFO: Run Behavior\ShowPageTraceBehavior [ RunTime:0.000565s ]
INFO: [ app_end ] --END-- [ RunTime:0.000645s ]

[ 2018-01-17T10:27:19+08:00 ] 127.0.0.1 /xmcy/admin.php/News/category_edit/id/8.html
INFO: [ app_init ] --START--
INFO: Run Behavior\BuildLiteBehavior [ RunTime:0.000017s ]
INFO: [ app_init ] --END-- [ RunTime:0.000473s ]
INFO: [ app_begin ] --START--
INFO: Run Behavior\ReadHtmlCacheBehavior [ RunTime:0.000601s ]
INFO: [ app_begin ] --END-- [ RunTime:0.000670s ]
SQL: SHOW COLUMNS FROM `ms_config` [ RunTime:0.0021s ]
SQL: SELECT * FROM `ms_config` WHERE `id` = 1 LIMIT 1   [ RunTime:0.0008s ]
SQL: SHOW COLUMNS FROM `ms_category` [ RunTime:0.0014s ]
SQL: SELECT * FROM `ms_category` WHERE `category_id` = 8 LIMIT 1   [ RunTime:0.0008s ]
INFO: [ view_parse ] --START--
INFO: [ template_filter ] --START--
INFO: Run Behavior\ContentReplaceBehavior [ RunTime:0.000101s ]
INFO: [ template_filter ] --END-- [ RunTime:0.000168s ]
NOTIC: [8] Undefined variable: url E:\wamp\www\xmcy\Application\Runtime\Cache\Admin\9363788e1745fc6cad282bda9eaaef22.php 第 336 行.
INFO: Run Behavior\ParseTemplateBehavior [ RunTime:0.022179s ]
INFO: [ view_parse ] --END-- [ RunTime:0.022247s ]
INFO: [ view_filter ] --START--
INFO: Run Behavior\WriteHtmlCacheBehavior [ RunTime:0.000577s ]
INFO: [ view_filter ] --END-- [ RunTime:0.000642s ]
INFO: [ app_end ] --START--
INFO: Run Behavior\ShowPageTraceBehavior [ RunTime:0.000762s ]
INFO: [ app_end ] --END-- [ RunTime:0.000836s ]

[ 2018-01-17T10:27:20+08:00 ] 127.0.0.1 /xmcy/admin.php/News/assets/img/full-screen-image-3.jpg
INFO: [ app_init ] --START--
INFO: Run Behavior\BuildLiteBehavior [ RunTime:0.000016s ]
INFO: [ app_init ] --END-- [ RunTime:0.000445s ]

[ 2018-01-17T10:35:45+08:00 ] 127.0.0.1 /xmcy/admin.php/News/category.html
INFO: [ app_init ] --START--
INFO: Run Behavior\BuildLiteBehavior [ RunTime:0.000021s ]
INFO: [ app_init ] --END-- [ RunTime:0.000561s ]
INFO: [ app_begin ] --START--
INFO: Run Behavior\ReadHtmlCacheBehavior [ RunTime:0.000634s ]
INFO: [ app_begin ] --END-- [ RunTime:0.000721s ]
SQL: SHOW COLUMNS FROM `ms_config` [ RunTime:0.0009s ]
SQL: SELECT * FROM `ms_config` WHERE `id` = 1 LIMIT 1   [ RunTime:0.0003s ]
SQL: SHOW COLUMNS FROM `ms_category` [ RunTime:0.0005s ]
SQL: SELECT COUNT(*) AS tp_count FROM `ms_category` LIMIT 1   [ RunTime:0.0002s ]
SQL: SELECT * FROM `ms_category` LIMIT 0,15   [ RunTime:0.0003s ]
INFO: [ view_parse ] --START--
INFO: [ template_filter ] --START--
INFO: Run Behavior\ContentReplaceBehavior [ RunTime:0.000115s ]
INFO: [ template_filter ] --END-- [ RunTime:0.000180s ]
NOTIC: [8] Undefined index: id E:\wamp\www\xmcy\Application\Runtime\Cache\Admin\1af99151747330c06073cf3de7b9aae6.php 第 270 行.
NOTIC: [8] Undefined index: id E:\wamp\www\xmcy\Application\Runtime\Cache\Admin\1af99151747330c06073cf3de7b9aae6.php 第 270 行.
NOTIC: [8] Undefined index: id E:\wamp\www\xmcy\Application\Runtime\Cache\Admin\1af99151747330c06073cf3de7b9aae6.php 第 270 行.
NOTIC: [8] Undefined index: id E:\wamp\www\xmcy\Application\Runtime\Cache\Admin\1af99151747330c06073cf3de7b9aae6.php 第 270 行.
NOTIC: [8] Undefined index: id E:\wamp\www\xmcy\Application\Runtime\Cache\Admin\1af99151747330c06073cf3de7b9aae6.php 第 270 行.
NOTIC: [8] Undefined index: id E:\wamp\www\xmcy\Application\Runtime\Cache\Admin\1af99151747330c06073cf3de7b9aae6.php 第 270 行.
NOTIC: [8] Undefined index: id E:\wamp\www\xmcy\Application\Runtime\Cache\Admin\1af99151747330c06073cf3de7b9aae6.php 第 270 行.
NOTIC: [8] Undefined index: id E:\wamp\www\xmcy\Application\Runtime\Cache\Admin\1af99151747330c06073cf3de7b9aae6.php 第 270 行.
NOTIC: [8] Undefined index: id E:\wamp\www\xmcy\Application\Runtime\Cache\Admin\1af99151747330c06073cf3de7b9aae6.php 第 270 行.
NOTIC: [8] Undefined index: id E:\wamp\www\xmcy\Application\Runtime\Cache\Admin\1af99151747330c06073cf3de7b9aae6.php 第 270 行.
NOTIC: [8] Undefined index: id E:\wamp\www\xmcy\Application\Runtime\Cache\Admin\1af99151747330c06073cf3de7b9aae6.php 第 270 行.
NOTIC: [8] Undefined index: id E:\wamp\www\xmcy\Application\Runtime\Cache\Admin\1af99151747330c06073cf3de7b9aae6.php 第 270 行.
NOTIC: [8] Undefined index: id E:\wamp\www\xmcy\Application\Runtime\Cache\Admin\1af99151747330c06073cf3de7b9aae6.php 第 270 行.
NOTIC: [8] Undefined index: id E:\wamp\www\xmcy\Application\Runtime\Cache\Admin\1af99151747330c06073cf3de7b9aae6.php 第 270 行.
NOTIC: [8] Undefined index: id E:\wamp\www\xmcy\Application\Runtime\Cache\Admin\1af99151747330c06073cf3de7b9aae6.php 第 270 行.
NOTIC: [8] Undefined index: id E:\wamp\www\xmcy\Application\Runtime\Cache\Admin\1af99151747330c06073cf3de7b9aae6.php 第 270 行.
NOTIC: [8] Undefined index: id E:\wamp\www\xmcy\Application\Runtime\Cache\Admin\1af99151747330c06073cf3de7b9aae6.php 第 270 行.
NOTIC: [8] Undefined index: id E:\wamp\www\xmcy\Application\Runtime\Cache\Admin\1af99151747330c06073cf3de7b9aae6.php 第 270 行.
NOTIC: [8] Undefined index: id E:\wamp\www\xmcy\Application\Runtime\Cache\Admin\1af99151747330c06073cf3de7b9aae6.php 第 270 行.
NOTIC: [8] Undefined index: id E:\wamp\www\xmcy\Application\Runtime\Cache\Admin\1af99151747330c06073cf3de7b9aae6.php 第 270 行.
NOTIC: [8] Undefined index: id E:\wamp\www\xmcy\Application\Runtime\Cache\Admin\1af99151747330c06073cf3de7b9aae6.php 第 270 行.
NOTIC: [8] Undefined index: id E:\wamp\www\xmcy\Application\Runtime\Cache\Admin\1af99151747330c06073cf3de7b9aae6.php 第 270 行.
NOTIC: [8] Undefined index: id E:\wamp\www\xmcy\Application\Runtime\Cache\Admin\1af99151747330c06073cf3de7b9aae6.php 第 270 行.
NOTIC: [8] Undefined index: id E:\wamp\www\xmcy\Application\Runtime\Cache\Admin\1af99151747330c06073cf3de7b9aae6.php 第 270 行.
NOTIC: [8] Undefined index: id E:\wamp\www\xmcy\Application\Runtime\Cache\Admin\1af99151747330c06073cf3de7b9aae6.php 第 270 行.
NOTIC: [8] Undefined index: id E:\wamp\www\xmcy\Application\Runtime\Cache\Admin\1af99151747330c06073cf3de7b9aae6.php 第 270 行.
NOTIC: [8] Undefined index: id E:\wamp\www\xmcy\Application\Runtime\Cache\Admin\1af99151747330c06073cf3de7b9aae6.php 第 270 行.
NOTIC: [8] Undefined index: id E:\wamp\www\xmcy\Application\Runtime\Cache\Admin\1af99151747330c06073cf3de7b9aae6.php 第 270 行.
NOTIC: [8] Undefined index: id E:\wamp\www\xmcy\Application\Runtime\Cache\Admin\1af99151747330c06073cf3de7b9aae6.php 第 270 行.
NOTIC: [8] Undefined index: id E:\wamp\www\xmcy\Application\Runtime\Cache\Admin\1af99151747330c06073cf3de7b9aae6.php 第 270 行.
NOTIC: [8] Undefined index: id E:\wamp\www\xmcy\Application\Runtime\Cache\Admin\1af99151747330c06073cf3de7b9aae6.php 第 270 行.
NOTIC: [8] Undefined index: id E:\wamp\www\xmcy\Application\Runtime\Cache\Admin\1af99151747330c06073cf3de7b9aae6.php 第 270 行.
NOTIC: [8] Undefined index: id E:\wamp\www\xmcy\Application\Runtime\Cache\Admin\1af99151747330c06073cf3de7b9aae6.php 第 270 行.
NOTIC: [8] Undefined index: id E:\wamp\www\xmcy\Application\Runtime\Cache\Admin\1af99151747330c06073cf3de7b9aae6.php 第 270 行.
NOTIC: [8] Undefined index: id E:\wamp\www\xmcy\Application\Runtime\Cache\Admin\1af99151747330c06073cf3de7b9aae6.php 第 270 行.
NOTIC: [8] Undefined index: id E:\wamp\www\xmcy\Application\Runtime\Cache\Admin\1af99151747330c06073cf3de7b9aae6.php 第 270 行.
NOTIC: [8] Undefined variable: post E:\wamp\www\xmcy\Application\Runtime\Cache\Admin\1af99151747330c06073cf3de7b9aae6.php 第 414 行.
NOTIC: [8] Undefined variable: post E:\wamp\www\xmcy\Application\Runtime\Cache\Admin\1af99151747330c06073cf3de7b9aae6.php 第 415 行.
NOTIC: [8] Undefined variable: post E:\wamp\www\xmcy\Application\Runtime\Cache\Admin\1af99151747330c06073cf3de7b9aae6.php 第 418 行.
NOTIC: [8] Undefined variable: post E:\wamp\www\xmcy\Application\Runtime\Cache\Admin\1af99151747330c06073cf3de7b9aae6.php 第 419 行.
NOTIC: [8] Undefined variable: post E:\wamp\www\xmcy\Application\Runtime\Cache\Admin\1af99151747330c06073cf3de7b9aae6.php 第 422 行.
NOTIC: [8] Undefined variable: post E:\wamp\www\xmcy\Application\Runtime\Cache\Admin\1af99151747330c06073cf3de7b9aae6.php 第 423 行.
INFO: Run Behavior\ParseTemplateBehavior [ RunTime:0.012002s ]
INFO: [ view_parse ] --END-- [ RunTime:0.012072s ]
INFO: [ view_filter ] --START--
INFO: Run Behavior\WriteHtmlCacheBehavior [ RunTime:0.000567s ]
INFO: [ view_filter ] --END-- [ RunTime:0.000635s ]
INFO: [ app_end ] --START--
INFO: Run Behavior\ShowPageTraceBehavior [ RunTime:0.000812s ]
INFO: [ app_end ] --END-- [ RunTime:0.001036s ]

[ 2018-01-17T10:35:51+08:00 ] 127.0.0.1 /xmcy/admin.php/Partner/index.html
INFO: [ app_init ] --START--
INFO: Run Behavior\BuildLiteBehavior [ RunTime:0.000016s ]
INFO: [ app_init ] --END-- [ RunTime:0.000448s ]
INFO: [ app_begin ] --START--
INFO: Run Behavior\ReadHtmlCacheBehavior [ RunTime:0.000471s ]
INFO: [ app_begin ] --END-- [ RunTime:0.000534s ]
SQL: SHOW COLUMNS FROM `ms_config` [ RunTime:0.0006s ]
SQL: SELECT * FROM `ms_config` WHERE `id` = 1 LIMIT 1   [ RunTime:0.0003s ]
SQL: SHOW COLUMNS FROM `ms_partner` [ RunTime:0.0075s ]
SQL: SELECT COUNT(*) AS tp_count FROM `ms_partner` ORDER BY id desc LIMIT 1   [ RunTime:0.0003s ]
SQL: SELECT * FROM `ms_partner` LIMIT 0,13   [ RunTime:0.0004s ]
INFO: [ view_parse ] --START--
INFO: [ template_filter ] --START--
INFO: Run Behavior\ContentReplaceBehavior [ RunTime:0.000118s ]
INFO: [ template_filter ] --END-- [ RunTime:0.000184s ]
NOTIC: [8] Undefined index: path E:\wamp\www\xmcy\Application\Runtime\Cache\Admin\b00d2dc38a9c99b026d9919a1acc8aaf.php 第 271 行.
NOTIC: [8] Undefined index: report E:\wamp\www\xmcy\Application\Runtime\Cache\Admin\b00d2dc38a9c99b026d9919a1acc8aaf.php 第 276 行.
NOTIC: [8] Undefined index: bepraise E:\wamp\www\xmcy\Application\Runtime\Cache\Admin\b00d2dc38a9c99b026d9919a1acc8aaf.php 第 277 行.
NOTIC: [8] Undefined index: froms E:\wamp\www\xmcy\Application\Runtime\Cache\Admin\b00d2dc38a9c99b026d9919a1acc8aaf.php 第 279 行.
NOTIC: [8] Undefined index: state E:\wamp\www\xmcy\Application\Runtime\Cache\Admin\b00d2dc38a9c99b026d9919a1acc8aaf.php 第 282 行.
NOTIC: [8] Undefined index: path E:\wamp\www\xmcy\Application\Runtime\Cache\Admin\b00d2dc38a9c99b026d9919a1acc8aaf.php 第 271 行.
NOTIC: [8] Undefined index: report E:\wamp\www\xmcy\Application\Runtime\Cache\Admin\b00d2dc38a9c99b026d9919a1acc8aaf.php 第 276 行.
NOTIC: [8] Undefined index: bepraise E:\wamp\www\xmcy\Application\Runtime\Cache\Admin\b00d2dc38a9c99b026d9919a1acc8aaf.php 第 277 行.
NOTIC: [8] Undefined index: froms E:\wamp\www\xmcy\Application\Runtime\Cache\Admin\b00d2dc38a9c99b026d9919a1acc8aaf.php 第 279 行.
NOTIC: [8] Undefined index: state E:\wamp\www\xmcy\Application\Runtime\Cache\Admin\b00d2dc38a9c99b026d9919a1acc8aaf.php 第 282 行.
NOTIC: [8] Undefined index: path E:\wamp\www\xmcy\Application\Runtime\Cache\Admin\b00d2dc38a9c99b026d9919a1acc8aaf.php 第 271 行.
NOTIC: [8] Undefined index: report E:\wamp\www\xmcy\Application\Runtime\Cache\Admin\b00d2dc38a9c99b026d9919a1acc8aaf.php 第 276 行.
NOTIC: [8] Undefined index: bepraise E:\wamp\www\xmcy\Application\Runtime\Cache\Admin\b00d2dc38a9c99b026d9919a1acc8aaf.php 第 277 行.
NOTIC: [8] Undefined index: froms E:\wamp\www\xmcy\Application\Runtime\Cache\Admin\b00d2dc38a9c99b026d9919a1acc8aaf.php 第 279 行.
NOTIC: [8] Undefined index: state E:\wamp\www\xmcy\Application\Runtime\Cache\Admin\b00d2dc38a9c99b026d9919a1acc8aaf.php 第 282 行.
NOTIC: [8] Undefined index: path E:\wamp\www\xmcy\Application\Runtime\Cache\Admin\b00d2dc38a9c99b026d9919a1acc8aaf.php 第 271 行.
NOTIC: [8] Undefined index: report E:\wamp\www\xmcy\Application\Runtime\Cache\Admin\b00d2dc38a9c99b026d9919a1acc8aaf.php 第 276 行.
NOTIC: [8] Undefined index: bepraise E:\wamp\www\xmcy\Application\Runtime\Cache\Admin\b00d2dc38a9c99b026d9919a1acc8aaf.php 第 277 行.
NOTIC: [8] Undefined index: froms E:\wamp\www\xmcy\Application\Runtime\Cache\Admin\b00d2dc38a9c99b026d9919a1acc8aaf.php 第 279 行.
NOTIC: [8] Undefined index: state E:\wamp\www\xmcy\Application\Runtime\Cache\Admin\b00d2dc38a9c99b026d9919a1acc8aaf.php 第 282 行.
NOTIC: [8] Undefined index: path E:\wamp\www\xmcy\Application\Runtime\Cache\Admin\b00d2dc38a9c99b026d9919a1acc8aaf.php 第 271 行.
NOTIC: [8] Undefined index: report E:\wamp\www\xmcy\Application\Runtime\Cache\Admin\b00d2dc38a9c99b026d9919a1acc8aaf.php 第 276 行.
NOTIC: [8] Undefined index: bepraise E:\wamp\www\xmcy\Application\Runtime\Cache\Admin\b00d2dc38a9c99b026d9919a1acc8aaf.php 第 277 行.
NOTIC: [8] Undefined index: froms E:\wamp\www\xmcy\Application\Runtime\Cache\Admin\b00d2dc38a9c99b026d9919a1acc8aaf.php 第 279 行.
NOTIC: [8] Undefined index: state E:\wamp\www\xmcy\Application\Runtime\Cache\Admin\b00d2dc38a9c99b026d9919a1acc8aaf.php 第 282 行.
NOTIC: [8] Undefined index: path E:\wamp\www\xmcy\Application\Runtime\Cache\Admin\b00d2dc38a9c99b026d9919a1acc8aaf.php 第 271 行.
NOTIC: [8] Undefined index: report E:\wamp\www\xmcy\Application\Runtime\Cache\Admin\b00d2dc38a9c99b026d9919a1acc8aaf.php 第 276 行.
NOTIC: [8] Undefined index: bepraise E:\wamp\www\xmcy\Application\Runtime\Cache\Admin\b00d2dc38a9c99b026d9919a1acc8aaf.php 第 277 行.
NOTIC: [8] Undefined index: froms E:\wamp\www\xmcy\Application\Runtime\Cache\Admin\b00d2dc38a9c99b026d9919a1acc8aaf.php 第 279 行.
NOTIC: [8] Undefined index: state E:\wamp\www\xmcy\Application\Runtime\Cache\Admin\b00d2dc38a9c99b026d9919a1acc8aaf.php 第 282 行.
NOTIC: [8] Undefined index: path E:\wamp\www\xmcy\Application\Runtime\Cache\Admin\b00d2dc38a9c99b026d9919a1acc8aaf.php 第 271 行.
NOTIC: [8] Undefined index: report E:\wamp\www\xmcy\Application\Runtime\Cache\Admin\b00d2dc38a9c99b026d9919a1acc8aaf.php 第 276 行.
NOTIC: [8] Undefined index: bepraise E:\wamp\www\xmcy\Application\Runtime\Cache\Admin\b00d2dc38a9c99b026d9919a1acc8aaf.php 第 277 行.
NOTIC: [8] Undefined index: froms E:\wamp\www\xmcy\Application\Runtime\Cache\Admin\b00d2dc38a9c99b026d9919a1acc8aaf.php 第 279 行.
NOTIC: [8] Undefined index: state E:\wamp\www\xmcy\Application\Runtime\Cache\Admin\b00d2dc38a9c99b026d9919a1acc8aaf.php 第 282 行.
NOTIC: [8] Undefined index: path E:\wamp\www\xmcy\Application\Runtime\Cache\Admin\b00d2dc38a9c99b026d9919a1acc8aaf.php 第 271 行.
NOTIC: [8] Undefined index: report E:\wamp\www\xmcy\Application\Runtime\Cache\Admin\b00d2dc38a9c99b026d9919a1acc8aaf.php 第 276 行.
NOTIC: [8] Undefined index: bepraise E:\wamp\www\xmcy\Application\Runtime\Cache\Admin\b00d2dc38a9c99b026d9919a1acc8aaf.php 第 277 行.
NOTIC: [8] Undefined index: froms E:\wamp\www\xmcy\Application\Runtime\Cache\Admin\b00d2dc38a9c99b026d9919a1acc8aaf.php 第 279 行.
NOTIC: [8] Undefined index: state E:\wamp\www\xmcy\Application\Runtime\Cache\Admin\b00d2dc38a9c99b026d9919a1acc8aaf.php 第 282 行.
NOTIC: [8] Undefined index: path E:\wamp\www\xmcy\Application\Runtime\Cache\Admin\b00d2dc38a9c99b026d9919a1acc8aaf.php 第 271 行.
NOTIC: [8] Undefined index: report E:\wamp\www\xmcy\Application\Runtime\Cache\Admin\b00d2dc38a9c99b026d9919a1acc8aaf.php 第 276 行.
NOTIC: [8] Undefined index: bepraise E:\wamp\www\xmcy\Application\Runtime\Cache\Admin\b00d2dc38a9c99b026d9919a1acc8aaf.php 第 277 行.
NOTIC: [8] Undefined index: froms E:\wamp\www\xmcy\Application\Runtime\Cache\Admin\b00d2dc38a9c99b026d9919a1acc8aaf.php 第 279 行.
NOTIC: [8] Undefined index: state E:\wamp\www\xmcy\Application\Runtime\Cache\Admin\b00d2dc38a9c99b026d9919a1acc8aaf.php 第 282 行.
NOTIC: [8] Undefined index: path E:\wamp\www\xmcy\Application\Runtime\Cache\Admin\b00d2dc38a9c99b026d9919a1acc8aaf.php 第 271 行.
NOTIC: [8] Undefined index: report E:\wamp\www\xmcy\Application\Runtime\Cache\Admin\b00d2dc38a9c99b026d9919a1acc8aaf.php 第 276 行.
NOTIC: [8] Undefined index: bepraise E:\wamp\www\xmcy\Application\Runtime\Cache\Admin\b00d2dc38a9c99b026d9919a1acc8aaf.php 第 277 行.
NOTIC: [8] Undefined index: froms E:\wamp\www\xmcy\Application\Runtime\Cache\Admin\b00d2dc38a9c99b026d9919a1acc8aaf.php 第 279 行.
NOTIC: [8] Undefined index: state E:\wamp\www\xmcy\Application\Runtime\Cache\Admin\b00d2dc38a9c99b026d9919a1acc8aaf.php 第 282 行.
NOTIC: [8] Undefined index: path E:\wamp\www\xmcy\Application\Runtime\Cache\Admin\b00d2dc38a9c99b026d9919a1acc8aaf.php 第 271 行.
NOTIC: [8] Undefined index: report E:\wamp\www\xmcy\Application\Runtime\Cache\Admin\b00d2dc38a9c99b026d9919a1acc8aaf.php 第 276 行.
NOTIC: [8] Undefined index: bepraise E:\wamp\www\xmcy\Application\Runtime\Cache\Admin\b00d2dc38a9c99b026d9919a1acc8aaf.php 第 277 行.
NOTIC: [8] Undefined index: froms E:\wamp\www\xmcy\Application\Runtime\Cache\Admin\b00d2dc38a9c99b026d9919a1acc8aaf.php 第 279 行.
NOTIC: [8] Undefined index: state E:\wamp\www\xmcy\Application\Runtime\Cache\Admin\b00d2dc38a9c99b026d9919a1acc8aaf.php 第 282 行.
NOTIC: [8] Undefined index: path E:\wamp\www\xmcy\Application\Runtime\Cache\Admin\b00d2dc38a9c99b026d9919a1acc8aaf.php 第 271 行.
NOTIC: [8] Undefined index: report E:\wamp\www\xmcy\Application\Runtime\Cache\Admin\b00d2dc38a9c99b026d9919a1acc8aaf.php 第 276 行.
NOTIC: [8] Undefined index: bepraise E:\wamp\www\xmcy\Application\Runtime\Cache\Admin\b00d2dc38a9c99b026d9919a1acc8aaf.php 第 277 行.
NOTIC: [8] Undefined index: froms E:\wamp\www\xmcy\Application\Runtime\Cache\Admin\b00d2dc38a9c99b026d9919a1acc8aaf.php 第 279 行.
NOTIC: [8] Undefined index: state E:\wamp\www\xmcy\Application\Runtime\Cache\Admin\b00d2dc38a9c99b026d9919a1acc8aaf.php 第 282 行.
NOTIC: [8] Undefined index: path E:\wamp\www\xmcy\Application\Runtime\Cache\Admin\b00d2dc38a9c99b026d9919a1acc8aaf.php 第 271 行.
NOTIC: [8] Undefined index: report E:\wamp\www\xmcy\Application\Runtime\Cache\Admin\b00d2dc38a9c99b026d9919a1acc8aaf.php 第 276 行.
NOTIC: [8] Undefined index: bepraise E:\wamp\www\xmcy\Application\Runtime\Cache\Admin\b00d2dc38a9c99b026d9919a1acc8aaf.php 第 277 行.
NOTIC: [8] Undefined index: froms E:\wamp\www\xmcy\Application\Runtime\Cache\Admin\b00d2dc38a9c99b026d9919a1acc8aaf.php 第 279 行.
NOTIC: [8] Undefined index: state E:\wamp\www\xmcy\Application\Runtime\Cache\Admin\b00d2dc38a9c99b026d9919a1acc8aaf.php 第 282 行.
NOTIC: [8] Undefined variable: post E:\wamp\www\xmcy\Application\Runtime\Cache\Admin\b00d2dc38a9c99b026d9919a1acc8aaf.php 第 433 行.
NOTIC: [8] Undefined variable: post E:\wamp\www\xmcy\Application\Runtime\Cache\Admin\b00d2dc38a9c99b026d9919a1acc8aaf.php 第 434 行.
NOTIC: [8] Undefined variable: post E:\wamp\www\xmcy\Application\Runtime\Cache\Admin\b00d2dc38a9c99b026d9919a1acc8aaf.php 第 437 行.
NOTIC: [8] Undefined variable: post E:\wamp\www\xmcy\Application\Runtime\Cache\Admin\b00d2dc38a9c99b026d9919a1acc8aaf.php 第 438 行.
NOTIC: [8] Undefined variable: post E:\wamp\www\xmcy\Application\Runtime\Cache\Admin\b00d2dc38a9c99b026d9919a1acc8aaf.php 第 441 行.
NOTIC: [8] Undefined variable: post E:\wamp\www\xmcy\Application\Runtime\Cache\Admin\b00d2dc38a9c99b026d9919a1acc8aaf.php 第 442 行.
INFO: Run Behavior\ParseTemplateBehavior [ RunTime:0.014399s ]
INFO: [ view_parse ] --END-- [ RunTime:0.014463s ]
INFO: [ view_filter ] --START--
INFO: Run Behavior\WriteHtmlCacheBehavior [ RunTime:0.000577s ]
INFO: [ view_filter ] --END-- [ RunTime:0.000637s ]
INFO: [ app_end ] --START--
INFO: Run Behavior\ShowPageTraceBehavior [ RunTime:0.000730s ]
INFO: [ app_end ] --END-- [ RunTime:0.000830s ]

[ 2018-01-17T10:35:53+08:00 ] 127.0.0.1 /xmcy/admin.php/Partner/index/p/2.html
INFO: [ app_init ] --START--
INFO: Run Behavior\BuildLiteBehavior [ RunTime:0.000016s ]
INFO: [ app_init ] --END-- [ RunTime:0.000427s ]
INFO: [ app_begin ] --START--
INFO: Run Behavior\ReadHtmlCacheBehavior [ RunTime:0.000463s ]
INFO: [ app_begin ] --END-- [ RunTime:0.000546s ]
SQL: SHOW COLUMNS FROM `ms_config` [ RunTime:0.0006s ]
SQL: SELECT * FROM `ms_config` WHERE `id` = 1 LIMIT 1   [ RunTime:0.0003s ]
SQL: SHOW COLUMNS FROM `ms_partner` [ RunTime:0.0014s ]
SQL: SELECT COUNT(*) AS tp_count FROM `ms_partner` ORDER BY id desc LIMIT 1   [ RunTime:0.0003s ]
SQL: SELECT * FROM `ms_partner` LIMIT 13,13   [ RunTime:0.0004s ]
INFO: [ view_parse ] --START--
INFO: [ template_filter ] --START--
INFO: Run Behavior\ContentReplaceBehavior [ RunTime:0.000118s ]
INFO: [ template_filter ] --END-- [ RunTime:0.000184s ]
NOTIC: [8] Undefined index: path E:\wamp\www\xmcy\Application\Runtime\Cache\Admin\b00d2dc38a9c99b026d9919a1acc8aaf.php 第 271 行.
NOTIC: [8] Undefined index: report E:\wamp\www\xmcy\Application\Runtime\Cache\Admin\b00d2dc38a9c99b026d9919a1acc8aaf.php 第 276 行.
NOTIC: [8] Undefined index: bepraise E:\wamp\www\xmcy\Application\Runtime\Cache\Admin\b00d2dc38a9c99b026d9919a1acc8aaf.php 第 277 行.
NOTIC: [8] Undefined index: froms E:\wamp\www\xmcy\Application\Runtime\Cache\Admin\b00d2dc38a9c99b026d9919a1acc8aaf.php 第 279 行.
NOTIC: [8] Undefined index: state E:\wamp\www\xmcy\Application\Runtime\Cache\Admin\b00d2dc38a9c99b026d9919a1acc8aaf.php 第 282 行.
NOTIC: [8] Undefined index: path E:\wamp\www\xmcy\Application\Runtime\Cache\Admin\b00d2dc38a9c99b026d9919a1acc8aaf.php 第 271 行.
NOTIC: [8] Undefined index: report E:\wamp\www\xmcy\Application\Runtime\Cache\Admin\b00d2dc38a9c99b026d9919a1acc8aaf.php 第 276 行.
NOTIC: [8] Undefined index: bepraise E:\wamp\www\xmcy\Application\Runtime\Cache\Admin\b00d2dc38a9c99b026d9919a1acc8aaf.php 第 277 行.
NOTIC: [8] Undefined index: froms E:\wamp\www\xmcy\Application\Runtime\Cache\Admin\b00d2dc38a9c99b026d9919a1acc8aaf.php 第 279 行.
NOTIC: [8] Undefined index: state E:\wamp\www\xmcy\Application\Runtime\Cache\Admin\b00d2dc38a9c99b026d9919a1acc8aaf.php 第 282 行.
NOTIC: [8] Undefined index: path E:\wamp\www\xmcy\Application\Runtime\Cache\Admin\b00d2dc38a9c99b026d9919a1acc8aaf.php 第 271 行.
NOTIC: [8] Undefined index: report E:\wamp\www\xmcy\Application\Runtime\Cache\Admin\b00d2dc38a9c99b026d9919a1acc8aaf.php 第 276 行.
NOTIC: [8] Undefined index: bepraise E:\wamp\www\xmcy\Application\Runtime\Cache\Admin\b00d2dc38a9c99b026d9919a1acc8aaf.php 第 277 行.
NOTIC: [8] Undefined index: froms E:\wamp\www\xmcy\Application\Runtime\Cache\Admin\b00d2dc38a9c99b026d9919a1acc8aaf.php 第 279 行.
NOTIC: [8] Undefined index: state E:\wamp\www\xmcy\Application\Runtime\Cache\Admin\b00d2dc38a9c99b026d9919a1acc8aaf.php 第 282 行.
NOTIC: [8] Undefined index: path E:\wamp\www\xmcy\Application\Runtime\Cache\Admin\b00d2dc38a9c99b026d9919a1acc8aaf.php 第 271 行.
NOTIC: [8] Undefined index: report E:\wamp\www\xmcy\Application\Runtime\Cache\Admin\b00d2dc38a9c99b026d9919a1acc8aaf.php 第 276 行.
NOTIC: [8] Undefined index: bepraise E:\wamp\www\xmcy\Application\Runtime\Cache\Admin\b00d2dc38a9c99b026d9919a1acc8aaf.php 第 277 行.
NOTIC: [8] Undefined index: froms E:\wamp\www\xmcy\Application\Runtime\Cache\Admin\b00d2dc38a9c99b026d9919a1acc8aaf.php 第 279 行.
NOTIC: [8] Undefined index: state E:\wamp\www\xmcy\Application\Runtime\Cache\Admin\b00d2dc38a9c99b026d9919a1acc8aaf.php 第 282 行.
NOTIC: [8] Undefined index: path E:\wamp\www\xmcy\Application\Runtime\Cache\Admin\b00d2dc38a9c99b026d9919a1acc8aaf.php 第 271 行.
NOTIC: [8] Undefined index: report E:\wamp\www\xmcy\Application\Runtime\Cache\Admin\b00d2dc38a9c99b026d9919a1acc8aaf.php 第 276 行.
NOTIC: [8] Undefined index: bepraise E:\wamp\www\xmcy\Application\Runtime\Cache\Admin\b00d2dc38a9c99b026d9919a1acc8aaf.php 第 277 行.
NOTIC: [8] Undefined index: froms E:\wamp\www\xmcy\Application\Runtime\Cache\Admin\b00d2dc38a9c99b026d9919a1acc8aaf.php 第 279 行.
NOTIC: [8] Undefined index: state E:\wamp\www\xmcy\Application\Runtime\Cache\Admin\b00d2dc38a9c99b026d9919a1acc8aaf.php 第 282 行.
NOTIC: [8] Undefined index: path E:\wamp\www\xmcy\Application\Runtime\Cache\Admin\b00d2dc38a9c99b026d9919a1acc8aaf.php 第 271 行.
NOTIC: [8] Undefined index: report E:\wamp\www\xmcy\Application\Runtime\Cache\Admin\b00d2dc38a9c99b026d9919a1acc8aaf.php 第 276 行.
NOTIC: [8] Undefined index: bepraise E:\wamp\www\xmcy\Application\Runtime\Cache\Admin\b00d2dc38a9c99b026d9919a1acc8aaf.php 第 277 行.
NOTIC: [8] Undefined index: froms E:\wamp\www\xmcy\Application\Runtime\Cache\Admin\b00d2dc38a9c99b026d9919a1acc8aaf.php 第 279 行.
NOTIC: [8] Undefined index: state E:\wamp\www\xmcy\Application\Runtime\Cache\Admin\b00d2dc38a9c99b026d9919a1acc8aaf.php 第 282 行.
NOTIC: [8] Undefined index: path E:\wamp\www\xmcy\Application\Runtime\Cache\Admin\b00d2dc38a9c99b026d9919a1acc8aaf.php 第 271 行.
NOTIC: [8] Undefined index: report E:\wamp\www\xmcy\Application\Runtime\Cache\Admin\b00d2dc38a9c99b026d9919a1acc8aaf.php 第 276 行.
NOTIC: [8] Undefined index: bepraise E:\wamp\www\xmcy\Application\Runtime\Cache\Admin\b00d2dc38a9c99b026d9919a1acc8aaf.php 第 277 行.
NOTIC: [8] Undefined index: froms E:\wamp\www\xmcy\Application\Runtime\Cache\Admin\b00d2dc38a9c99b026d9919a1acc8aaf.php 第 279 行.
NOTIC: [8] Undefined index: state E:\wamp\www\xmcy\Application\Runtime\Cache\Admin\b00d2dc38a9c99b026d9919a1acc8aaf.php 第 282 行.
NOTIC: [8] Undefined index: path E:\wamp\www\xmcy\Application\Runtime\Cache\Admin\b00d2dc38a9c99b026d9919a1acc8aaf.php 第 271 行.
NOTIC: [8] Undefined index: report E:\wamp\www\xmcy\Application\Runtime\Cache\Admin\b00d2dc38a9c99b026d9919a1acc8aaf.php 第 276 行.
NOTIC: [8] Undefined index: bepraise E:\wamp\www\xmcy\Application\Runtime\Cache\Admin\b00d2dc38a9c99b026d9919a1acc8aaf.php 第 277 行.
NOTIC: [8] Undefined index: froms E:\wamp\www\xmcy\Application\Runtime\Cache\Admin\b00d2dc38a9c99b026d9919a1acc8aaf.php 第 279 行.
NOTIC: [8] Undefined index: state E:\wamp\www\xmcy\Application\Runtime\Cache\Admin\b00d2dc38a9c99b026d9919a1acc8aaf.php 第 282 行.
NOTIC: [8] Undefined index: path E:\wamp\www\xmcy\Application\Runtime\Cache\Admin\b00d2dc38a9c99b026d9919a1acc8aaf.php 第 271 行.
NOTIC: [8] Undefined index: report E:\wamp\www\xmcy\Application\Runtime\Cache\Admin\b00d2dc38a9c99b026d9919a1acc8aaf.php 第 276 行.
NOTIC: [8] Undefined index: bepraise E:\wamp\www\xmcy\Application\Runtime\Cache\Admin\b00d2dc38a9c99b026d9919a1acc8aaf.php 第 277 行.
NOTIC: [8] Undefined index: froms E:\wamp\www\xmcy\Application\Runtime\Cache\Admin\b00d2dc38a9c99b026d9919a1acc8aaf.php 第 279 行.
NOTIC: [8] Undefined index: state E:\wamp\www\xmcy\Application\Runtime\Cache\Admin\b00d2dc38a9c99b026d9919a1acc8aaf.php 第 282 行.
NOTIC: [8] Undefined index: path E:\wamp\www\xmcy\Application\Runtime\Cache\Admin\b00d2dc38a9c99b026d9919a1acc8aaf.php 第 271 行.
NOTIC: [8] Undefined index: report E:\wamp\www\xmcy\Application\Runtime\Cache\Admin\b00d2dc38a9c99b026d9919a1acc8aaf.php 第 276 行.
NOTIC: [8] Undefined index: bepraise E:\wamp\www\xmcy\Application\Runtime\Cache\Admin\b00d2dc38a9c99b026d9919a1acc8aaf.php 第 277 行.
NOTIC: [8] Undefined index: froms E:\wamp\www\xmcy\Application\Runtime\Cache\Admin\b00d2dc38a9c99b026d9919a1acc8aaf.php 第 279 行.
NOTIC: [8] Undefined index: state E:\wamp\www\xmcy\Application\Runtime\Cache\Admin\b00d2dc38a9c99b026d9919a1acc8aaf.php 第 282 行.
NOTIC: [8] Undefined index: path E:\wamp\www\xmcy\Application\Runtime\Cache\Admin\b00d2dc38a9c99b026d9919a1acc8aaf.php 第 271 行.
NOTIC: [8] Undefined index: report E:\wamp\www\xmcy\Application\Runtime\Cache\Admin\b00d2dc38a9c99b026d9919a1acc8aaf.php 第 276 行.
NOTIC: [8] Undefined index: bepraise E:\wamp\www\xmcy\Application\Runtime\Cache\Admin\b00d2dc38a9c99b026d9919a1acc8aaf.php 第 277 行.
NOTIC: [8] Undefined index: froms E:\wamp\www\xmcy\Application\Runtime\Cache\Admin\b00d2dc38a9c99b026d9919a1acc8aaf.php 第 279 行.
NOTIC: [8] Undefined index: state E:\wamp\www\xmcy\Application\Runtime\Cache\Admin\b00d2dc38a9c99b026d9919a1acc8aaf.php 第 282 行.
NOTIC: [8] Undefined index: path E:\wamp\www\xmcy\Application\Runtime\Cache\Admin\b00d2dc38a9c99b026d9919a1acc8aaf.php 第 271 行.
NOTIC: [8] Undefined index: report E:\wamp\www\xmcy\Application\Runtime\Cache\Admin\b00d2dc38a9c99b026d9919a1acc8aaf.php 第 276 行.
NOTIC: [8] Undefined index: bepraise E:\wamp\www\xmcy\Application\Runtime\Cache\Admin\b00d2dc38a9c99b026d9919a1acc8aaf.php 第 277 行.
NOTIC: [8] Undefined index: froms E:\wamp\www\xmcy\Application\Runtime\Cache\Admin\b00d2dc38a9c99b026d9919a1acc8aaf.php 第 279 行.
NOTIC: [8] Undefined index: state E:\wamp\www\xmcy\Application\Runtime\Cache\Admin\b00d2dc38a9c99b026d9919a1acc8aaf.php 第 282 行.
NOTIC: [8] Undefined index: path E:\wamp\www\xmcy\Application\Runtime\Cache\Admin\b00d2dc38a9c99b026d9919a1acc8aaf.php 第 271 行.
NOTIC: [8] Undefined index: report E:\wamp\www\xmcy\Application\Runtime\Cache\Admin\b00d2dc38a9c99b026d9919a1acc8aaf.php 第 276 行.
NOTIC: [8] Undefined index: bepraise E:\wamp\www\xmcy\Application\Runtime\Cache\Admin\b00d2dc38a9c99b026d9919a1acc8aaf.php 第 277 行.
NOTIC: [8] Undefined index: froms E:\wamp\www\xmcy\Application\Runtime\Cache\Admin\b00d2dc38a9c99b026d9919a1acc8aaf.php 第 279 行.
NOTIC: [8] Undefined index: state E:\wamp\www\xmcy\Application\Runtime\Cache\Admin\b00d2dc38a9c99b026d9919a1acc8aaf.php 第 282 行.
NOTIC: [8] Undefined variable: post E:\wamp\www\xmcy\Application\Runtime\Cache\Admin\b00d2dc38a9c99b026d9919a1acc8aaf.php 第 433 行.
NOTIC: [8] Undefined variable: post E:\wamp\www\xmcy\Application\Runtime\Cache\Admin\b00d2dc38a9c99b026d9919a1acc8aaf.php 第 434 行.
NOTIC: [8] Undefined variable: post E:\wamp\www\xmcy\Application\Runtime\Cache\Admin\b00d2dc38a9c99b026d9919a1acc8aaf.php 第 437 行.
NOTIC: [8] Undefined variable: post E:\wamp\www\xmcy\Application\Runtime\Cache\Admin\b00d2dc38a9c99b026d9919a1acc8aaf.php 第 438 行.
NOTIC: [8] Undefined variable: post E:\wamp\www\xmcy\Application\Runtime\Cache\Admin\b00d2dc38a9c99b026d9919a1acc8aaf.php 第 441 行.
NOTIC: [8] Undefined variable: post E:\wamp\www\xmcy\Application\Runtime\Cache\Admin\b00d2dc38a9c99b026d9919a1acc8aaf.php 第 442 行.
INFO: Run Behavior\ParseTemplateBehavior [ RunTime:0.013123s ]
INFO: [ view_parse ] --END-- [ RunTime:0.013185s ]
INFO: [ view_filter ] --START--
INFO: Run Behavior\WriteHtmlCacheBehavior [ RunTime:0.000581s ]
INFO: [ view_filter ] --END-- [ RunTime:0.000641s ]
INFO: [ app_end ] --START--
INFO: Run Behavior\ShowPageTraceBehavior [ RunTime:0.000622s ]
INFO: [ app_end ] --END-- [ RunTime:0.000763s ]

[ 2018-01-17T10:35:53+08:00 ] 127.0.0.1 /xmcy/admin.php/Partner/assets/img/full-screen-image-3.jpg
INFO: [ app_init ] --START--
INFO: Run Behavior\BuildLiteBehavior [ RunTime:0.000015s ]
INFO: [ app_init ] --END-- [ RunTime:0.000443s ]

[ 2018-01-17T10:35:55+08:00 ] 127.0.0.1 /xmcy/admin.php/Partner/index/p/3.html
INFO: [ app_init ] --START--
INFO: Run Behavior\BuildLiteBehavior [ RunTime:0.000015s ]
INFO: [ app_init ] --END-- [ RunTime:0.000439s ]
INFO: [ app_begin ] --START--
INFO: Run Behavior\ReadHtmlCacheBehavior [ RunTime:0.000475s ]
INFO: [ app_begin ] --END-- [ RunTime:0.000538s ]
SQL: SHOW COLUMNS FROM `ms_config` [ RunTime:0.0006s ]
SQL: SELECT * FROM `ms_config` WHERE `id` = 1 LIMIT 1   [ RunTime:0.0003s ]
SQL: SHOW COLUMNS FROM `ms_partner` [ RunTime:0.0015s ]
SQL: SELECT COUNT(*) AS tp_count FROM `ms_partner` ORDER BY id desc LIMIT 1   [ RunTime:0.0003s ]
SQL: SELECT * FROM `ms_partner` LIMIT 26,13   [ RunTime:0.0004s ]
INFO: [ view_parse ] --START--
INFO: [ template_filter ] --START--
INFO: Run Behavior\ContentReplaceBehavior [ RunTime:0.000123s ]
INFO: [ template_filter ] --END-- [ RunTime:0.000192s ]
NOTIC: [8] Undefined index: path E:\wamp\www\xmcy\Application\Runtime\Cache\Admin\b00d2dc38a9c99b026d9919a1acc8aaf.php 第 271 行.
NOTIC: [8] Undefined index: report E:\wamp\www\xmcy\Application\Runtime\Cache\Admin\b00d2dc38a9c99b026d9919a1acc8aaf.php 第 276 行.
NOTIC: [8] Undefined index: bepraise E:\wamp\www\xmcy\Application\Runtime\Cache\Admin\b00d2dc38a9c99b026d9919a1acc8aaf.php 第 277 行.
NOTIC: [8] Undefined index: froms E:\wamp\www\xmcy\Application\Runtime\Cache\Admin\b00d2dc38a9c99b026d9919a1acc8aaf.php 第 279 行.
NOTIC: [8] Undefined index: state E:\wamp\www\xmcy\Application\Runtime\Cache\Admin\b00d2dc38a9c99b026d9919a1acc8aaf.php 第 282 行.
NOTIC: [8] Undefined index: path E:\wamp\www\xmcy\Application\Runtime\Cache\Admin\b00d2dc38a9c99b026d9919a1acc8aaf.php 第 271 行.
NOTIC: [8] Undefined index: report E:\wamp\www\xmcy\Application\Runtime\Cache\Admin\b00d2dc38a9c99b026d9919a1acc8aaf.php 第 276 行.
NOTIC: [8] Undefined index: bepraise E:\wamp\www\xmcy\Application\Runtime\Cache\Admin\b00d2dc38a9c99b026d9919a1acc8aaf.php 第 277 行.
NOTIC: [8] Undefined index: froms E:\wamp\www\xmcy\Application\Runtime\Cache\Admin\b00d2dc38a9c99b026d9919a1acc8aaf.php 第 279 行.
NOTIC: [8] Undefined index: state E:\wamp\www\xmcy\Application\Runtime\Cache\Admin\b00d2dc38a9c99b026d9919a1acc8aaf.php 第 282 行.
NOTIC: [8] Undefined index: path E:\wamp\www\xmcy\Application\Runtime\Cache\Admin\b00d2dc38a9c99b026d9919a1acc8aaf.php 第 271 行.
NOTIC: [8] Undefined index: report E:\wamp\www\xmcy\Application\Runtime\Cache\Admin\b00d2dc38a9c99b026d9919a1acc8aaf.php 第 276 行.
NOTIC: [8] Undefined index: bepraise E:\wamp\www\xmcy\Application\Runtime\Cache\Admin\b00d2dc38a9c99b026d9919a1acc8aaf.php 第 277 行.
NOTIC: [8] Undefined index: froms E:\wamp\www\xmcy\Application\Runtime\Cache\Admin\b00d2dc38a9c99b026d9919a1acc8aaf.php 第 279 行.
NOTIC: [8] Undefined index: state E:\wamp\www\xmcy\Application\Runtime\Cache\Admin\b00d2dc38a9c99b026d9919a1acc8aaf.php 第 282 行.
NOTIC: [8] Undefined index: path E:\wamp\www\xmcy\Application\Runtime\Cache\Admin\b00d2dc38a9c99b026d9919a1acc8aaf.php 第 271 行.
NOTIC: [8] Undefined index: report E:\wamp\www\xmcy\Application\Runtime\Cache\Admin\b00d2dc38a9c99b026d9919a1acc8aaf.php 第 276 行.
NOTIC: [8] Undefined index: bepraise E:\wamp\www\xmcy\Application\Runtime\Cache\Admin\b00d2dc38a9c99b026d9919a1acc8aaf.php 第 277 行.
NOTIC: [8] Undefined index: froms E:\wamp\www\xmcy\Application\Runtime\Cache\Admin\b00d2dc38a9c99b026d9919a1acc8aaf.php 第 279 行.
NOTIC: [8] Undefined index: state E:\wamp\www\xmcy\Application\Runtime\Cache\Admin\b00d2dc38a9c99b026d9919a1acc8aaf.php 第 282 行.
NOTIC: [8] Undefined index: path E:\wamp\www\xmcy\Application\Runtime\Cache\Admin\b00d2dc38a9c99b026d9919a1acc8aaf.php 第 271 行.
NOTIC: [8] Undefined index: report E:\wamp\www\xmcy\Application\Runtime\Cache\Admin\b00d2dc38a9c99b026d9919a1acc8aaf.php 第 276 行.
NOTIC: [8] Undefined index: bepraise E:\wamp\www\xmcy\Application\Runtime\Cache\Admin\b00d2dc38a9c99b026d9919a1acc8aaf.php 第 277 行.
NOTIC: [8] Undefined index: froms E:\wamp\www\xmcy\Application\Runtime\Cache\Admin\b00d2dc38a9c99b026d9919a1acc8aaf.php 第 279 行.
NOTIC: [8] Undefined index: state E:\wamp\www\xmcy\Application\Runtime\Cache\Admin\b00d2dc38a9c99b026d9919a1acc8aaf.php 第 282 行.
NOTIC: [8] Undefined index: path E:\wamp\www\xmcy\Application\Runtime\Cache\Admin\b00d2dc38a9c99b026d9919a1acc8aaf.php 第 271 行.
NOTIC: [8] Undefined index: report E:\wamp\www\xmcy\Application\Runtime\Cache\Admin\b00d2dc38a9c99b026d9919a1acc8aaf.php 第 276 行.
NOTIC: [8] Undefined index: bepraise E:\wamp\www\xmcy\Application\Runtime\Cache\Admin\b00d2dc38a9c99b026d9919a1acc8aaf.php 第 277 行.
NOTIC: [8] Undefined index: froms E:\wamp\www\xmcy\Application\Runtime\Cache\Admin\b00d2dc38a9c99b026d9919a1acc8aaf.php 第 279 行.
NOTIC: [8] Undefined index: state E:\wamp\www\xmcy\Application\Runtime\Cache\Admin\b00d2dc38a9c99b026d9919a1acc8aaf.php 第 282 行.
NOTIC: [8] Undefined index: path E:\wamp\www\xmcy\Application\Runtime\Cache\Admin\b00d2dc38a9c99b026d9919a1acc8aaf.php 第 271 行.
NOTIC: [8] Undefined index: report E:\wamp\www\xmcy\Application\Runtime\Cache\Admin\b00d2dc38a9c99b026d9919a1acc8aaf.php 第 276 行.
NOTIC: [8] Undefined index: bepraise E:\wamp\www\xmcy\Application\Runtime\Cache\Admin\b00d2dc38a9c99b026d9919a1acc8aaf.php 第 277 行.
NOTIC: [8] Undefined index: froms E:\wamp\www\xmcy\Application\Runtime\Cache\Admin\b00d2dc38a9c99b026d9919a1acc8aaf.php 第 279 行.
NOTIC: [8] Undefined index: state E:\wamp\www\xmcy\Application\Runtime\Cache\Admin\b00d2dc38a9c99b026d9919a1acc8aaf.php 第 282 行.
NOTIC: [8] Undefined index: path E:\wamp\www\xmcy\Application\Runtime\Cache\Admin\b00d2dc38a9c99b026d9919a1acc8aaf.php 第 271 行.
NOTIC: [8] Undefined index: report E:\wamp\www\xmcy\Application\Runtime\Cache\Admin\b00d2dc38a9c99b026d9919a1acc8aaf.php 第 276 行.
NOTIC: [8] Undefined index: bepraise E:\wamp\www\xmcy\Application\Runtime\Cache\Admin\b00d2dc38a9c99b026d9919a1acc8aaf.php 第 277 行.
NOTIC: [8] Undefined index: froms E:\wamp\www\xmcy\Application\Runtime\Cache\Admin\b00d2dc38a9c99b026d9919a1acc8aaf.php 第 279 行.
NOTIC: [8] Undefined index: state E:\wamp\www\xmcy\Application\Runtime\Cache\Admin\b00d2dc38a9c99b026d9919a1acc8aaf.php 第 282 行.
NOTIC: [8] Undefined variable: post E:\wamp\www\xmcy\Application\Runtime\Cache\Admin\b00d2dc38a9c99b026d9919a1acc8aaf.php 第 433 行.
NOTIC: [8] Undefined variable: post E:\wamp\www\xmcy\Application\Runtime\Cache\Admin\b00d2dc38a9c99b026d9919a1acc8aaf.php 第 434 行.
NOTIC: [8] Undefined variable: post E:\wamp\www\xmcy\Application\Runtime\Cache\Admin\b00d2dc38a9c99b026d9919a1acc8aaf.php 第 437 行.
NOTIC: [8] Undefined variable: post E:\wamp\www\xmcy\Application\Runtime\Cache\Admin\b00d2dc38a9c99b026d9919a1acc8aaf.php 第 438 行.
NOTIC: [8] Undefined variable: post E:\wamp\www\xmcy\Application\Runtime\Cache\Admin\b00d2dc38a9c99b026d9919a1acc8aaf.php 第 441 行.
NOTIC: [8] Undefined variable: post E:\wamp\www\xmcy\Application\Runtime\Cache\Admin\b00d2dc38a9c99b026d9919a1acc8aaf.php 第 442 行.
INFO: Run Behavior\ParseTemplateBehavior [ RunTime:0.011259s ]
INFO: [ view_parse ] --END-- [ RunTime:0.011322s ]
INFO: [ view_filter ] --START--
INFO: Run Behavior\WriteHtmlCacheBehavior [ RunTime:0.000514s ]
INFO: [ view_filter ] --END-- [ RunTime:0.000574s ]
INFO: [ app_end ] --START--
INFO: Run Behavior\ShowPageTraceBehavior [ RunTime:0.000585s ]
INFO: [ app_end ] --END-- [ RunTime:0.000671s ]

[ 2018-01-17T10:35:55+08:00 ] 127.0.0.1 /xmcy/admin.php/Partner/assets/img/full-screen-image-3.jpg
INFO: [ app_init ] --START--
INFO: Run Behavior\BuildLiteBehavior [ RunTime:0.000016s ]
INFO: [ app_init ] --END-- [ RunTime:0.000452s ]

[ 2018-01-17T10:35:58+08:00 ] 127.0.0.1 /xmcy/admin.php/Index/index.html
INFO: [ app_init ] --START--
INFO: Run Behavior\BuildLiteBehavior [ RunTime:0.000019s ]
INFO: [ app_init ] --END-- [ RunTime:0.000456s ]
INFO: [ app_begin ] --START--
INFO: Run Behavior\ReadHtmlCacheBehavior [ RunTime:0.000525s ]
INFO: [ app_begin ] --END-- [ RunTime:0.000600s ]
SQL: SHOW COLUMNS FROM `ms_config` [ RunTime:0.0006s ]
SQL: SELECT * FROM `ms_config` WHERE `id` = 1 LIMIT 1   [ RunTime:0.0003s ]
SQL: SHOW COLUMNS FROM `ms_image` [ RunTime:0.0009s ]
SQL: SELECT * FROM `ms_image`  [ RunTime:0.0004s ]
INFO: [ view_parse ] --START--
INFO: [ template_filter ] --START--
INFO: Run Behavior\ContentReplaceBehavior [ RunTime:0.000133s ]
INFO: [ template_filter ] --END-- [ RunTime:0.000200s ]
NOTIC: [8] Undefined index: recently_time E:\wamp\www\xmcy\Application\Runtime\Cache\Admin\b595b808c2ebeeeb0478ffc30bb4e87a.php 第 272 行.
NOTIC: [8] Undefined index: recently_time E:\wamp\www\xmcy\Application\Runtime\Cache\Admin\b595b808c2ebeeeb0478ffc30bb4e87a.php 第 276 行.
NOTIC: [8] Undefined index: recently_time E:\wamp\www\xmcy\Application\Runtime\Cache\Admin\b595b808c2ebeeeb0478ffc30bb4e87a.php 第 272 行.
NOTIC: [8] Undefined index: recently_time E:\wamp\www\xmcy\Application\Runtime\Cache\Admin\b595b808c2ebeeeb0478ffc30bb4e87a.php 第 276 行.
NOTIC: [8] Undefined index: recently_time E:\wamp\www\xmcy\Application\Runtime\Cache\Admin\b595b808c2ebeeeb0478ffc30bb4e87a.php 第 272 行.
NOTIC: [8] Undefined index: recently_time E:\wamp\www\xmcy\Application\Runtime\Cache\Admin\b595b808c2ebeeeb0478ffc30bb4e87a.php 第 276 行.
INFO: Run Behavior\ParseTemplateBehavior [ RunTime:0.010183s ]
INFO: [ view_parse ] --END-- [ RunTime:0.010265s ]
INFO: [ view_filter ] --START--
INFO: Run Behavior\WriteHtmlCacheBehavior [ RunTime:0.000480s ]
INFO: [ view_filter ] --END-- [ RunTime:0.000540s ]
INFO: [ app_end ] --START--
INFO: Run Behavior\ShowPageTraceBehavior [ RunTime:0.000577s ]
INFO: [ app_end ] --END-- [ RunTime:0.000658s ]

[ 2018-01-17T10:36:03+08:00 ] 127.0.0.1 /xmcy/admin.php/Company/index.html
INFO: [ app_init ] --START--
INFO: Run Behavior\BuildLiteBehavior [ RunTime:0.000015s ]
INFO: [ app_init ] --END-- [ RunTime:0.000436s ]
INFO: [ app_begin ] --START--
INFO: Run Behavior\ReadHtmlCacheBehavior [ RunTime:0.000478s ]
INFO: [ app_begin ] --END-- [ RunTime:0.000541s ]
SQL: SHOW COLUMNS FROM `ms_config` [ RunTime:0.0008s ]
SQL: SELECT * FROM `ms_config` WHERE `id` = 1 LIMIT 1   [ RunTime:0.0004s ]
SQL: SELECT * FROM `ms_config` LIMIT 1   [ RunTime:0.0002s ]
INFO: [ view_parse ] --START--
INFO: [ template_filter ] --START--
INFO: Run Behavior\ContentReplaceBehavior [ RunTime:0.000125s ]
INFO: [ template_filter ] --END-- [ RunTime:0.000192s ]
NOTIC: [8] Undefined variable: admin E:\wamp\www\xmcy\Application\Runtime\Cache\Admin\6eb939ff62aea883767ed8fa0a0c5387.php 第 440 行.
NOTIC: [8] Undefined variable: admin E:\wamp\www\xmcy\Application\Runtime\Cache\Admin\6eb939ff62aea883767ed8fa0a0c5387.php 第 455 行.
INFO: Run Behavior\ParseTemplateBehavior [ RunTime:0.008226s ]
INFO: [ view_parse ] --END-- [ RunTime:0.008303s ]
INFO: [ view_filter ] --START--
INFO: Run Behavior\WriteHtmlCacheBehavior [ RunTime:0.000440s ]
INFO: [ view_filter ] --END-- [ RunTime:0.000499s ]
INFO: [ app_end ] --START--
INFO: Run Behavior\ShowPageTraceBehavior [ RunTime:0.000730s ]
INFO: [ app_end ] --END-- [ RunTime:0.000827s ]

[ 2018-01-17T13:52:09+08:00 ] 127.0.0.1 /xmcy/admin.php/Index/index.html
INFO: [ app_init ] --START--
INFO: Run Behavior\BuildLiteBehavior [ RunTime:0.000017s ]
INFO: [ app_init ] --END-- [ RunTime:0.000623s ]
INFO: [ app_begin ] --START--
INFO: Run Behavior\ReadHtmlCacheBehavior [ RunTime:0.000856s ]
INFO: [ app_begin ] --END-- [ RunTime:0.000957s ]
SQL: SHOW COLUMNS FROM `ms_config` [ RunTime:0.0017s ]
SQL: SELECT * FROM `ms_config` WHERE `id` = 1 LIMIT 1   [ RunTime:0.0004s ]
SQL: SHOW COLUMNS FROM `ms_image` [ RunTime:0.0006s ]
SQL: SELECT * FROM `ms_image`  [ RunTime:0.0004s ]
INFO: [ view_parse ] --START--
INFO: [ template_filter ] --START--
INFO: Run Behavior\ContentReplaceBehavior [ RunTime:0.000138s ]
INFO: [ template_filter ] --END-- [ RunTime:0.000207s ]
NOTIC: [8] Undefined index: recently_time E:\wamp\www\xmcy\Application\Runtime\Cache\Admin\b595b808c2ebeeeb0478ffc30bb4e87a.php 第 272 行.
NOTIC: [8] Undefined index: recently_time E:\wamp\www\xmcy\Application\Runtime\Cache\Admin\b595b808c2ebeeeb0478ffc30bb4e87a.php 第 276 行.
NOTIC: [8] Undefined index: recently_time E:\wamp\www\xmcy\Application\Runtime\Cache\Admin\b595b808c2ebeeeb0478ffc30bb4e87a.php 第 272 行.
NOTIC: [8] Undefined index: recently_time E:\wamp\www\xmcy\Application\Runtime\Cache\Admin\b595b808c2ebeeeb0478ffc30bb4e87a.php 第 276 行.
NOTIC: [8] Undefined index: recently_time E:\wamp\www\xmcy\Application\Runtime\Cache\Admin\b595b808c2ebeeeb0478ffc30bb4e87a.php 第 272 行.
NOTIC: [8] Undefined index: recently_time E:\wamp\www\xmcy\Application\Runtime\Cache\Admin\b595b808c2ebeeeb0478ffc30bb4e87a.php 第 276 行.
INFO: Run Behavior\ParseTemplateBehavior [ RunTime:0.010981s ]
INFO: [ view_parse ] --END-- [ RunTime:0.011045s ]
INFO: [ view_filter ] --START--
INFO: Run Behavior\WriteHtmlCacheBehavior [ RunTime:0.000715s ]
INFO: [ view_filter ] --END-- [ RunTime:0.000781s ]
INFO: [ app_end ] --START--
INFO: Run Behavior\ShowPageTraceBehavior [ RunTime:0.000866s ]
INFO: [ app_end ] --END-- [ RunTime:0.000973s ]

[ 2018-01-17T13:52:19+08:00 ] 127.0.0.1 /xmcy/admin.php/Company/index.html
INFO: [ app_init ] --START--
INFO: Run Behavior\BuildLiteBehavior [ RunTime:0.000016s ]
INFO: [ app_init ] --END-- [ RunTime:0.000440s ]
INFO: [ app_begin ] --START--
INFO: Run Behavior\ReadHtmlCacheBehavior [ RunTime:0.000475s ]
INFO: [ app_begin ] --END-- [ RunTime:0.000540s ]
SQL: SHOW COLUMNS FROM `ms_config` [ RunTime:0.0022s ]
SQL: SELECT * FROM `ms_config` WHERE `id` = 1 LIMIT 1   [ RunTime:0.0003s ]
SQL: SELECT * FROM `ms_config` LIMIT 1   [ RunTime:0.0003s ]
INFO: [ view_parse ] --START--
INFO: [ template_filter ] --START--
INFO: Run Behavior\ContentReplaceBehavior [ RunTime:0.000128s ]
INFO: [ template_filter ] --END-- [ RunTime:0.000200s ]
NOTIC: [8] Undefined variable: admin E:\wamp\www\xmcy\Application\Runtime\Cache\Admin\6eb939ff62aea883767ed8fa0a0c5387.php 第 440 行.
NOTIC: [8] Undefined variable: admin E:\wamp\www\xmcy\Application\Runtime\Cache\Admin\6eb939ff62aea883767ed8fa0a0c5387.php 第 455 行.
INFO: Run Behavior\ParseTemplateBehavior [ RunTime:0.009014s ]
INFO: [ view_parse ] --END-- [ RunTime:0.009081s ]
INFO: [ view_filter ] --START--
INFO: Run Behavior\WriteHtmlCacheBehavior [ RunTime:0.000811s ]
INFO: [ view_filter ] --END-- [ RunTime:0.000898s ]
INFO: [ app_end ] --START--
INFO: Run Behavior\ShowPageTraceBehavior [ RunTime:0.000801s ]
INFO: [ app_end ] --END-- [ RunTime:0.000915s ]

[ 2018-01-17T13:59:07+08:00 ] 127.0.0.1 /xmcy/admin.php/Index/index.html
INFO: [ app_init ] --START--
INFO: Run Behavior\BuildLiteBehavior [ RunTime:0.000016s ]
INFO: [ app_init ] --END-- [ RunTime:0.000452s ]
INFO: [ app_begin ] --START--
INFO: Run Behavior\ReadHtmlCacheBehavior [ RunTime:0.000576s ]
INFO: [ app_begin ] --END-- [ RunTime:0.000646s ]
SQL: SHOW COLUMNS FROM `ms_config` [ RunTime:0.0011s ]
SQL: SELECT * FROM `ms_config` WHERE `id` = 1 LIMIT 1   [ RunTime:0.0005s ]
SQL: SHOW COLUMNS FROM `ms_image` [ RunTime:0.0007s ]
SQL: SELECT * FROM `ms_image`  [ RunTime:0.0004s ]
INFO: [ view_parse ] --START--
INFO: [ template_filter ] --START--
INFO: Run Behavior\ContentReplaceBehavior [ RunTime:0.000137s ]
INFO: [ template_filter ] --END-- [ RunTime:0.000207s ]
NOTIC: [8] Undefined index: recently_time E:\wamp\www\xmcy\Application\Runtime\Cache\Admin\b595b808c2ebeeeb0478ffc30bb4e87a.php 第 272 行.
NOTIC: [8] Undefined index: recently_time E:\wamp\www\xmcy\Application\Runtime\Cache\Admin\b595b808c2ebeeeb0478ffc30bb4e87a.php 第 276 行.
NOTIC: [8] Undefined index: recently_time E:\wamp\www\xmcy\Application\Runtime\Cache\Admin\b595b808c2ebeeeb0478ffc30bb4e87a.php 第 272 行.
NOTIC: [8] Undefined index: recently_time E:\wamp\www\xmcy\Application\Runtime\Cache\Admin\b595b808c2ebeeeb0478ffc30bb4e87a.php 第 276 行.
NOTIC: [8] Undefined index: recently_time E:\wamp\www\xmcy\Application\Runtime\Cache\Admin\b595b808c2ebeeeb0478ffc30bb4e87a.php 第 272 行.
NOTIC: [8] Undefined index: recently_time E:\wamp\www\xmcy\Application\Runtime\Cache\Admin\b595b808c2ebeeeb0478ffc30bb4e87a.php 第 276 行.
INFO: Run Behavior\ParseTemplateBehavior [ RunTime:0.011008s ]
INFO: [ view_parse ] --END-- [ RunTime:0.011073s ]
INFO: [ view_filter ] --START--
INFO: Run Behavior\WriteHtmlCacheBehavior [ RunTime:0.000564s ]
INFO: [ view_filter ] --END-- [ RunTime:0.000645s ]
INFO: [ app_end ] --START--
INFO: Run Behavior\ShowPageTraceBehavior [ RunTime:0.001005s ]
INFO: [ app_end ] --END-- [ RunTime:0.001127s ]

[ 2018-01-17T13:59:08+08:00 ] 127.0.0.1 /xmcy/admin.php/Company/index.html
INFO: [ app_init ] --START--
INFO: Run Behavior\BuildLiteBehavior [ RunTime:0.000016s ]
INFO: [ app_init ] --END-- [ RunTime:0.000442s ]
INFO: [ app_begin ] --START--
INFO: Run Behavior\ReadHtmlCacheBehavior [ RunTime:0.000498s ]
INFO: [ app_begin ] --END-- [ RunTime:0.000565s ]
SQL: SHOW COLUMNS FROM `ms_config` [ RunTime:0.0006s ]
SQL: SELECT * FROM `ms_config` WHERE `id` = 1 LIMIT 1   [ RunTime:0.0003s ]
SQL: SELECT * FROM `ms_config` LIMIT 1   [ RunTime:0.0002s ]
INFO: [ view_parse ] --START--
INFO: [ template_filter ] --START--
INFO: Run Behavior\ContentReplaceBehavior [ RunTime:0.000150s ]
INFO: [ template_filter ] --END-- [ RunTime:0.000247s ]
NOTIC: [8] Undefined variable: admin E:\wamp\www\xmcy\Application\Runtime\Cache\Admin\6eb939ff62aea883767ed8fa0a0c5387.php 第 440 行.
NOTIC: [8] Undefined variable: admin E:\wamp\www\xmcy\Application\Runtime\Cache\Admin\6eb939ff62aea883767ed8fa0a0c5387.php 第 455 行.
INFO: Run Behavior\ParseTemplateBehavior [ RunTime:0.008618s ]
INFO: [ view_parse ] --END-- [ RunTime:0.008680s ]
INFO: [ view_filter ] --START--
INFO: Run Behavior\WriteHtmlCacheBehavior [ RunTime:0.000438s ]
INFO: [ view_filter ] --END-- [ RunTime:0.000511s ]
INFO: [ app_end ] --START--
INFO: Run Behavior\ShowPageTraceBehavior [ RunTime:0.000646s ]
INFO: [ app_end ] --END-- [ RunTime:0.000747s ]

