[ 2018-01-18T10:03:17+08:00 ] 127.0.0.1 /xmcy/admin.php
INFO: [ app_init ] --START--
INFO: Run Behavior\BuildLiteBehavior [ RunTime:0.000015s ]
INFO: [ app_init ] --END-- [ RunTime:0.000438s ]
INFO: [ app_begin ] --START--
INFO: Run Behavior\ReadHtmlCacheBehavior [ RunTime:0.000453s ]
INFO: [ app_begin ] --END-- [ RunTime:0.000520s ]
NOTIC: [8] Undefined index: admin_data E:\wamp\www\xmcy\Application\Admin\Controller\BaseController.class.php 第 8 行.

[ 2018-01-18T10:03:17+08:00 ] 127.0.0.1 /xmcy/admin.php/Login/index.html
INFO: [ app_init ] --START--
INFO: Run Behavior\BuildLiteBehavior [ RunTime:0.000015s ]
INFO: [ app_init ] --END-- [ RunTime:0.000436s ]
INFO: [ app_begin ] --START--
INFO: Run Behavior\ReadHtmlCacheBehavior [ RunTime:0.000484s ]
INFO: [ app_begin ] --END-- [ RunTime:0.000555s ]
NOTIC: [8] Undefined index: admin_data E:\wamp\www\xmcy\Application\Admin\Controller\LoginController.class.php 第 8 行.
INFO: [ view_parse ] --START--
INFO: [ template_filter ] --START--
INFO: Run Behavior\ContentReplaceBehavior [ RunTime:0.000082s ]
INFO: [ template_filter ] --END-- [ RunTime:0.000151s ]
INFO: Run Behavior\ParseTemplateBehavior [ RunTime:0.006317s ]
INFO: [ view_parse ] --END-- [ RunTime:0.006392s ]
INFO: [ view_filter ] --START--
INFO: Run Behavior\WriteHtmlCacheBehavior [ RunTime:0.000496s ]
INFO: [ view_filter ] --END-- [ RunTime:0.000560s ]
INFO: [ app_end ] --START--
INFO: Run Behavior\ShowPageTraceBehavior [ RunTime:0.000863s ]
INFO: [ app_end ] --END-- [ RunTime:0.000934s ]

[ 2018-01-18T10:03:19+08:00 ] 127.0.0.1 /xmcy/admin.php/Login/login
INFO: [ app_init ] --START--
INFO: Run Behavior\BuildLiteBehavior [ RunTime:0.000018s ]
INFO: [ app_init ] --END-- [ RunTime:0.000409s ]
INFO: [ app_begin ] --START--
INFO: Run Behavior\ReadHtmlCacheBehavior [ RunTime:0.000708s ]
INFO: [ app_begin ] --END-- [ RunTime:0.000806s ]
SQL: SHOW COLUMNS FROM `ms_admin` [ RunTime:0.0184s ]
SQL: SELECT * FROM `ms_admin` WHERE `username` = 'admin' AND `password` = 'fc184b504c69e3b2de621ec6f8807524' LIMIT 1   [ RunTime:0.0010s ]
INFO: [ app_end ] --START--
INFO: Run Behavior\ShowPageTraceBehavior [ RunTime:0.000871s ]
INFO: [ app_end ] --END-- [ RunTime:0.000947s ]

[ 2018-01-18T10:03:20+08:00 ] 127.0.0.1 /xmcy/admin.php/Company/index.html
INFO: [ app_init ] --START--
INFO: Run Behavior\BuildLiteBehavior [ RunTime:0.000017s ]
INFO: [ app_init ] --END-- [ RunTime:0.000390s ]
INFO: [ app_begin ] --START--
INFO: Run Behavior\ReadHtmlCacheBehavior [ RunTime:0.000478s ]
INFO: [ app_begin ] --END-- [ RunTime:0.000561s ]
SQL: SHOW COLUMNS FROM `ms_config` [ RunTime:0.0021s ]
SQL: SELECT * FROM `ms_config` WHERE `id` = 1 LIMIT 1   [ RunTime:0.0009s ]
SQL: SELECT * FROM `ms_config` LIMIT 1   [ RunTime:0.0008s ]
INFO: [ view_parse ] --START--
INFO: [ template_filter ] --START--
INFO: Run Behavior\ContentReplaceBehavior [ RunTime:0.000131s ]
INFO: [ template_filter ] --END-- [ RunTime:0.000205s ]
NOTIC: [8] Undefined variable: admin E:\wamp\www\xmcy\Application\Runtime\Cache\Admin\6eb939ff62aea883767ed8fa0a0c5387.php 第 440 行.
NOTIC: [8] Undefined variable: admin E:\wamp\www\xmcy\Application\Runtime\Cache\Admin\6eb939ff62aea883767ed8fa0a0c5387.php 第 455 行.
INFO: Run Behavior\ParseTemplateBehavior [ RunTime:0.010843s ]
INFO: [ view_parse ] --END-- [ RunTime:0.010909s ]
INFO: [ view_filter ] --START--
INFO: Run Behavior\WriteHtmlCacheBehavior [ RunTime:0.000548s ]
INFO: [ view_filter ] --END-- [ RunTime:0.000610s ]
INFO: [ app_end ] --START--
INFO: Run Behavior\ShowPageTraceBehavior [ RunTime:0.001014s ]
INFO: [ app_end ] --END-- [ RunTime:0.001114s ]

[ 2018-01-18T10:03:21+08:00 ] 127.0.0.1 /xmcy/admin.php/Index/index.html
INFO: [ app_init ] --START--
INFO: Run Behavior\BuildLiteBehavior [ RunTime:0.000017s ]
INFO: [ app_init ] --END-- [ RunTime:0.000495s ]
INFO: [ app_begin ] --START--
INFO: Run Behavior\ReadHtmlCacheBehavior [ RunTime:0.000528s ]
INFO: [ app_begin ] --END-- [ RunTime:0.000599s ]
SQL: SHOW COLUMNS FROM `ms_config` [ RunTime:0.0022s ]
SQL: SELECT * FROM `ms_config` WHERE `id` = 1 LIMIT 1   [ RunTime:0.0012s ]
SQL: SHOW COLUMNS FROM `ms_image` [ RunTime:0.0022s ]
SQL: SELECT * FROM `ms_image`  [ RunTime:0.0010s ]
INFO: [ view_parse ] --START--
INFO: [ template_filter ] --START--
INFO: Run Behavior\ContentReplaceBehavior [ RunTime:0.000132s ]
INFO: [ template_filter ] --END-- [ RunTime:0.000201s ]
NOTIC: [8] Undefined index: recently_time E:\wamp\www\xmcy\Application\Runtime\Cache\Admin\b595b808c2ebeeeb0478ffc30bb4e87a.php 第 272 行.
NOTIC: [8] Undefined index: recently_time E:\wamp\www\xmcy\Application\Runtime\Cache\Admin\b595b808c2ebeeeb0478ffc30bb4e87a.php 第 276 行.
NOTIC: [8] Undefined index: recently_time E:\wamp\www\xmcy\Application\Runtime\Cache\Admin\b595b808c2ebeeeb0478ffc30bb4e87a.php 第 272 行.
NOTIC: [8] Undefined index: recently_time E:\wamp\www\xmcy\Application\Runtime\Cache\Admin\b595b808c2ebeeeb0478ffc30bb4e87a.php 第 276 行.
NOTIC: [8] Undefined index: recently_time E:\wamp\www\xmcy\Application\Runtime\Cache\Admin\b595b808c2ebeeeb0478ffc30bb4e87a.php 第 272 行.
NOTIC: [8] Undefined index: recently_time E:\wamp\www\xmcy\Application\Runtime\Cache\Admin\b595b808c2ebeeeb0478ffc30bb4e87a.php 第 276 行.
INFO: Run Behavior\ParseTemplateBehavior [ RunTime:0.012488s ]
INFO: [ view_parse ] --END-- [ RunTime:0.012551s ]
INFO: [ view_filter ] --START--
INFO: Run Behavior\WriteHtmlCacheBehavior [ RunTime:0.000505s ]
INFO: [ view_filter ] --END-- [ RunTime:0.000565s ]
INFO: [ app_end ] --START--
INFO: Run Behavior\ShowPageTraceBehavior [ RunTime:0.000938s ]
INFO: [ app_end ] --END-- [ RunTime:0.001010s ]

[ 2018-01-18T10:03:22+08:00 ] 127.0.0.1 /xmcy/admin.php/Index/edit/id/1.html
INFO: [ app_init ] --START--
INFO: Run Behavior\BuildLiteBehavior [ RunTime:0.000016s ]
INFO: [ app_init ] --END-- [ RunTime:0.000412s ]
INFO: [ app_begin ] --START--
INFO: Run Behavior\ReadHtmlCacheBehavior [ RunTime:0.000435s ]
INFO: [ app_begin ] --END-- [ RunTime:0.000502s ]
SQL: SHOW COLUMNS FROM `ms_config` [ RunTime:0.0022s ]
SQL: SELECT * FROM `ms_config` WHERE `id` = 1 LIMIT 1   [ RunTime:0.0009s ]
SQL: SHOW COLUMNS FROM `ms_image` [ RunTime:0.0020s ]
SQL: SELECT * FROM `ms_image` WHERE `id` = 1 LIMIT 1   [ RunTime:0.0012s ]
INFO: [ view_parse ] --START--
INFO: [ template_filter ] --START--
INFO: Run Behavior\ContentReplaceBehavior [ RunTime:0.000176s ]
INFO: [ template_filter ] --END-- [ RunTime:0.000270s ]
INFO: Run Behavior\ParseTemplateBehavior [ RunTime:0.011426s ]
INFO: [ view_parse ] --END-- [ RunTime:0.011518s ]
INFO: [ view_filter ] --START--
INFO: Run Behavior\WriteHtmlCacheBehavior [ RunTime:0.000510s ]
INFO: [ view_filter ] --END-- [ RunTime:0.000577s ]
INFO: [ app_end ] --START--
INFO: Run Behavior\ShowPageTraceBehavior [ RunTime:0.001041s ]
INFO: [ app_end ] --END-- [ RunTime:0.001123s ]

[ 2018-01-18T10:03:22+08:00 ] 127.0.0.1 /xmcy/admin.php/Index/assets/img/full-screen-image-3.jpg
INFO: [ app_init ] --START--
INFO: Run Behavior\BuildLiteBehavior [ RunTime:0.000016s ]
INFO: [ app_init ] --END-- [ RunTime:0.000432s ]

[ 2018-01-18T10:03:26+08:00 ] 127.0.0.1 /xmcy/admin.php/index/add.html
INFO: [ app_init ] --START--
INFO: Run Behavior\BuildLiteBehavior [ RunTime:0.000015s ]
INFO: [ app_init ] --END-- [ RunTime:0.000448s ]
INFO: [ app_begin ] --START--
INFO: Run Behavior\ReadHtmlCacheBehavior [ RunTime:0.000463s ]
INFO: [ app_begin ] --END-- [ RunTime:0.000529s ]
SQL: SHOW COLUMNS FROM `ms_config` [ RunTime:0.0020s ]
SQL: SELECT * FROM `ms_config` WHERE `id` = 1 LIMIT 1   [ RunTime:0.0008s ]
NOTIC: [2] call_user_func() expects parameter 1 to be a valid callback, no array or string given E:\wamp\www\xmcy\ThinkPHP\Library\Think\Upload.class.php 第 170 行.
SQL: SHOW COLUMNS FROM `ms_image` [ RunTime:0.0027s ]
SQL: SELECT `image` FROM `ms_image` WHERE `id` = 1 LIMIT 1   [ RunTime:0.0010s ]
SQL: UPDATE `ms_image` SET `address`='/',`addtime`='1516241006',`is_see`='1',`image`='public/upload/index/20180118/thumb5a60006ea7133.jpg' WHERE `id` = 1 [ RunTime:0.0216s ]

[ 2018-01-18T10:03:26+08:00 ] 127.0.0.1 /xmcy/admin.php/Index/index.html
INFO: [ app_init ] --START--
INFO: Run Behavior\BuildLiteBehavior [ RunTime:0.000018s ]
INFO: [ app_init ] --END-- [ RunTime:0.000444s ]
INFO: [ app_begin ] --START--
INFO: Run Behavior\ReadHtmlCacheBehavior [ RunTime:0.000752s ]
INFO: [ app_begin ] --END-- [ RunTime:0.000850s ]
SQL: SHOW COLUMNS FROM `ms_config` [ RunTime:0.0020s ]
SQL: SELECT * FROM `ms_config` WHERE `id` = 1 LIMIT 1   [ RunTime:0.0008s ]
SQL: SHOW COLUMNS FROM `ms_image` [ RunTime:0.0021s ]
SQL: SELECT * FROM `ms_image`  [ RunTime:0.0008s ]
INFO: [ view_parse ] --START--
INFO: [ template_filter ] --START--
INFO: Run Behavior\ContentReplaceBehavior [ RunTime:0.000132s ]
INFO: [ template_filter ] --END-- [ RunTime:0.000202s ]
NOTIC: [8] Undefined index: recently_time E:\wamp\www\xmcy\Application\Runtime\Cache\Admin\b595b808c2ebeeeb0478ffc30bb4e87a.php 第 272 行.
NOTIC: [8] Undefined index: recently_time E:\wamp\www\xmcy\Application\Runtime\Cache\Admin\b595b808c2ebeeeb0478ffc30bb4e87a.php 第 276 行.
NOTIC: [8] Undefined index: recently_time E:\wamp\www\xmcy\Application\Runtime\Cache\Admin\b595b808c2ebeeeb0478ffc30bb4e87a.php 第 272 行.
NOTIC: [8] Undefined index: recently_time E:\wamp\www\xmcy\Application\Runtime\Cache\Admin\b595b808c2ebeeeb0478ffc30bb4e87a.php 第 276 行.
NOTIC: [8] Undefined index: recently_time E:\wamp\www\xmcy\Application\Runtime\Cache\Admin\b595b808c2ebeeeb0478ffc30bb4e87a.php 第 272 行.
NOTIC: [8] Undefined index: recently_time E:\wamp\www\xmcy\Application\Runtime\Cache\Admin\b595b808c2ebeeeb0478ffc30bb4e87a.php 第 276 行.
INFO: Run Behavior\ParseTemplateBehavior [ RunTime:0.009781s ]
INFO: [ view_parse ] --END-- [ RunTime:0.009848s ]
INFO: [ view_filter ] --START--
INFO: Run Behavior\WriteHtmlCacheBehavior [ RunTime:0.000570s ]
INFO: [ view_filter ] --END-- [ RunTime:0.000643s ]
INFO: [ app_end ] --START--
INFO: Run Behavior\ShowPageTraceBehavior [ RunTime:0.000845s ]
INFO: [ app_end ] --END-- [ RunTime:0.000929s ]

[ 2018-01-18T10:04:17+08:00 ] 127.0.0.1 /xmcy/admin.php/Index/edit/id/1.html
INFO: [ app_init ] --START--
INFO: Run Behavior\BuildLiteBehavior [ RunTime:0.000015s ]
INFO: [ app_init ] --END-- [ RunTime:0.000438s ]
INFO: [ app_begin ] --START--
INFO: Run Behavior\ReadHtmlCacheBehavior [ RunTime:0.000477s ]
INFO: [ app_begin ] --END-- [ RunTime:0.000541s ]
SQL: SHOW COLUMNS FROM `ms_config` [ RunTime:0.0019s ]
SQL: SELECT * FROM `ms_config` WHERE `id` = 1 LIMIT 1   [ RunTime:0.0007s ]
SQL: SHOW COLUMNS FROM `ms_image` [ RunTime:0.0020s ]
SQL: SELECT * FROM `ms_image` WHERE `id` = 1 LIMIT 1   [ RunTime:0.0007s ]
INFO: [ view_parse ] --START--
INFO: [ template_filter ] --START--
INFO: Run Behavior\ContentReplaceBehavior [ RunTime:0.000112s ]
INFO: [ template_filter ] --END-- [ RunTime:0.000181s ]
INFO: Run Behavior\ParseTemplateBehavior [ RunTime:0.007759s ]
INFO: [ view_parse ] --END-- [ RunTime:0.007829s ]
INFO: [ view_filter ] --START--
INFO: Run Behavior\WriteHtmlCacheBehavior [ RunTime:0.000358s ]
INFO: [ view_filter ] --END-- [ RunTime:0.000419s ]
INFO: [ app_end ] --START--
INFO: Run Behavior\ShowPageTraceBehavior [ RunTime:0.000684s ]
INFO: [ app_end ] --END-- [ RunTime:0.000756s ]

[ 2018-01-18T10:04:17+08:00 ] 127.0.0.1 /xmcy/admin.php/Index/assets/img/full-screen-image-3.jpg
INFO: [ app_init ] --START--
INFO: Run Behavior\BuildLiteBehavior [ RunTime:0.000026s ]
INFO: [ app_init ] --END-- [ RunTime:0.000706s ]

[ 2018-01-18T10:04:22+08:00 ] 127.0.0.1 /xmcy/admin.php/index/add.html
INFO: [ app_init ] --START--
INFO: Run Behavior\BuildLiteBehavior [ RunTime:0.000016s ]
INFO: [ app_init ] --END-- [ RunTime:0.000443s ]
INFO: [ app_begin ] --START--
INFO: Run Behavior\ReadHtmlCacheBehavior [ RunTime:0.000465s ]
INFO: [ app_begin ] --END-- [ RunTime:0.000533s ]
SQL: SHOW COLUMNS FROM `ms_config` [ RunTime:0.0021s ]
SQL: SELECT * FROM `ms_config` WHERE `id` = 1 LIMIT 1   [ RunTime:0.0007s ]
NOTIC: [2] call_user_func() expects parameter 1 to be a valid callback, no array or string given E:\wamp\www\xmcy\ThinkPHP\Library\Think\Upload.class.php 第 170 行.
SQL: SHOW COLUMNS FROM `ms_image` [ RunTime:0.0024s ]
SQL: SELECT `image` FROM `ms_image` WHERE `id` = 1 LIMIT 1   [ RunTime:0.0011s ]
SQL: UPDATE `ms_image` SET `address`='/',`addtime`='1516241062',`is_see`='1',`image`='public/upload/index/20180118/thumb5a6000a684c0d.jpg' WHERE `id` = 1 [ RunTime:0.0211s ]

[ 2018-01-18T10:04:22+08:00 ] 127.0.0.1 /xmcy/admin.php/Index/index.html
INFO: [ app_init ] --START--
INFO: Run Behavior\BuildLiteBehavior [ RunTime:0.000021s ]
INFO: [ app_init ] --END-- [ RunTime:0.000499s ]
INFO: [ app_begin ] --START--
INFO: Run Behavior\ReadHtmlCacheBehavior [ RunTime:0.000572s ]
INFO: [ app_begin ] --END-- [ RunTime:0.000638s ]
SQL: SHOW COLUMNS FROM `ms_config` [ RunTime:0.0018s ]
SQL: SELECT * FROM `ms_config` WHERE `id` = 1 LIMIT 1   [ RunTime:0.0007s ]
SQL: SHOW COLUMNS FROM `ms_image` [ RunTime:0.0018s ]
SQL: SELECT * FROM `ms_image`  [ RunTime:0.0007s ]
INFO: [ view_parse ] --START--
INFO: [ template_filter ] --START--
INFO: Run Behavior\ContentReplaceBehavior [ RunTime:0.000133s ]
INFO: [ template_filter ] --END-- [ RunTime:0.000200s ]
NOTIC: [8] Undefined index: recently_time E:\wamp\www\xmcy\Application\Runtime\Cache\Admin\b595b808c2ebeeeb0478ffc30bb4e87a.php 第 272 行.
NOTIC: [8] Undefined index: recently_time E:\wamp\www\xmcy\Application\Runtime\Cache\Admin\b595b808c2ebeeeb0478ffc30bb4e87a.php 第 276 行.
NOTIC: [8] Undefined index: recently_time E:\wamp\www\xmcy\Application\Runtime\Cache\Admin\b595b808c2ebeeeb0478ffc30bb4e87a.php 第 272 行.
NOTIC: [8] Undefined index: recently_time E:\wamp\www\xmcy\Application\Runtime\Cache\Admin\b595b808c2ebeeeb0478ffc30bb4e87a.php 第 276 行.
NOTIC: [8] Undefined index: recently_time E:\wamp\www\xmcy\Application\Runtime\Cache\Admin\b595b808c2ebeeeb0478ffc30bb4e87a.php 第 272 行.
NOTIC: [8] Undefined index: recently_time E:\wamp\www\xmcy\Application\Runtime\Cache\Admin\b595b808c2ebeeeb0478ffc30bb4e87a.php 第 276 行.
INFO: Run Behavior\ParseTemplateBehavior [ RunTime:0.010125s ]
INFO: [ view_parse ] --END-- [ RunTime:0.010188s ]
INFO: [ view_filter ] --START--
INFO: Run Behavior\WriteHtmlCacheBehavior [ RunTime:0.000445s ]
INFO: [ view_filter ] --END-- [ RunTime:0.000504s ]
INFO: [ app_end ] --START--
INFO: Run Behavior\ShowPageTraceBehavior [ RunTime:0.000839s ]
INFO: [ app_end ] --END-- [ RunTime:0.000910s ]

[ 2018-01-18T10:04:26+08:00 ] 127.0.0.1 /xmcy/admin.php/Index/edit/id/2.html
INFO: [ app_init ] --START--
INFO: Run Behavior\BuildLiteBehavior [ RunTime:0.000017s ]
INFO: [ app_init ] --END-- [ RunTime:0.000449s ]
INFO: [ app_begin ] --START--
INFO: Run Behavior\ReadHtmlCacheBehavior [ RunTime:0.000475s ]
INFO: [ app_begin ] --END-- [ RunTime:0.000541s ]
SQL: SHOW COLUMNS FROM `ms_config` [ RunTime:0.0009s ]
SQL: SELECT * FROM `ms_config` WHERE `id` = 1 LIMIT 1   [ RunTime:0.0007s ]
SQL: SHOW COLUMNS FROM `ms_image` [ RunTime:0.0012s ]
SQL: SELECT * FROM `ms_image` WHERE `id` = 2 LIMIT 1   [ RunTime:0.0009s ]
INFO: [ view_parse ] --START--
INFO: [ template_filter ] --START--
INFO: Run Behavior\ContentReplaceBehavior [ RunTime:0.000110s ]
INFO: [ template_filter ] --END-- [ RunTime:0.000177s ]
INFO: Run Behavior\ParseTemplateBehavior [ RunTime:0.007426s ]
INFO: [ view_parse ] --END-- [ RunTime:0.007495s ]
INFO: [ view_filter ] --START--
INFO: Run Behavior\WriteHtmlCacheBehavior [ RunTime:0.000360s ]
INFO: [ view_filter ] --END-- [ RunTime:0.000419s ]
INFO: [ app_end ] --START--
INFO: Run Behavior\ShowPageTraceBehavior [ RunTime:0.000946s ]
INFO: [ app_end ] --END-- [ RunTime:0.001036s ]

[ 2018-01-18T10:04:26+08:00 ] 127.0.0.1 /xmcy/admin.php/Index/assets/img/full-screen-image-3.jpg
INFO: [ app_init ] --START--
INFO: Run Behavior\BuildLiteBehavior [ RunTime:0.000027s ]
INFO: [ app_init ] --END-- [ RunTime:0.000648s ]

[ 2018-01-18T10:04:30+08:00 ] 127.0.0.1 /xmcy/admin.php/index/add.html
INFO: [ app_init ] --START--
INFO: Run Behavior\BuildLiteBehavior [ RunTime:0.000022s ]
INFO: [ app_init ] --END-- [ RunTime:0.000524s ]
INFO: [ app_begin ] --START--
INFO: Run Behavior\ReadHtmlCacheBehavior [ RunTime:0.000545s ]
INFO: [ app_begin ] --END-- [ RunTime:0.000627s ]
SQL: SHOW COLUMNS FROM `ms_config` [ RunTime:0.0010s ]
SQL: SELECT * FROM `ms_config` WHERE `id` = 1 LIMIT 1   [ RunTime:0.0007s ]
NOTIC: [2] call_user_func() expects parameter 1 to be a valid callback, no array or string given E:\wamp\www\xmcy\ThinkPHP\Library\Think\Upload.class.php 第 170 行.
SQL: SHOW COLUMNS FROM `ms_image` [ RunTime:0.0014s ]
SQL: SELECT `image` FROM `ms_image` WHERE `id` = 2 LIMIT 1   [ RunTime:0.0011s ]
SQL: UPDATE `ms_image` SET `address`='/',`addtime`='1516241070',`is_see`='1',`image`='public/upload/index/20180118/thumb5a6000aec3738.jpg' WHERE `id` = 2 [ RunTime:0.0229s ]

[ 2018-01-18T10:04:30+08:00 ] 127.0.0.1 /xmcy/admin.php/Index/index.html
INFO: [ app_init ] --START--
INFO: Run Behavior\BuildLiteBehavior [ RunTime:0.000016s ]
INFO: [ app_init ] --END-- [ RunTime:0.000441s ]
INFO: [ app_begin ] --START--
INFO: Run Behavior\ReadHtmlCacheBehavior [ RunTime:0.000538s ]
INFO: [ app_begin ] --END-- [ RunTime:0.000606s ]
SQL: SHOW COLUMNS FROM `ms_config` [ RunTime:0.0012s ]
SQL: SELECT * FROM `ms_config` WHERE `id` = 1 LIMIT 1   [ RunTime:0.0008s ]
SQL: SHOW COLUMNS FROM `ms_image` [ RunTime:0.0010s ]
SQL: SELECT * FROM `ms_image`  [ RunTime:0.0008s ]
INFO: [ view_parse ] --START--
INFO: [ template_filter ] --START--
INFO: Run Behavior\ContentReplaceBehavior [ RunTime:0.000128s ]
INFO: [ template_filter ] --END-- [ RunTime:0.000194s ]
NOTIC: [8] Undefined index: recently_time E:\wamp\www\xmcy\Application\Runtime\Cache\Admin\b595b808c2ebeeeb0478ffc30bb4e87a.php 第 272 行.
NOTIC: [8] Undefined index: recently_time E:\wamp\www\xmcy\Application\Runtime\Cache\Admin\b595b808c2ebeeeb0478ffc30bb4e87a.php 第 276 行.
NOTIC: [8] Undefined index: recently_time E:\wamp\www\xmcy\Application\Runtime\Cache\Admin\b595b808c2ebeeeb0478ffc30bb4e87a.php 第 272 行.
NOTIC: [8] Undefined index: recently_time E:\wamp\www\xmcy\Application\Runtime\Cache\Admin\b595b808c2ebeeeb0478ffc30bb4e87a.php 第 276 行.
NOTIC: [8] Undefined index: recently_time E:\wamp\www\xmcy\Application\Runtime\Cache\Admin\b595b808c2ebeeeb0478ffc30bb4e87a.php 第 272 行.
NOTIC: [8] Undefined index: recently_time E:\wamp\www\xmcy\Application\Runtime\Cache\Admin\b595b808c2ebeeeb0478ffc30bb4e87a.php 第 276 行.
INFO: Run Behavior\ParseTemplateBehavior [ RunTime:0.009638s ]
INFO: [ view_parse ] --END-- [ RunTime:0.009701s ]
INFO: [ view_filter ] --START--
INFO: Run Behavior\WriteHtmlCacheBehavior [ RunTime:0.000457s ]
INFO: [ view_filter ] --END-- [ RunTime:0.000520s ]
INFO: [ app_end ] --START--
INFO: Run Behavior\ShowPageTraceBehavior [ RunTime:0.000901s ]
INFO: [ app_end ] --END-- [ RunTime:0.000972s ]

[ 2018-01-18T10:04:32+08:00 ] 127.0.0.1 /xmcy/admin.php/Index/edit/id/3.html
INFO: [ app_init ] --START--
INFO: Run Behavior\BuildLiteBehavior [ RunTime:0.000016s ]
INFO: [ app_init ] --END-- [ RunTime:0.000444s ]
INFO: [ app_begin ] --START--
INFO: Run Behavior\ReadHtmlCacheBehavior [ RunTime:0.000471s ]
INFO: [ app_begin ] --END-- [ RunTime:0.000543s ]
SQL: SHOW COLUMNS FROM `ms_config` [ RunTime:0.0012s ]
SQL: SELECT * FROM `ms_config` WHERE `id` = 1 LIMIT 1   [ RunTime:0.0009s ]
SQL: SHOW COLUMNS FROM `ms_image` [ RunTime:0.0014s ]
SQL: SELECT * FROM `ms_image` WHERE `id` = 3 LIMIT 1   [ RunTime:0.0013s ]
INFO: [ view_parse ] --START--
INFO: [ template_filter ] --START--
INFO: Run Behavior\ContentReplaceBehavior [ RunTime:0.000135s ]
INFO: [ template_filter ] --END-- [ RunTime:0.000221s ]
INFO: Run Behavior\ParseTemplateBehavior [ RunTime:0.008736s ]
INFO: [ view_parse ] --END-- [ RunTime:0.008816s ]
INFO: [ view_filter ] --START--
INFO: Run Behavior\WriteHtmlCacheBehavior [ RunTime:0.000345s ]
INFO: [ view_filter ] --END-- [ RunTime:0.000404s ]
INFO: [ app_end ] --START--
INFO: Run Behavior\ShowPageTraceBehavior [ RunTime:0.000756s ]
INFO: [ app_end ] --END-- [ RunTime:0.000847s ]

[ 2018-01-18T10:04:32+08:00 ] 127.0.0.1 /xmcy/admin.php/Index/assets/img/full-screen-image-3.jpg
INFO: [ app_init ] --START--
INFO: Run Behavior\BuildLiteBehavior [ RunTime:0.000015s ]
INFO: [ app_init ] --END-- [ RunTime:0.000357s ]

[ 2018-01-18T10:04:36+08:00 ] 127.0.0.1 /xmcy/admin.php/index/add.html
INFO: [ app_init ] --START--
INFO: Run Behavior\BuildLiteBehavior [ RunTime:0.000015s ]
INFO: [ app_init ] --END-- [ RunTime:0.000510s ]
INFO: [ app_begin ] --START--
INFO: Run Behavior\ReadHtmlCacheBehavior [ RunTime:0.000443s ]
INFO: [ app_begin ] --END-- [ RunTime:0.000509s ]
SQL: SHOW COLUMNS FROM `ms_config` [ RunTime:0.0009s ]
SQL: SELECT * FROM `ms_config` WHERE `id` = 1 LIMIT 1   [ RunTime:0.0007s ]
NOTIC: [2] call_user_func() expects parameter 1 to be a valid callback, no array or string given E:\wamp\www\xmcy\ThinkPHP\Library\Think\Upload.class.php 第 170 行.
SQL: SHOW COLUMNS FROM `ms_image` [ RunTime:0.0013s ]
SQL: SELECT `image` FROM `ms_image` WHERE `id` = 3 LIMIT 1   [ RunTime:0.0010s ]
SQL: UPDATE `ms_image` SET `address`='/',`addtime`='1516241075',`is_see`='1',`image`='public/upload/index/20180118/thumb5a6000b3d9b73.jpg' WHERE `id` = 3 [ RunTime:0.0180s ]

[ 2018-01-18T10:04:36+08:00 ] 127.0.0.1 /xmcy/admin.php/Index/index.html
INFO: [ app_init ] --START--
INFO: Run Behavior\BuildLiteBehavior [ RunTime:0.000016s ]
INFO: [ app_init ] --END-- [ RunTime:0.000495s ]
INFO: [ app_begin ] --START--
INFO: Run Behavior\ReadHtmlCacheBehavior [ RunTime:0.000571s ]
INFO: [ app_begin ] --END-- [ RunTime:0.000637s ]
SQL: SHOW COLUMNS FROM `ms_config` [ RunTime:0.0018s ]
SQL: SELECT * FROM `ms_config` WHERE `id` = 1 LIMIT 1   [ RunTime:0.0007s ]
SQL: SHOW COLUMNS FROM `ms_image` [ RunTime:0.0019s ]
SQL: SELECT * FROM `ms_image`  [ RunTime:0.0007s ]
INFO: [ view_parse ] --START--
INFO: [ template_filter ] --START--
INFO: Run Behavior\ContentReplaceBehavior [ RunTime:0.000135s ]
INFO: [ template_filter ] --END-- [ RunTime:0.000205s ]
NOTIC: [8] Undefined index: recently_time E:\wamp\www\xmcy\Application\Runtime\Cache\Admin\b595b808c2ebeeeb0478ffc30bb4e87a.php 第 272 行.
NOTIC: [8] Undefined index: recently_time E:\wamp\www\xmcy\Application\Runtime\Cache\Admin\b595b808c2ebeeeb0478ffc30bb4e87a.php 第 276 行.
NOTIC: [8] Undefined index: recently_time E:\wamp\www\xmcy\Application\Runtime\Cache\Admin\b595b808c2ebeeeb0478ffc30bb4e87a.php 第 272 行.
NOTIC: [8] Undefined index: recently_time E:\wamp\www\xmcy\Application\Runtime\Cache\Admin\b595b808c2ebeeeb0478ffc30bb4e87a.php 第 276 行.
NOTIC: [8] Undefined index: recently_time E:\wamp\www\xmcy\Application\Runtime\Cache\Admin\b595b808c2ebeeeb0478ffc30bb4e87a.php 第 272 行.
NOTIC: [8] Undefined index: recently_time E:\wamp\www\xmcy\Application\Runtime\Cache\Admin\b595b808c2ebeeeb0478ffc30bb4e87a.php 第 276 行.
INFO: Run Behavior\ParseTemplateBehavior [ RunTime:0.010588s ]
INFO: [ view_parse ] --END-- [ RunTime:0.010663s ]
INFO: [ view_filter ] --START--
INFO: Run Behavior\WriteHtmlCacheBehavior [ RunTime:0.000456s ]
INFO: [ view_filter ] --END-- [ RunTime:0.000516s ]
INFO: [ app_end ] --START--
INFO: Run Behavior\ShowPageTraceBehavior [ RunTime:0.001018s ]
INFO: [ app_end ] --END-- [ RunTime:0.001092s ]

[ 2018-01-18T11:28:52+08:00 ] ::1 /xmcy/admin.php
INFO: [ app_init ] --START--
INFO: Run Behavior\BuildLiteBehavior [ RunTime:0.000017s ]
INFO: [ app_init ] --END-- [ RunTime:0.000428s ]
INFO: [ app_begin ] --START--
INFO: Run Behavior\ReadHtmlCacheBehavior [ RunTime:0.000663s ]
INFO: [ app_begin ] --END-- [ RunTime:0.000750s ]
NOTIC: [8] Undefined index: admin_data E:\wamp\www\xmcy\Application\Admin\Controller\BaseController.class.php 第 8 行.

[ 2018-01-18T11:28:52+08:00 ] ::1 /xmcy/admin.php/Login/index.html
INFO: [ app_init ] --START--
INFO: Run Behavior\BuildLiteBehavior [ RunTime:0.000015s ]
INFO: [ app_init ] --END-- [ RunTime:0.000360s ]
INFO: [ app_begin ] --START--
INFO: Run Behavior\ReadHtmlCacheBehavior [ RunTime:0.000547s ]
INFO: [ app_begin ] --END-- [ RunTime:0.000634s ]
NOTIC: [8] Undefined index: admin_data E:\wamp\www\xmcy\Application\Admin\Controller\LoginController.class.php 第 8 行.
INFO: [ view_parse ] --START--
INFO: [ template_filter ] --START--
INFO: Run Behavior\ContentReplaceBehavior [ RunTime:0.000136s ]
INFO: [ template_filter ] --END-- [ RunTime:0.000254s ]
INFO: Run Behavior\ParseTemplateBehavior [ RunTime:0.018170s ]
INFO: [ view_parse ] --END-- [ RunTime:0.018258s ]
INFO: [ view_filter ] --START--
INFO: Run Behavior\WriteHtmlCacheBehavior [ RunTime:0.000361s ]
INFO: [ view_filter ] --END-- [ RunTime:0.000518s ]
INFO: [ app_end ] --START--
INFO: Run Behavior\ShowPageTraceBehavior [ RunTime:0.001110s ]
INFO: [ app_end ] --END-- [ RunTime:0.001230s ]

[ 2018-01-18T11:28:55+08:00 ] ::1 /xmcy/admin.php/Login/login
INFO: [ app_init ] --START--
INFO: Run Behavior\BuildLiteBehavior [ RunTime:0.000016s ]
INFO: [ app_init ] --END-- [ RunTime:0.000450s ]
INFO: [ app_begin ] --START--
INFO: Run Behavior\ReadHtmlCacheBehavior [ RunTime:0.000461s ]
INFO: [ app_begin ] --END-- [ RunTime:0.000516s ]
SQL: SHOW COLUMNS FROM `ms_admin` [ RunTime:0.0342s ]
SQL: SELECT * FROM `ms_admin` WHERE `username` = 'admin' AND `password` = 'fc184b504c69e3b2de621ec6f8807524' LIMIT 1   [ RunTime:0.0011s ]
INFO: [ app_end ] --START--
INFO: Run Behavior\ShowPageTraceBehavior [ RunTime:0.000608s ]
INFO: [ app_end ] --END-- [ RunTime:0.000667s ]

[ 2018-01-18T11:28:55+08:00 ] ::1 /xmcy/admin.php/Company/index.html
INFO: [ app_init ] --START--
INFO: Run Behavior\BuildLiteBehavior [ RunTime:0.000015s ]
INFO: [ app_init ] --END-- [ RunTime:0.000454s ]
INFO: [ app_begin ] --START--
INFO: Run Behavior\ReadHtmlCacheBehavior [ RunTime:0.000447s ]
INFO: [ app_begin ] --END-- [ RunTime:0.000510s ]
SQL: SHOW COLUMNS FROM `ms_config` [ RunTime:0.0026s ]
SQL: SELECT * FROM `ms_config` WHERE `id` = 1 LIMIT 1   [ RunTime:0.0011s ]
SQL: SELECT * FROM `ms_config` LIMIT 1   [ RunTime:0.0008s ]
INFO: [ view_parse ] --START--
INFO: [ template_filter ] --START--
INFO: Run Behavior\ContentReplaceBehavior [ RunTime:0.000227s ]
INFO: [ template_filter ] --END-- [ RunTime:0.000352s ]
NOTIC: [8] Undefined variable: admin E:\wamp\www\xmcy\Application\Runtime\Cache\Admin\6eb939ff62aea883767ed8fa0a0c5387.php 第 440 行.
NOTIC: [8] Undefined variable: admin E:\wamp\www\xmcy\Application\Runtime\Cache\Admin\6eb939ff62aea883767ed8fa0a0c5387.php 第 455 行.
INFO: Run Behavior\ParseTemplateBehavior [ RunTime:0.009481s ]
INFO: [ view_parse ] --END-- [ RunTime:0.009549s ]
INFO: [ view_filter ] --START--
INFO: Run Behavior\WriteHtmlCacheBehavior [ RunTime:0.000451s ]
INFO: [ view_filter ] --END-- [ RunTime:0.000516s ]
INFO: [ app_end ] --START--
INFO: Run Behavior\ShowPageTraceBehavior [ RunTime:0.000794s ]
INFO: [ app_end ] --END-- [ RunTime:0.000910s ]

[ 2018-01-18T11:29:28+08:00 ] ::1 /xmcy/admin.php/Index/index.html
INFO: [ app_init ] --START--
INFO: Run Behavior\BuildLiteBehavior [ RunTime:0.000017s ]
INFO: [ app_init ] --END-- [ RunTime:0.000510s ]
INFO: [ app_begin ] --START--
INFO: Run Behavior\ReadHtmlCacheBehavior [ RunTime:0.000607s ]
INFO: [ app_begin ] --END-- [ RunTime:0.000678s ]
SQL: SHOW COLUMNS FROM `ms_config` [ RunTime:0.0023s ]
SQL: SELECT * FROM `ms_config` WHERE `id` = 1 LIMIT 1   [ RunTime:0.0009s ]
SQL: SHOW COLUMNS FROM `ms_image` [ RunTime:0.0022s ]
SQL: SELECT * FROM `ms_image`  [ RunTime:0.0008s ]
INFO: [ view_parse ] --START--
INFO: [ template_filter ] --START--
INFO: Run Behavior\ContentReplaceBehavior [ RunTime:0.000131s ]
INFO: [ template_filter ] --END-- [ RunTime:0.000198s ]
NOTIC: [8] Undefined index: recently_time E:\wamp\www\xmcy\Application\Runtime\Cache\Admin\b595b808c2ebeeeb0478ffc30bb4e87a.php 第 272 行.
NOTIC: [8] Undefined index: recently_time E:\wamp\www\xmcy\Application\Runtime\Cache\Admin\b595b808c2ebeeeb0478ffc30bb4e87a.php 第 276 行.
NOTIC: [8] Undefined index: recently_time E:\wamp\www\xmcy\Application\Runtime\Cache\Admin\b595b808c2ebeeeb0478ffc30bb4e87a.php 第 272 行.
NOTIC: [8] Undefined index: recently_time E:\wamp\www\xmcy\Application\Runtime\Cache\Admin\b595b808c2ebeeeb0478ffc30bb4e87a.php 第 276 行.
NOTIC: [8] Undefined index: recently_time E:\wamp\www\xmcy\Application\Runtime\Cache\Admin\b595b808c2ebeeeb0478ffc30bb4e87a.php 第 272 行.
NOTIC: [8] Undefined index: recently_time E:\wamp\www\xmcy\Application\Runtime\Cache\Admin\b595b808c2ebeeeb0478ffc30bb4e87a.php 第 276 行.
INFO: Run Behavior\ParseTemplateBehavior [ RunTime:0.023598s ]
INFO: [ view_parse ] --END-- [ RunTime:0.023659s ]
INFO: [ view_filter ] --START--
INFO: Run Behavior\WriteHtmlCacheBehavior [ RunTime:0.000510s ]
INFO: [ view_filter ] --END-- [ RunTime:0.000568s ]
INFO: [ app_end ] --START--
INFO: Run Behavior\ShowPageTraceBehavior [ RunTime:0.000741s ]
INFO: [ app_end ] --END-- [ RunTime:0.000832s ]

[ 2018-01-18T11:29:30+08:00 ] ::1 /xmcy/admin.php/Company/index.html
INFO: [ app_init ] --START--
INFO: Run Behavior\BuildLiteBehavior [ RunTime:0.000015s ]
INFO: [ app_init ] --END-- [ RunTime:0.000450s ]
INFO: [ app_begin ] --START--
INFO: Run Behavior\ReadHtmlCacheBehavior [ RunTime:0.000499s ]
INFO: [ app_begin ] --END-- [ RunTime:0.000574s ]
SQL: SHOW COLUMNS FROM `ms_config` [ RunTime:0.0021s ]
SQL: SELECT * FROM `ms_config` WHERE `id` = 1 LIMIT 1   [ RunTime:0.0007s ]
SQL: SELECT * FROM `ms_config` LIMIT 1   [ RunTime:0.0010s ]
INFO: [ view_parse ] --START--
INFO: [ template_filter ] --START--
INFO: Run Behavior\ContentReplaceBehavior [ RunTime:0.000123s ]
INFO: [ template_filter ] --END-- [ RunTime:0.000191s ]
NOTIC: [8] Undefined variable: admin E:\wamp\www\xmcy\Application\Runtime\Cache\Admin\6eb939ff62aea883767ed8fa0a0c5387.php 第 440 行.
NOTIC: [8] Undefined variable: admin E:\wamp\www\xmcy\Application\Runtime\Cache\Admin\6eb939ff62aea883767ed8fa0a0c5387.php 第 455 行.
INFO: Run Behavior\ParseTemplateBehavior [ RunTime:0.009105s ]
INFO: [ view_parse ] --END-- [ RunTime:0.009166s ]
INFO: [ view_filter ] --START--
INFO: Run Behavior\WriteHtmlCacheBehavior [ RunTime:0.000586s ]
INFO: [ view_filter ] --END-- [ RunTime:0.000679s ]
INFO: [ app_end ] --START--
INFO: Run Behavior\ShowPageTraceBehavior [ RunTime:0.000815s ]
INFO: [ app_end ] --END-- [ RunTime:0.000924s ]

[ 2018-01-18T11:29:32+08:00 ] ::1 /xmcy/admin.php/News/index.html
INFO: [ app_init ] --START--
INFO: Run Behavior\BuildLiteBehavior [ RunTime:0.000027s ]
INFO: [ app_init ] --END-- [ RunTime:0.000768s ]
INFO: [ app_begin ] --START--
INFO: Run Behavior\ReadHtmlCacheBehavior [ RunTime:0.000931s ]
INFO: [ app_begin ] --END-- [ RunTime:0.001038s ]
SQL: SHOW COLUMNS FROM `ms_config` [ RunTime:0.0019s ]
SQL: SELECT * FROM `ms_config` WHERE `id` = 1 LIMIT 1   [ RunTime:0.0010s ]
SQL: SHOW COLUMNS FROM `ms_news` [ RunTime:0.0025s ]
SQL: SELECT COUNT(*) AS tp_count FROM `ms_news` ORDER BY id desc LIMIT 1   [ RunTime:0.0014s ]
SQL: SELECT * FROM `ms_news` ORDER BY id desc LIMIT 0,13   [ RunTime:0.0029s ]
SQL: SHOW COLUMNS FROM `ms_category` [ RunTime:0.0016s ]
SQL: SELECT * FROM `ms_category`  [ RunTime:0.0011s ]
INFO: [ view_parse ] --START--
INFO: [ template_filter ] --START--
INFO: Run Behavior\ContentReplaceBehavior [ RunTime:0.000123s ]
INFO: [ template_filter ] --END-- [ RunTime:0.000196s ]
NOTIC: [8] Undefined variable: category_id E:\wamp\www\xmcy\Application\Runtime\Cache\Admin\36087655c6ab8580337cdc45b35a926d.php 第 244 行.
NOTIC: [8] Undefined variable: category_id E:\wamp\www\xmcy\Application\Runtime\Cache\Admin\36087655c6ab8580337cdc45b35a926d.php 第 244 行.
NOTIC: [8] Undefined variable: category_id E:\wamp\www\xmcy\Application\Runtime\Cache\Admin\36087655c6ab8580337cdc45b35a926d.php 第 244 行.
NOTIC: [8] Undefined variable: category_id E:\wamp\www\xmcy\Application\Runtime\Cache\Admin\36087655c6ab8580337cdc45b35a926d.php 第 244 行.
NOTIC: [8] Undefined variable: category_id E:\wamp\www\xmcy\Application\Runtime\Cache\Admin\36087655c6ab8580337cdc45b35a926d.php 第 244 行.
NOTIC: [8] Undefined variable: category_id E:\wamp\www\xmcy\Application\Runtime\Cache\Admin\36087655c6ab8580337cdc45b35a926d.php 第 244 行.
NOTIC: [8] Undefined variable: category_id E:\wamp\www\xmcy\Application\Runtime\Cache\Admin\36087655c6ab8580337cdc45b35a926d.php 第 244 行.
NOTIC: [8] Undefined variable: category_id E:\wamp\www\xmcy\Application\Runtime\Cache\Admin\36087655c6ab8580337cdc45b35a926d.php 第 244 行.
NOTIC: [8] Undefined variable: category_id E:\wamp\www\xmcy\Application\Runtime\Cache\Admin\36087655c6ab8580337cdc45b35a926d.php 第 244 行.
NOTIC: [8] Undefined variable: category_id E:\wamp\www\xmcy\Application\Runtime\Cache\Admin\36087655c6ab8580337cdc45b35a926d.php 第 244 行.
NOTIC: [8] Undefined variable: category_id E:\wamp\www\xmcy\Application\Runtime\Cache\Admin\36087655c6ab8580337cdc45b35a926d.php 第 244 行.
NOTIC: [8] Undefined variable: category_id E:\wamp\www\xmcy\Application\Runtime\Cache\Admin\36087655c6ab8580337cdc45b35a926d.php 第 244 行.
NOTIC: [8] Undefined index: path E:\wamp\www\xmcy\Application\Runtime\Cache\Admin\36087655c6ab8580337cdc45b35a926d.php 第 274 行.
SQL: SELECT `category_name` FROM `ms_category` WHERE `category_id` = 1 LIMIT 1   [ RunTime:0.0011s ]
NOTIC: [8] Undefined index: report E:\wamp\www\xmcy\Application\Runtime\Cache\Admin\36087655c6ab8580337cdc45b35a926d.php 第 279 行.
NOTIC: [8] Undefined index: bepraise E:\wamp\www\xmcy\Application\Runtime\Cache\Admin\36087655c6ab8580337cdc45b35a926d.php 第 280 行.
NOTIC: [8] Undefined index: froms E:\wamp\www\xmcy\Application\Runtime\Cache\Admin\36087655c6ab8580337cdc45b35a926d.php 第 282 行.
NOTIC: [8] Undefined index: state E:\wamp\www\xmcy\Application\Runtime\Cache\Admin\36087655c6ab8580337cdc45b35a926d.php 第 285 行.
NOTIC: [8] Undefined index: path E:\wamp\www\xmcy\Application\Runtime\Cache\Admin\36087655c6ab8580337cdc45b35a926d.php 第 274 行.
SQL: SELECT `category_name` FROM `ms_category` WHERE `category_id` = 1 LIMIT 1   [ RunTime:0.0008s ]
NOTIC: [8] Undefined index: report E:\wamp\www\xmcy\Application\Runtime\Cache\Admin\36087655c6ab8580337cdc45b35a926d.php 第 279 行.
NOTIC: [8] Undefined index: bepraise E:\wamp\www\xmcy\Application\Runtime\Cache\Admin\36087655c6ab8580337cdc45b35a926d.php 第 280 行.
NOTIC: [8] Undefined index: froms E:\wamp\www\xmcy\Application\Runtime\Cache\Admin\36087655c6ab8580337cdc45b35a926d.php 第 282 行.
NOTIC: [8] Undefined index: state E:\wamp\www\xmcy\Application\Runtime\Cache\Admin\36087655c6ab8580337cdc45b35a926d.php 第 285 行.
NOTIC: [8] Undefined index: path E:\wamp\www\xmcy\Application\Runtime\Cache\Admin\36087655c6ab8580337cdc45b35a926d.php 第 274 行.
SQL: SELECT `category_name` FROM `ms_category` WHERE `category_id` = 1 LIMIT 1   [ RunTime:0.0009s ]
NOTIC: [8] Undefined index: report E:\wamp\www\xmcy\Application\Runtime\Cache\Admin\36087655c6ab8580337cdc45b35a926d.php 第 279 行.
NOTIC: [8] Undefined index: bepraise E:\wamp\www\xmcy\Application\Runtime\Cache\Admin\36087655c6ab8580337cdc45b35a926d.php 第 280 行.
NOTIC: [8] Undefined index: froms E:\wamp\www\xmcy\Application\Runtime\Cache\Admin\36087655c6ab8580337cdc45b35a926d.php 第 282 行.
NOTIC: [8] Undefined index: state E:\wamp\www\xmcy\Application\Runtime\Cache\Admin\36087655c6ab8580337cdc45b35a926d.php 第 285 行.
NOTIC: [8] Undefined index: path E:\wamp\www\xmcy\Application\Runtime\Cache\Admin\36087655c6ab8580337cdc45b35a926d.php 第 274 行.
SQL: SELECT `category_name` FROM `ms_category` WHERE `category_id` = 1 LIMIT 1   [ RunTime:0.0010s ]
NOTIC: [8] Undefined index: report E:\wamp\www\xmcy\Application\Runtime\Cache\Admin\36087655c6ab8580337cdc45b35a926d.php 第 279 行.
NOTIC: [8] Undefined index: bepraise E:\wamp\www\xmcy\Application\Runtime\Cache\Admin\36087655c6ab8580337cdc45b35a926d.php 第 280 行.
NOTIC: [8] Undefined index: froms E:\wamp\www\xmcy\Application\Runtime\Cache\Admin\36087655c6ab8580337cdc45b35a926d.php 第 282 行.
NOTIC: [8] Undefined index: state E:\wamp\www\xmcy\Application\Runtime\Cache\Admin\36087655c6ab8580337cdc45b35a926d.php 第 285 行.
NOTIC: [8] Undefined index: path E:\wamp\www\xmcy\Application\Runtime\Cache\Admin\36087655c6ab8580337cdc45b35a926d.php 第 274 行.
SQL: SELECT `category_name` FROM `ms_category` WHERE `category_id` = 1 LIMIT 1   [ RunTime:0.0009s ]
NOTIC: [8] Undefined index: report E:\wamp\www\xmcy\Application\Runtime\Cache\Admin\36087655c6ab8580337cdc45b35a926d.php 第 279 行.
NOTIC: [8] Undefined index: bepraise E:\wamp\www\xmcy\Application\Runtime\Cache\Admin\36087655c6ab8580337cdc45b35a926d.php 第 280 行.
NOTIC: [8] Undefined index: froms E:\wamp\www\xmcy\Application\Runtime\Cache\Admin\36087655c6ab8580337cdc45b35a926d.php 第 282 行.
NOTIC: [8] Undefined index: state E:\wamp\www\xmcy\Application\Runtime\Cache\Admin\36087655c6ab8580337cdc45b35a926d.php 第 285 行.
NOTIC: [8] Undefined index: path E:\wamp\www\xmcy\Application\Runtime\Cache\Admin\36087655c6ab8580337cdc45b35a926d.php 第 274 行.
SQL: SELECT `category_name` FROM `ms_category` WHERE `category_id` = 1 LIMIT 1   [ RunTime:0.0010s ]
NOTIC: [8] Undefined index: report E:\wamp\www\xmcy\Application\Runtime\Cache\Admin\36087655c6ab8580337cdc45b35a926d.php 第 279 行.
NOTIC: [8] Undefined index: bepraise E:\wamp\www\xmcy\Application\Runtime\Cache\Admin\36087655c6ab8580337cdc45b35a926d.php 第 280 行.
NOTIC: [8] Undefined index: froms E:\wamp\www\xmcy\Application\Runtime\Cache\Admin\36087655c6ab8580337cdc45b35a926d.php 第 282 行.
NOTIC: [8] Undefined index: state E:\wamp\www\xmcy\Application\Runtime\Cache\Admin\36087655c6ab8580337cdc45b35a926d.php 第 285 行.
NOTIC: [8] Undefined index: path E:\wamp\www\xmcy\Application\Runtime\Cache\Admin\36087655c6ab8580337cdc45b35a926d.php 第 274 行.
SQL: SELECT `category_name` FROM `ms_category` WHERE `category_id` = 1 LIMIT 1   [ RunTime:0.0008s ]
NOTIC: [8] Undefined index: report E:\wamp\www\xmcy\Application\Runtime\Cache\Admin\36087655c6ab8580337cdc45b35a926d.php 第 279 行.
NOTIC: [8] Undefined index: bepraise E:\wamp\www\xmcy\Application\Runtime\Cache\Admin\36087655c6ab8580337cdc45b35a926d.php 第 280 行.
NOTIC: [8] Undefined index: froms E:\wamp\www\xmcy\Application\Runtime\Cache\Admin\36087655c6ab8580337cdc45b35a926d.php 第 282 行.
NOTIC: [8] Undefined index: state E:\wamp\www\xmcy\Application\Runtime\Cache\Admin\36087655c6ab8580337cdc45b35a926d.php 第 285 行.
NOTIC: [8] Undefined index: path E:\wamp\www\xmcy\Application\Runtime\Cache\Admin\36087655c6ab8580337cdc45b35a926d.php 第 274 行.
SQL: SELECT `category_name` FROM `ms_category` WHERE `category_id` = 1 LIMIT 1   [ RunTime:0.0008s ]
NOTIC: [8] Undefined index: report E:\wamp\www\xmcy\Application\Runtime\Cache\Admin\36087655c6ab8580337cdc45b35a926d.php 第 279 行.
NOTIC: [8] Undefined index: bepraise E:\wamp\www\xmcy\Application\Runtime\Cache\Admin\36087655c6ab8580337cdc45b35a926d.php 第 280 行.
NOTIC: [8] Undefined index: froms E:\wamp\www\xmcy\Application\Runtime\Cache\Admin\36087655c6ab8580337cdc45b35a926d.php 第 282 行.
NOTIC: [8] Undefined index: state E:\wamp\www\xmcy\Application\Runtime\Cache\Admin\36087655c6ab8580337cdc45b35a926d.php 第 285 行.
NOTIC: [8] Undefined index: path E:\wamp\www\xmcy\Application\Runtime\Cache\Admin\36087655c6ab8580337cdc45b35a926d.php 第 274 行.
SQL: SELECT `category_name` FROM `ms_category` WHERE `category_id` = 1 LIMIT 1   [ RunTime:0.0013s ]
NOTIC: [8] Undefined index: report E:\wamp\www\xmcy\Application\Runtime\Cache\Admin\36087655c6ab8580337cdc45b35a926d.php 第 279 行.
NOTIC: [8] Undefined index: bepraise E:\wamp\www\xmcy\Application\Runtime\Cache\Admin\36087655c6ab8580337cdc45b35a926d.php 第 280 行.
NOTIC: [8] Undefined index: froms E:\wamp\www\xmcy\Application\Runtime\Cache\Admin\36087655c6ab8580337cdc45b35a926d.php 第 282 行.
NOTIC: [8] Undefined index: state E:\wamp\www\xmcy\Application\Runtime\Cache\Admin\36087655c6ab8580337cdc45b35a926d.php 第 285 行.
NOTIC: [8] Undefined index: path E:\wamp\www\xmcy\Application\Runtime\Cache\Admin\36087655c6ab8580337cdc45b35a926d.php 第 274 行.
SQL: SELECT `category_name` FROM `ms_category` WHERE `category_id` = 1 LIMIT 1   [ RunTime:0.0010s ]
NOTIC: [8] Undefined index: report E:\wamp\www\xmcy\Application\Runtime\Cache\Admin\36087655c6ab8580337cdc45b35a926d.php 第 279 行.
NOTIC: [8] Undefined index: bepraise E:\wamp\www\xmcy\Application\Runtime\Cache\Admin\36087655c6ab8580337cdc45b35a926d.php 第 280 行.
NOTIC: [8] Undefined index: froms E:\wamp\www\xmcy\Application\Runtime\Cache\Admin\36087655c6ab8580337cdc45b35a926d.php 第 282 行.
NOTIC: [8] Undefined index: state E:\wamp\www\xmcy\Application\Runtime\Cache\Admin\36087655c6ab8580337cdc45b35a926d.php 第 285 行.
NOTIC: [8] Undefined index: path E:\wamp\www\xmcy\Application\Runtime\Cache\Admin\36087655c6ab8580337cdc45b35a926d.php 第 274 行.
SQL: SELECT `category_name` FROM `ms_category` WHERE `category_id` = 1 LIMIT 1   [ RunTime:0.0010s ]
NOTIC: [8] Undefined index: report E:\wamp\www\xmcy\Application\Runtime\Cache\Admin\36087655c6ab8580337cdc45b35a926d.php 第 279 行.
NOTIC: [8] Undefined index: bepraise E:\wamp\www\xmcy\Application\Runtime\Cache\Admin\36087655c6ab8580337cdc45b35a926d.php 第 280 行.
NOTIC: [8] Undefined index: froms E:\wamp\www\xmcy\Application\Runtime\Cache\Admin\36087655c6ab8580337cdc45b35a926d.php 第 282 行.
NOTIC: [8] Undefined index: state E:\wamp\www\xmcy\Application\Runtime\Cache\Admin\36087655c6ab8580337cdc45b35a926d.php 第 285 行.
NOTIC: [8] Undefined index: path E:\wamp\www\xmcy\Application\Runtime\Cache\Admin\36087655c6ab8580337cdc45b35a926d.php 第 274 行.
SQL: SELECT `category_name` FROM `ms_category` WHERE `category_id` = 2 LIMIT 1   [ RunTime:0.0008s ]
NOTIC: [8] Undefined index: report E:\wamp\www\xmcy\Application\Runtime\Cache\Admin\36087655c6ab8580337cdc45b35a926d.php 第 279 行.
NOTIC: [8] Undefined index: bepraise E:\wamp\www\xmcy\Application\Runtime\Cache\Admin\36087655c6ab8580337cdc45b35a926d.php 第 280 行.
NOTIC: [8] Undefined index: froms E:\wamp\www\xmcy\Application\Runtime\Cache\Admin\36087655c6ab8580337cdc45b35a926d.php 第 282 行.
NOTIC: [8] Undefined index: state E:\wamp\www\xmcy\Application\Runtime\Cache\Admin\36087655c6ab8580337cdc45b35a926d.php 第 285 行.
NOTIC: [8] Undefined index: path E:\wamp\www\xmcy\Application\Runtime\Cache\Admin\36087655c6ab8580337cdc45b35a926d.php 第 274 行.
SQL: SELECT `category_name` FROM `ms_category` WHERE `category_id` = 7 LIMIT 1   [ RunTime:0.0007s ]
NOTIC: [8] Undefined index: report E:\wamp\www\xmcy\Application\Runtime\Cache\Admin\36087655c6ab8580337cdc45b35a926d.php 第 279 行.
NOTIC: [8] Undefined index: bepraise E:\wamp\www\xmcy\Application\Runtime\Cache\Admin\36087655c6ab8580337cdc45b35a926d.php 第 280 行.
NOTIC: [8] Undefined index: froms E:\wamp\www\xmcy\Application\Runtime\Cache\Admin\36087655c6ab8580337cdc45b35a926d.php 第 282 行.
NOTIC: [8] Undefined index: state E:\wamp\www\xmcy\Application\Runtime\Cache\Admin\36087655c6ab8580337cdc45b35a926d.php 第 285 行.
NOTIC: [8] Undefined variable: post E:\wamp\www\xmcy\Application\Runtime\Cache\Admin\36087655c6ab8580337cdc45b35a926d.php 第 436 行.
NOTIC: [8] Undefined variable: post E:\wamp\www\xmcy\Application\Runtime\Cache\Admin\36087655c6ab8580337cdc45b35a926d.php 第 437 行.
NOTIC: [8] Undefined variable: post E:\wamp\www\xmcy\Application\Runtime\Cache\Admin\36087655c6ab8580337cdc45b35a926d.php 第 440 行.
NOTIC: [8] Undefined variable: post E:\wamp\www\xmcy\Application\Runtime\Cache\Admin\36087655c6ab8580337cdc45b35a926d.php 第 441 行.
NOTIC: [8] Undefined variable: post E:\wamp\www\xmcy\Application\Runtime\Cache\Admin\36087655c6ab8580337cdc45b35a926d.php 第 444 行.
NOTIC: [8] Undefined variable: post E:\wamp\www\xmcy\Application\Runtime\Cache\Admin\36087655c6ab8580337cdc45b35a926d.php 第 445 行.
INFO: Run Behavior\ParseTemplateBehavior [ RunTime:0.046961s ]
INFO: [ view_parse ] --END-- [ RunTime:0.047020s ]
INFO: [ view_filter ] --START--
INFO: Run Behavior\WriteHtmlCacheBehavior [ RunTime:0.000559s ]
INFO: [ view_filter ] --END-- [ RunTime:0.000618s ]
INFO: [ app_end ] --START--
INFO: Run Behavior\ShowPageTraceBehavior [ RunTime:0.000686s ]
INFO: [ app_end ] --END-- [ RunTime:0.000758s ]

[ 2018-01-18T11:29:35+08:00 ] ::1 /xmcy/admin.php/News/add.html
INFO: [ app_init ] --START--
INFO: Run Behavior\BuildLiteBehavior [ RunTime:0.000016s ]
INFO: [ app_init ] --END-- [ RunTime:0.000444s ]
INFO: [ app_begin ] --START--
INFO: Run Behavior\ReadHtmlCacheBehavior [ RunTime:0.000455s ]
INFO: [ app_begin ] --END-- [ RunTime:0.000524s ]
SQL: SHOW COLUMNS FROM `ms_config` [ RunTime:0.0020s ]
SQL: SELECT * FROM `ms_config` WHERE `id` = 1 LIMIT 1   [ RunTime:0.0009s ]
SQL: SHOW COLUMNS FROM `ms_category` [ RunTime:0.0012s ]
SQL: SELECT * FROM `ms_category`  [ RunTime:0.0007s ]
INFO: [ view_parse ] --START--
INFO: [ template_filter ] --START--
INFO: Run Behavior\ContentReplaceBehavior [ RunTime:0.000117s ]
INFO: [ template_filter ] --END-- [ RunTime:0.000184s ]
NOTIC: [8] Undefined variable: production E:\wamp\www\xmcy\Application\Runtime\Cache\Admin\2dfc02e2d7eeff6052237f403f7435fe.php 第 402 行.
INFO: Run Behavior\ParseTemplateBehavior [ RunTime:0.018293s ]
INFO: [ view_parse ] --END-- [ RunTime:0.018357s ]
INFO: [ view_filter ] --START--
INFO: Run Behavior\WriteHtmlCacheBehavior [ RunTime:0.000521s ]
INFO: [ view_filter ] --END-- [ RunTime:0.000580s ]
INFO: [ app_end ] --START--
INFO: Run Behavior\ShowPageTraceBehavior [ RunTime:0.000737s ]
INFO: [ app_end ] --END-- [ RunTime:0.000810s ]

[ 2018-01-18T11:41:24+08:00 ] ::1 /xmcy/admin.php/News/index.html
INFO: [ app_init ] --START--
INFO: Run Behavior\BuildLiteBehavior [ RunTime:0.000020s ]
INFO: [ app_init ] --END-- [ RunTime:0.000571s ]
INFO: [ app_begin ] --START--
INFO: Run Behavior\ReadHtmlCacheBehavior [ RunTime:0.000607s ]
INFO: [ app_begin ] --END-- [ RunTime:0.000682s ]
SQL: SHOW COLUMNS FROM `ms_config` [ RunTime:0.0016s ]
SQL: SELECT * FROM `ms_config` WHERE `id` = 1 LIMIT 1   [ RunTime:0.0004s ]
SQL: SHOW COLUMNS FROM `ms_news` [ RunTime:0.0016s ]
SQL: SELECT COUNT(*) AS tp_count FROM `ms_news` ORDER BY id desc LIMIT 1   [ RunTime:0.0004s ]
SQL: SELECT * FROM `ms_news` ORDER BY id desc LIMIT 0,13   [ RunTime:0.0015s ]
SQL: SHOW COLUMNS FROM `ms_category` [ RunTime:0.0009s ]
SQL: SELECT * FROM `ms_category`  [ RunTime:0.0005s ]
INFO: [ view_parse ] --START--
INFO: [ template_filter ] --START--
INFO: Run Behavior\ContentReplaceBehavior [ RunTime:0.000124s ]
INFO: [ template_filter ] --END-- [ RunTime:0.000195s ]
NOTIC: [8] Undefined variable: category_id E:\wamp\www\xmcy\Application\Runtime\Cache\Admin\36087655c6ab8580337cdc45b35a926d.php 第 244 行.
NOTIC: [8] Undefined variable: category_id E:\wamp\www\xmcy\Application\Runtime\Cache\Admin\36087655c6ab8580337cdc45b35a926d.php 第 244 行.
NOTIC: [8] Undefined variable: category_id E:\wamp\www\xmcy\Application\Runtime\Cache\Admin\36087655c6ab8580337cdc45b35a926d.php 第 244 行.
NOTIC: [8] Undefined variable: category_id E:\wamp\www\xmcy\Application\Runtime\Cache\Admin\36087655c6ab8580337cdc45b35a926d.php 第 244 行.
NOTIC: [8] Undefined variable: category_id E:\wamp\www\xmcy\Application\Runtime\Cache\Admin\36087655c6ab8580337cdc45b35a926d.php 第 244 行.
NOTIC: [8] Undefined variable: category_id E:\wamp\www\xmcy\Application\Runtime\Cache\Admin\36087655c6ab8580337cdc45b35a926d.php 第 244 行.
NOTIC: [8] Undefined variable: category_id E:\wamp\www\xmcy\Application\Runtime\Cache\Admin\36087655c6ab8580337cdc45b35a926d.php 第 244 行.
NOTIC: [8] Undefined variable: category_id E:\wamp\www\xmcy\Application\Runtime\Cache\Admin\36087655c6ab8580337cdc45b35a926d.php 第 244 行.
NOTIC: [8] Undefined variable: category_id E:\wamp\www\xmcy\Application\Runtime\Cache\Admin\36087655c6ab8580337cdc45b35a926d.php 第 244 行.
NOTIC: [8] Undefined variable: category_id E:\wamp\www\xmcy\Application\Runtime\Cache\Admin\36087655c6ab8580337cdc45b35a926d.php 第 244 行.
NOTIC: [8] Undefined variable: category_id E:\wamp\www\xmcy\Application\Runtime\Cache\Admin\36087655c6ab8580337cdc45b35a926d.php 第 244 行.
NOTIC: [8] Undefined variable: category_id E:\wamp\www\xmcy\Application\Runtime\Cache\Admin\36087655c6ab8580337cdc45b35a926d.php 第 244 行.
NOTIC: [8] Undefined index: path E:\wamp\www\xmcy\Application\Runtime\Cache\Admin\36087655c6ab8580337cdc45b35a926d.php 第 274 行.
SQL: SELECT `category_name` FROM `ms_category` WHERE `category_id` = 1 LIMIT 1   [ RunTime:0.0004s ]
NOTIC: [8] Undefined index: report E:\wamp\www\xmcy\Application\Runtime\Cache\Admin\36087655c6ab8580337cdc45b35a926d.php 第 279 行.
NOTIC: [8] Undefined index: bepraise E:\wamp\www\xmcy\Application\Runtime\Cache\Admin\36087655c6ab8580337cdc45b35a926d.php 第 280 行.
NOTIC: [8] Undefined index: froms E:\wamp\www\xmcy\Application\Runtime\Cache\Admin\36087655c6ab8580337cdc45b35a926d.php 第 282 行.
NOTIC: [8] Undefined index: state E:\wamp\www\xmcy\Application\Runtime\Cache\Admin\36087655c6ab8580337cdc45b35a926d.php 第 285 行.
NOTIC: [8] Undefined index: path E:\wamp\www\xmcy\Application\Runtime\Cache\Admin\36087655c6ab8580337cdc45b35a926d.php 第 274 行.
SQL: SELECT `category_name` FROM `ms_category` WHERE `category_id` = 1 LIMIT 1   [ RunTime:0.0003s ]
NOTIC: [8] Undefined index: report E:\wamp\www\xmcy\Application\Runtime\Cache\Admin\36087655c6ab8580337cdc45b35a926d.php 第 279 行.
NOTIC: [8] Undefined index: bepraise E:\wamp\www\xmcy\Application\Runtime\Cache\Admin\36087655c6ab8580337cdc45b35a926d.php 第 280 行.
NOTIC: [8] Undefined index: froms E:\wamp\www\xmcy\Application\Runtime\Cache\Admin\36087655c6ab8580337cdc45b35a926d.php 第 282 行.
NOTIC: [8] Undefined index: state E:\wamp\www\xmcy\Application\Runtime\Cache\Admin\36087655c6ab8580337cdc45b35a926d.php 第 285 行.
NOTIC: [8] Undefined index: path E:\wamp\www\xmcy\Application\Runtime\Cache\Admin\36087655c6ab8580337cdc45b35a926d.php 第 274 行.
SQL: SELECT `category_name` FROM `ms_category` WHERE `category_id` = 1 LIMIT 1   [ RunTime:0.0003s ]
NOTIC: [8] Undefined index: report E:\wamp\www\xmcy\Application\Runtime\Cache\Admin\36087655c6ab8580337cdc45b35a926d.php 第 279 行.
NOTIC: [8] Undefined index: bepraise E:\wamp\www\xmcy\Application\Runtime\Cache\Admin\36087655c6ab8580337cdc45b35a926d.php 第 280 行.
NOTIC: [8] Undefined index: froms E:\wamp\www\xmcy\Application\Runtime\Cache\Admin\36087655c6ab8580337cdc45b35a926d.php 第 282 行.
NOTIC: [8] Undefined index: state E:\wamp\www\xmcy\Application\Runtime\Cache\Admin\36087655c6ab8580337cdc45b35a926d.php 第 285 行.
NOTIC: [8] Undefined index: path E:\wamp\www\xmcy\Application\Runtime\Cache\Admin\36087655c6ab8580337cdc45b35a926d.php 第 274 行.
SQL: SELECT `category_name` FROM `ms_category` WHERE `category_id` = 1 LIMIT 1   [ RunTime:0.0003s ]
NOTIC: [8] Undefined index: report E:\wamp\www\xmcy\Application\Runtime\Cache\Admin\36087655c6ab8580337cdc45b35a926d.php 第 279 行.
NOTIC: [8] Undefined index: bepraise E:\wamp\www\xmcy\Application\Runtime\Cache\Admin\36087655c6ab8580337cdc45b35a926d.php 第 280 行.
NOTIC: [8] Undefined index: froms E:\wamp\www\xmcy\Application\Runtime\Cache\Admin\36087655c6ab8580337cdc45b35a926d.php 第 282 行.
NOTIC: [8] Undefined index: state E:\wamp\www\xmcy\Application\Runtime\Cache\Admin\36087655c6ab8580337cdc45b35a926d.php 第 285 行.
NOTIC: [8] Undefined index: path E:\wamp\www\xmcy\Application\Runtime\Cache\Admin\36087655c6ab8580337cdc45b35a926d.php 第 274 行.
SQL: SELECT `category_name` FROM `ms_category` WHERE `category_id` = 1 LIMIT 1   [ RunTime:0.0003s ]
NOTIC: [8] Undefined index: report E:\wamp\www\xmcy\Application\Runtime\Cache\Admin\36087655c6ab8580337cdc45b35a926d.php 第 279 行.
NOTIC: [8] Undefined index: bepraise E:\wamp\www\xmcy\Application\Runtime\Cache\Admin\36087655c6ab8580337cdc45b35a926d.php 第 280 行.
NOTIC: [8] Undefined index: froms E:\wamp\www\xmcy\Application\Runtime\Cache\Admin\36087655c6ab8580337cdc45b35a926d.php 第 282 行.
NOTIC: [8] Undefined index: state E:\wamp\www\xmcy\Application\Runtime\Cache\Admin\36087655c6ab8580337cdc45b35a926d.php 第 285 行.
NOTIC: [8] Undefined index: path E:\wamp\www\xmcy\Application\Runtime\Cache\Admin\36087655c6ab8580337cdc45b35a926d.php 第 274 行.
SQL: SELECT `category_name` FROM `ms_category` WHERE `category_id` = 1 LIMIT 1   [ RunTime:0.0004s ]
NOTIC: [8] Undefined index: report E:\wamp\www\xmcy\Application\Runtime\Cache\Admin\36087655c6ab8580337cdc45b35a926d.php 第 279 行.
NOTIC: [8] Undefined index: bepraise E:\wamp\www\xmcy\Application\Runtime\Cache\Admin\36087655c6ab8580337cdc45b35a926d.php 第 280 行.
NOTIC: [8] Undefined index: froms E:\wamp\www\xmcy\Application\Runtime\Cache\Admin\36087655c6ab8580337cdc45b35a926d.php 第 282 行.
NOTIC: [8] Undefined index: state E:\wamp\www\xmcy\Application\Runtime\Cache\Admin\36087655c6ab8580337cdc45b35a926d.php 第 285 行.
NOTIC: [8] Undefined index: path E:\wamp\www\xmcy\Application\Runtime\Cache\Admin\36087655c6ab8580337cdc45b35a926d.php 第 274 行.
SQL: SELECT `category_name` FROM `ms_category` WHERE `category_id` = 1 LIMIT 1   [ RunTime:0.0003s ]
NOTIC: [8] Undefined index: report E:\wamp\www\xmcy\Application\Runtime\Cache\Admin\36087655c6ab8580337cdc45b35a926d.php 第 279 行.
NOTIC: [8] Undefined index: bepraise E:\wamp\www\xmcy\Application\Runtime\Cache\Admin\36087655c6ab8580337cdc45b35a926d.php 第 280 行.
NOTIC: [8] Undefined index: froms E:\wamp\www\xmcy\Application\Runtime\Cache\Admin\36087655c6ab8580337cdc45b35a926d.php 第 282 行.
NOTIC: [8] Undefined index: state E:\wamp\www\xmcy\Application\Runtime\Cache\Admin\36087655c6ab8580337cdc45b35a926d.php 第 285 行.
NOTIC: [8] Undefined index: path E:\wamp\www\xmcy\Application\Runtime\Cache\Admin\36087655c6ab8580337cdc45b35a926d.php 第 274 行.
SQL: SELECT `category_name` FROM `ms_category` WHERE `category_id` = 1 LIMIT 1   [ RunTime:0.0004s ]
NOTIC: [8] Undefined index: report E:\wamp\www\xmcy\Application\Runtime\Cache\Admin\36087655c6ab8580337cdc45b35a926d.php 第 279 行.
NOTIC: [8] Undefined index: bepraise E:\wamp\www\xmcy\Application\Runtime\Cache\Admin\36087655c6ab8580337cdc45b35a926d.php 第 280 行.
NOTIC: [8] Undefined index: froms E:\wamp\www\xmcy\Application\Runtime\Cache\Admin\36087655c6ab8580337cdc45b35a926d.php 第 282 行.
NOTIC: [8] Undefined index: state E:\wamp\www\xmcy\Application\Runtime\Cache\Admin\36087655c6ab8580337cdc45b35a926d.php 第 285 行.
NOTIC: [8] Undefined index: path E:\wamp\www\xmcy\Application\Runtime\Cache\Admin\36087655c6ab8580337cdc45b35a926d.php 第 274 行.
SQL: SELECT `category_name` FROM `ms_category` WHERE `category_id` = 1 LIMIT 1   [ RunTime:0.0003s ]
NOTIC: [8] Undefined index: report E:\wamp\www\xmcy\Application\Runtime\Cache\Admin\36087655c6ab8580337cdc45b35a926d.php 第 279 行.
NOTIC: [8] Undefined index: bepraise E:\wamp\www\xmcy\Application\Runtime\Cache\Admin\36087655c6ab8580337cdc45b35a926d.php 第 280 行.
NOTIC: [8] Undefined index: froms E:\wamp\www\xmcy\Application\Runtime\Cache\Admin\36087655c6ab8580337cdc45b35a926d.php 第 282 行.
NOTIC: [8] Undefined index: state E:\wamp\www\xmcy\Application\Runtime\Cache\Admin\36087655c6ab8580337cdc45b35a926d.php 第 285 行.
NOTIC: [8] Undefined index: path E:\wamp\www\xmcy\Application\Runtime\Cache\Admin\36087655c6ab8580337cdc45b35a926d.php 第 274 行.
SQL: SELECT `category_name` FROM `ms_category` WHERE `category_id` = 1 LIMIT 1   [ RunTime:0.0003s ]
NOTIC: [8] Undefined index: report E:\wamp\www\xmcy\Application\Runtime\Cache\Admin\36087655c6ab8580337cdc45b35a926d.php 第 279 行.
NOTIC: [8] Undefined index: bepraise E:\wamp\www\xmcy\Application\Runtime\Cache\Admin\36087655c6ab8580337cdc45b35a926d.php 第 280 行.
NOTIC: [8] Undefined index: froms E:\wamp\www\xmcy\Application\Runtime\Cache\Admin\36087655c6ab8580337cdc45b35a926d.php 第 282 行.
NOTIC: [8] Undefined index: state E:\wamp\www\xmcy\Application\Runtime\Cache\Admin\36087655c6ab8580337cdc45b35a926d.php 第 285 行.
NOTIC: [8] Undefined index: path E:\wamp\www\xmcy\Application\Runtime\Cache\Admin\36087655c6ab8580337cdc45b35a926d.php 第 274 行.
SQL: SELECT `category_name` FROM `ms_category` WHERE `category_id` = 1 LIMIT 1   [ RunTime:0.0003s ]
NOTIC: [8] Undefined index: report E:\wamp\www\xmcy\Application\Runtime\Cache\Admin\36087655c6ab8580337cdc45b35a926d.php 第 279 行.
NOTIC: [8] Undefined index: bepraise E:\wamp\www\xmcy\Application\Runtime\Cache\Admin\36087655c6ab8580337cdc45b35a926d.php 第 280 行.
NOTIC: [8] Undefined index: froms E:\wamp\www\xmcy\Application\Runtime\Cache\Admin\36087655c6ab8580337cdc45b35a926d.php 第 282 行.
NOTIC: [8] Undefined index: state E:\wamp\www\xmcy\Application\Runtime\Cache\Admin\36087655c6ab8580337cdc45b35a926d.php 第 285 行.
NOTIC: [8] Undefined index: path E:\wamp\www\xmcy\Application\Runtime\Cache\Admin\36087655c6ab8580337cdc45b35a926d.php 第 274 行.
SQL: SELECT `category_name` FROM `ms_category` WHERE `category_id` = 2 LIMIT 1   [ RunTime:0.0003s ]
NOTIC: [8] Undefined index: report E:\wamp\www\xmcy\Application\Runtime\Cache\Admin\36087655c6ab8580337cdc45b35a926d.php 第 279 行.
NOTIC: [8] Undefined index: bepraise E:\wamp\www\xmcy\Application\Runtime\Cache\Admin\36087655c6ab8580337cdc45b35a926d.php 第 280 行.
NOTIC: [8] Undefined index: froms E:\wamp\www\xmcy\Application\Runtime\Cache\Admin\36087655c6ab8580337cdc45b35a926d.php 第 282 行.
NOTIC: [8] Undefined index: state E:\wamp\www\xmcy\Application\Runtime\Cache\Admin\36087655c6ab8580337cdc45b35a926d.php 第 285 行.
NOTIC: [8] Undefined index: path E:\wamp\www\xmcy\Application\Runtime\Cache\Admin\36087655c6ab8580337cdc45b35a926d.php 第 274 行.
SQL: SELECT `category_name` FROM `ms_category` WHERE `category_id` = 7 LIMIT 1   [ RunTime:0.0004s ]
NOTIC: [8] Undefined index: report E:\wamp\www\xmcy\Application\Runtime\Cache\Admin\36087655c6ab8580337cdc45b35a926d.php 第 279 行.
NOTIC: [8] Undefined index: bepraise E:\wamp\www\xmcy\Application\Runtime\Cache\Admin\36087655c6ab8580337cdc45b35a926d.php 第 280 行.
NOTIC: [8] Undefined index: froms E:\wamp\www\xmcy\Application\Runtime\Cache\Admin\36087655c6ab8580337cdc45b35a926d.php 第 282 行.
NOTIC: [8] Undefined index: state E:\wamp\www\xmcy\Application\Runtime\Cache\Admin\36087655c6ab8580337cdc45b35a926d.php 第 285 行.
NOTIC: [8] Undefined variable: post E:\wamp\www\xmcy\Application\Runtime\Cache\Admin\36087655c6ab8580337cdc45b35a926d.php 第 436 行.
NOTIC: [8] Undefined variable: post E:\wamp\www\xmcy\Application\Runtime\Cache\Admin\36087655c6ab8580337cdc45b35a926d.php 第 437 行.
NOTIC: [8] Undefined variable: post E:\wamp\www\xmcy\Application\Runtime\Cache\Admin\36087655c6ab8580337cdc45b35a926d.php 第 440 行.
NOTIC: [8] Undefined variable: post E:\wamp\www\xmcy\Application\Runtime\Cache\Admin\36087655c6ab8580337cdc45b35a926d.php 第 441 行.
NOTIC: [8] Undefined variable: post E:\wamp\www\xmcy\Application\Runtime\Cache\Admin\36087655c6ab8580337cdc45b35a926d.php 第 444 行.
NOTIC: [8] Undefined variable: post E:\wamp\www\xmcy\Application\Runtime\Cache\Admin\36087655c6ab8580337cdc45b35a926d.php 第 445 行.
INFO: Run Behavior\ParseTemplateBehavior [ RunTime:0.022873s ]
INFO: [ view_parse ] --END-- [ RunTime:0.022948s ]
INFO: [ view_filter ] --START--
INFO: Run Behavior\WriteHtmlCacheBehavior [ RunTime:0.000668s ]
INFO: [ view_filter ] --END-- [ RunTime:0.000751s ]
INFO: [ app_end ] --START--
INFO: Run Behavior\ShowPageTraceBehavior [ RunTime:0.001015s ]
INFO: [ app_end ] --END-- [ RunTime:0.001149s ]

[ 2018-01-18T18:13:07+08:00 ] ::1 /xmcy/admin.php/News/index.html
INFO: [ app_init ] --START--
INFO: Run Behavior\BuildLiteBehavior [ RunTime:0.000024s ]
INFO: [ app_init ] --END-- [ RunTime:0.000596s ]
INFO: [ app_begin ] --START--
INFO: Run Behavior\ReadHtmlCacheBehavior [ RunTime:0.000981s ]
INFO: [ app_begin ] --END-- [ RunTime:0.001054s ]
NOTIC: [8] Undefined index: admin_data E:\wamp\www\xmcy\Application\Admin\Controller\BaseController.class.php 第 8 行.

[ 2018-01-18T18:13:07+08:00 ] ::1 /xmcy/admin.php/Login/index.html
INFO: [ app_init ] --START--
INFO: Run Behavior\BuildLiteBehavior [ RunTime:0.000017s ]
INFO: [ app_init ] --END-- [ RunTime:0.000487s ]
INFO: [ app_begin ] --START--
INFO: Run Behavior\ReadHtmlCacheBehavior [ RunTime:0.000733s ]
INFO: [ app_begin ] --END-- [ RunTime:0.000799s ]
NOTIC: [8] Undefined index: admin_data E:\wamp\www\xmcy\Application\Admin\Controller\LoginController.class.php 第 8 行.
INFO: [ view_parse ] --START--
INFO: [ template_filter ] --START--
INFO: Run Behavior\ContentReplaceBehavior [ RunTime:0.000085s ]
INFO: [ template_filter ] --END-- [ RunTime:0.000169s ]
INFO: Run Behavior\ParseTemplateBehavior [ RunTime:0.008296s ]
INFO: [ view_parse ] --END-- [ RunTime:0.008371s ]
INFO: [ view_filter ] --START--
INFO: Run Behavior\WriteHtmlCacheBehavior [ RunTime:0.000655s ]
INFO: [ view_filter ] --END-- [ RunTime:0.000722s ]
INFO: [ app_end ] --START--
INFO: Run Behavior\ShowPageTraceBehavior [ RunTime:0.001091s ]
INFO: [ app_end ] --END-- [ RunTime:0.001170s ]

[ 2018-01-18T18:13:09+08:00 ] ::1 /xmcy/admin.php/Login/login
INFO: [ app_init ] --START--
INFO: Run Behavior\BuildLiteBehavior [ RunTime:0.000016s ]
INFO: [ app_init ] --END-- [ RunTime:0.000436s ]
INFO: [ app_begin ] --START--
INFO: Run Behavior\ReadHtmlCacheBehavior [ RunTime:0.000751s ]
INFO: [ app_begin ] --END-- [ RunTime:0.000819s ]
SQL: SHOW COLUMNS FROM `ms_admin` [ RunTime:0.0020s ]
SQL: SELECT * FROM `ms_admin` WHERE `username` = 'admin' AND `password` = 'fc184b504c69e3b2de621ec6f8807524' LIMIT 1   [ RunTime:0.0005s ]
INFO: [ app_end ] --START--
INFO: Run Behavior\ShowPageTraceBehavior [ RunTime:0.000807s ]
INFO: [ app_end ] --END-- [ RunTime:0.000867s ]

[ 2018-01-18T18:13:09+08:00 ] ::1 /xmcy/admin.php/Company/index.html
INFO: [ app_init ] --START--
INFO: Run Behavior\BuildLiteBehavior [ RunTime:0.000021s ]
INFO: [ app_init ] --END-- [ RunTime:0.000444s ]
INFO: [ app_begin ] --START--
INFO: Run Behavior\ReadHtmlCacheBehavior [ RunTime:0.000665s ]
INFO: [ app_begin ] --END-- [ RunTime:0.000755s ]
SQL: SHOW COLUMNS FROM `ms_config` [ RunTime:0.0009s ]
SQL: SELECT * FROM `ms_config` WHERE `id` = 1 LIMIT 1   [ RunTime:0.0005s ]
SQL: SELECT * FROM `ms_config` LIMIT 1   [ RunTime:0.0005s ]
INFO: [ view_parse ] --START--
INFO: [ template_filter ] --START--
INFO: Run Behavior\ContentReplaceBehavior [ RunTime:0.000126s ]
INFO: [ template_filter ] --END-- [ RunTime:0.000196s ]
NOTIC: [8] Undefined variable: admin E:\wamp\www\xmcy\Application\Runtime\Cache\Admin\6eb939ff62aea883767ed8fa0a0c5387.php 第 440 行.
NOTIC: [8] Undefined variable: admin E:\wamp\www\xmcy\Application\Runtime\Cache\Admin\6eb939ff62aea883767ed8fa0a0c5387.php 第 455 行.
INFO: Run Behavior\ParseTemplateBehavior [ RunTime:0.010555s ]
INFO: [ view_parse ] --END-- [ RunTime:0.010668s ]
INFO: [ view_filter ] --START--
INFO: Run Behavior\WriteHtmlCacheBehavior [ RunTime:0.000748s ]
INFO: [ view_filter ] --END-- [ RunTime:0.000849s ]
INFO: [ app_end ] --START--
INFO: Run Behavior\ShowPageTraceBehavior [ RunTime:0.001435s ]
INFO: [ app_end ] --END-- [ RunTime:0.001545s ]

[ 2018-01-18T18:13:13+08:00 ] ::1 /xmcy/admin.php/Index/index.html
INFO: [ app_init ] --START--
INFO: Run Behavior\BuildLiteBehavior [ RunTime:0.000016s ]
INFO: [ app_init ] --END-- [ RunTime:0.000494s ]
INFO: [ app_begin ] --START--
INFO: Run Behavior\ReadHtmlCacheBehavior [ RunTime:0.000700s ]
INFO: [ app_begin ] --END-- [ RunTime:0.000773s ]
SQL: SHOW COLUMNS FROM `ms_config` [ RunTime:0.0009s ]
SQL: SELECT * FROM `ms_config` WHERE `id` = 1 LIMIT 1   [ RunTime:0.0006s ]
SQL: SHOW COLUMNS FROM `ms_image` [ RunTime:0.0006s ]
SQL: SELECT * FROM `ms_image`  [ RunTime:0.0003s ]
INFO: [ view_parse ] --START--
INFO: [ template_filter ] --START--
INFO: Run Behavior\ContentReplaceBehavior [ RunTime:0.000159s ]
INFO: [ template_filter ] --END-- [ RunTime:0.000255s ]
NOTIC: [8] Undefined index: recently_time E:\wamp\www\xmcy\Application\Runtime\Cache\Admin\b595b808c2ebeeeb0478ffc30bb4e87a.php 第 272 行.
NOTIC: [8] Undefined index: recently_time E:\wamp\www\xmcy\Application\Runtime\Cache\Admin\b595b808c2ebeeeb0478ffc30bb4e87a.php 第 276 行.
NOTIC: [8] Undefined index: recently_time E:\wamp\www\xmcy\Application\Runtime\Cache\Admin\b595b808c2ebeeeb0478ffc30bb4e87a.php 第 272 行.
NOTIC: [8] Undefined index: recently_time E:\wamp\www\xmcy\Application\Runtime\Cache\Admin\b595b808c2ebeeeb0478ffc30bb4e87a.php 第 276 行.
NOTIC: [8] Undefined index: recently_time E:\wamp\www\xmcy\Application\Runtime\Cache\Admin\b595b808c2ebeeeb0478ffc30bb4e87a.php 第 272 行.
NOTIC: [8] Undefined index: recently_time E:\wamp\www\xmcy\Application\Runtime\Cache\Admin\b595b808c2ebeeeb0478ffc30bb4e87a.php 第 276 行.
INFO: Run Behavior\ParseTemplateBehavior [ RunTime:0.012274s ]
INFO: [ view_parse ] --END-- [ RunTime:0.012394s ]
INFO: [ view_filter ] --START--
INFO: Run Behavior\WriteHtmlCacheBehavior [ RunTime:0.000916s ]
INFO: [ view_filter ] --END-- [ RunTime:0.001002s ]
INFO: [ app_end ] --START--
INFO: Run Behavior\ShowPageTraceBehavior [ RunTime:0.001091s ]
INFO: [ app_end ] --END-- [ RunTime:0.001185s ]

