[ 2018-02-02T09:51:38+08:00 ] ::1 /xmcy/admin.php
INFO: [ app_init ] --START--
INFO: Run Behavior\BuildLiteBehavior [ RunTime:0.000080s ]
INFO: [ app_init ] --END-- [ RunTime:0.000718s ]
INFO: [ app_begin ] --START--
INFO: Run Behavior\ReadHtmlCacheBehavior [ RunTime:0.000941s ]
INFO: [ app_begin ] --END-- [ RunTime:0.001059s ]
SQL: SHOW COLUMNS FROM `ms_config` [ RunTime:0.0019s ]
SQL: SELECT * FROM `ms_config` WHERE `id` = 1 LIMIT 1   [ RunTime:0.0004s ]
SQL: SHOW COLUMNS FROM `ms_image` [ RunTime:0.0017s ]
SQL: SELECT * FROM `ms_image`  [ RunTime:0.0006s ]
INFO: [ view_parse ] --START--
INFO: [ template_filter ] --START--
INFO: Run Behavior\ContentReplaceBehavior [ RunTime:0.000247s ]
INFO: [ template_filter ] --END-- [ RunTime:0.000356s ]
NOTIC: [8] Undefined index: truename E:\wamp\www\xmcy\Application\Runtime\Cache\Admin\b595b808c2ebeeeb0478ffc30bb4e87a.php 第 127 行.
NOTIC: [8] Undefined index: recently_time E:\wamp\www\xmcy\Application\Runtime\Cache\Admin\b595b808c2ebeeeb0478ffc30bb4e87a.php 第 272 行.
NOTIC: [8] Undefined index: recently_time E:\wamp\www\xmcy\Application\Runtime\Cache\Admin\b595b808c2ebeeeb0478ffc30bb4e87a.php 第 276 行.
NOTIC: [8] Undefined index: recently_time E:\wamp\www\xmcy\Application\Runtime\Cache\Admin\b595b808c2ebeeeb0478ffc30bb4e87a.php 第 272 行.
NOTIC: [8] Undefined index: recently_time E:\wamp\www\xmcy\Application\Runtime\Cache\Admin\b595b808c2ebeeeb0478ffc30bb4e87a.php 第 276 行.
NOTIC: [8] Undefined index: recently_time E:\wamp\www\xmcy\Application\Runtime\Cache\Admin\b595b808c2ebeeeb0478ffc30bb4e87a.php 第 272 行.
NOTIC: [8] Undefined index: recently_time E:\wamp\www\xmcy\Application\Runtime\Cache\Admin\b595b808c2ebeeeb0478ffc30bb4e87a.php 第 276 行.
INFO: Run Behavior\ParseTemplateBehavior [ RunTime:0.048007s ]
INFO: [ view_parse ] --END-- [ RunTime:0.048106s ]
INFO: [ view_filter ] --START--
INFO: Run Behavior\WriteHtmlCacheBehavior [ RunTime:0.000835s ]
INFO: [ view_filter ] --END-- [ RunTime:0.000933s ]
INFO: [ app_end ] --START--
INFO: Run Behavior\ShowPageTraceBehavior [ RunTime:0.000998s ]
INFO: [ app_end ] --END-- [ RunTime:0.001109s ]

[ 2018-02-02T09:51:42+08:00 ] ::1 /xmcy/admin.php/Index/edit/id/1.html
INFO: [ app_init ] --START--
INFO: Run Behavior\BuildLiteBehavior [ RunTime:0.000015s ]
INFO: [ app_init ] --END-- [ RunTime:0.000440s ]
INFO: [ app_begin ] --START--
INFO: Run Behavior\ReadHtmlCacheBehavior [ RunTime:0.000591s ]
INFO: [ app_begin ] --END-- [ RunTime:0.000657s ]
SQL: SHOW COLUMNS FROM `ms_config` [ RunTime:0.0014s ]
SQL: SELECT * FROM `ms_config` WHERE `id` = 1 LIMIT 1   [ RunTime:0.0003s ]
SQL: SHOW COLUMNS FROM `ms_image` [ RunTime:0.0012s ]
SQL: SELECT * FROM `ms_image` WHERE `id` = 1 LIMIT 1   [ RunTime:0.0003s ]
INFO: [ view_parse ] --START--
INFO: [ template_filter ] --START--
INFO: Run Behavior\ContentReplaceBehavior [ RunTime:0.000111s ]
INFO: [ template_filter ] --END-- [ RunTime:0.000178s ]
NOTIC: [8] Undefined index: truename E:\wamp\www\xmcy\Application\Runtime\Cache\Admin\99b7957f812bd941fa1b6309e9d8655c.php 第 126 行.
INFO: Run Behavior\ParseTemplateBehavior [ RunTime:0.019473s ]
INFO: [ view_parse ] --END-- [ RunTime:0.019536s ]
INFO: [ view_filter ] --START--
INFO: Run Behavior\WriteHtmlCacheBehavior [ RunTime:0.000483s ]
INFO: [ view_filter ] --END-- [ RunTime:0.000543s ]
INFO: [ app_end ] --START--
INFO: Run Behavior\ShowPageTraceBehavior [ RunTime:0.000752s ]
INFO: [ app_end ] --END-- [ RunTime:0.000827s ]

[ 2018-02-02T09:51:42+08:00 ] ::1 /xmcy/admin.php/Index/assets/img/full-screen-image-3.jpg
INFO: [ app_init ] --START--
INFO: Run Behavior\BuildLiteBehavior [ RunTime:0.000028s ]
INFO: [ app_init ] --END-- [ RunTime:0.000666s ]

[ 2018-02-02T13:51:03+08:00 ] ::1 /xmcy/admin.php/index/add.html
INFO: [ app_init ] --START--
INFO: Run Behavior\BuildLiteBehavior [ RunTime:0.000016s ]
INFO: [ app_init ] --END-- [ RunTime:0.000421s ]
INFO: [ app_begin ] --START--
INFO: Run Behavior\ReadHtmlCacheBehavior [ RunTime:0.000598s ]
INFO: [ app_begin ] --END-- [ RunTime:0.000672s ]
SQL: SHOW COLUMNS FROM `ms_config` [ RunTime:0.0008s ]
SQL: SELECT * FROM `ms_config` WHERE `id` = 1 LIMIT 1   [ RunTime:0.0005s ]
NOTIC: [2] call_user_func() expects parameter 1 to be a valid callback, no array or string given E:\wamp\www\xmcy\ThinkPHP\Library\Think\Upload.class.php 第 170 行.
SQL: SHOW COLUMNS FROM `ms_image` [ RunTime:0.0008s ]
SQL: SELECT `image` FROM `ms_image` WHERE `id` = 1 LIMIT 1   [ RunTime:0.0007s ]
SQL: UPDATE `ms_image` SET `address`='/',`addtime`='1517550662',`is_see`='1',`image`='public/upload/index/20180202/thumb5a73fc46b17db.png' WHERE `id` = 1 [ RunTime:0.0207s ]

[ 2018-02-02T13:51:03+08:00 ] ::1 /xmcy/admin.php/Index/index.html
INFO: [ app_init ] --START--
INFO: Run Behavior\BuildLiteBehavior [ RunTime:0.000019s ]
INFO: [ app_init ] --END-- [ RunTime:0.000741s ]
INFO: [ app_begin ] --START--
INFO: Run Behavior\ReadHtmlCacheBehavior [ RunTime:0.000559s ]
INFO: [ app_begin ] --END-- [ RunTime:0.000630s ]
SQL: SHOW COLUMNS FROM `ms_config` [ RunTime:0.0015s ]
SQL: SELECT * FROM `ms_config` WHERE `id` = 1 LIMIT 1   [ RunTime:0.0004s ]
SQL: SHOW COLUMNS FROM `ms_image` [ RunTime:0.0014s ]
SQL: SELECT * FROM `ms_image`  [ RunTime:0.0003s ]
INFO: [ view_parse ] --START--
INFO: [ template_filter ] --START--
INFO: Run Behavior\ContentReplaceBehavior [ RunTime:0.000132s ]
INFO: [ template_filter ] --END-- [ RunTime:0.000207s ]
NOTIC: [8] Undefined index: truename E:\wamp\www\xmcy\Application\Runtime\Cache\Admin\b595b808c2ebeeeb0478ffc30bb4e87a.php 第 127 行.
NOTIC: [8] Undefined index: recently_time E:\wamp\www\xmcy\Application\Runtime\Cache\Admin\b595b808c2ebeeeb0478ffc30bb4e87a.php 第 272 行.
NOTIC: [8] Undefined index: recently_time E:\wamp\www\xmcy\Application\Runtime\Cache\Admin\b595b808c2ebeeeb0478ffc30bb4e87a.php 第 276 行.
NOTIC: [8] Undefined index: recently_time E:\wamp\www\xmcy\Application\Runtime\Cache\Admin\b595b808c2ebeeeb0478ffc30bb4e87a.php 第 272 行.
NOTIC: [8] Undefined index: recently_time E:\wamp\www\xmcy\Application\Runtime\Cache\Admin\b595b808c2ebeeeb0478ffc30bb4e87a.php 第 276 行.
NOTIC: [8] Undefined index: recently_time E:\wamp\www\xmcy\Application\Runtime\Cache\Admin\b595b808c2ebeeeb0478ffc30bb4e87a.php 第 272 行.
NOTIC: [8] Undefined index: recently_time E:\wamp\www\xmcy\Application\Runtime\Cache\Admin\b595b808c2ebeeeb0478ffc30bb4e87a.php 第 276 行.
INFO: Run Behavior\ParseTemplateBehavior [ RunTime:0.011294s ]
INFO: [ view_parse ] --END-- [ RunTime:0.011361s ]
INFO: [ view_filter ] --START--
INFO: Run Behavior\WriteHtmlCacheBehavior [ RunTime:0.000474s ]
INFO: [ view_filter ] --END-- [ RunTime:0.000538s ]
INFO: [ app_end ] --START--
INFO: Run Behavior\ShowPageTraceBehavior [ RunTime:0.001053s ]
INFO: [ app_end ] --END-- [ RunTime:0.001156s ]

[ 2018-02-02T13:51:06+08:00 ] ::1 /xmcy/admin.php/Index/edit/id/1.html
INFO: [ app_init ] --START--
INFO: Run Behavior\BuildLiteBehavior [ RunTime:0.000016s ]
INFO: [ app_init ] --END-- [ RunTime:0.000457s ]
INFO: [ app_begin ] --START--
INFO: Run Behavior\ReadHtmlCacheBehavior [ RunTime:0.000655s ]
INFO: [ app_begin ] --END-- [ RunTime:0.000732s ]
SQL: SHOW COLUMNS FROM `ms_config` [ RunTime:0.0012s ]
SQL: SELECT * FROM `ms_config` WHERE `id` = 1 LIMIT 1   [ RunTime:0.0003s ]
SQL: SHOW COLUMNS FROM `ms_image` [ RunTime:0.0011s ]
SQL: SELECT * FROM `ms_image` WHERE `id` = 1 LIMIT 1   [ RunTime:0.0003s ]
INFO: [ view_parse ] --START--
INFO: [ template_filter ] --START--
INFO: Run Behavior\ContentReplaceBehavior [ RunTime:0.000115s ]
INFO: [ template_filter ] --END-- [ RunTime:0.000188s ]
NOTIC: [8] Undefined index: truename E:\wamp\www\xmcy\Application\Runtime\Cache\Admin\99b7957f812bd941fa1b6309e9d8655c.php 第 126 行.
INFO: Run Behavior\ParseTemplateBehavior [ RunTime:0.008083s ]
INFO: [ view_parse ] --END-- [ RunTime:0.008150s ]
INFO: [ view_filter ] --START--
INFO: Run Behavior\WriteHtmlCacheBehavior [ RunTime:0.000340s ]
INFO: [ view_filter ] --END-- [ RunTime:0.000402s ]
INFO: [ app_end ] --START--
INFO: Run Behavior\ShowPageTraceBehavior [ RunTime:0.000549s ]
INFO: [ app_end ] --END-- [ RunTime:0.000639s ]

[ 2018-02-02T13:51:06+08:00 ] ::1 /xmcy/admin.php/Index/assets/img/full-screen-image-3.jpg
INFO: [ app_init ] --START--
INFO: Run Behavior\BuildLiteBehavior [ RunTime:0.000026s ]
INFO: [ app_init ] --END-- [ RunTime:0.000431s ]

