[ 2018-01-12T13:47:33+08:00 ] 127.0.0.1 /xmcy/admin.php
INFO: [ app_init ] --START--
INFO: Run Behavior\BuildLiteBehavior [ RunTime:0.000027s ]
INFO: [ app_init ] --END-- [ RunTime:0.000882s ]
INFO: [ app_begin ] --START--
INFO: Run Behavior\ReadHtmlCacheBehavior [ RunTime:0.001174s ]
INFO: [ app_begin ] --END-- [ RunTime:0.001321s ]
NOTIC: [8] Undefined index: admin_data E:\wamp\www\xmcy\Application\Admin\Controller\BaseController.class.php 第 8 行.

[ 2018-01-12T13:47:33+08:00 ] 127.0.0.1 /xmcy/admin.php/Login/index.html
INFO: [ app_init ] --START--
INFO: Run Behavior\BuildLiteBehavior [ RunTime:0.000023s ]
INFO: [ app_init ] --END-- [ RunTime:0.000625s ]
INFO: [ app_begin ] --START--
INFO: Run Behavior\ReadHtmlCacheBehavior [ RunTime:0.000988s ]
INFO: [ app_begin ] --END-- [ RunTime:0.001092s ]
NOTIC: [8] Undefined index: admin_data E:\wamp\www\xmcy\Application\Admin\Controller\LoginController.class.php 第 8 行.
INFO: [ view_parse ] --START--
INFO: [ template_filter ] --START--
INFO: Run Behavior\ContentReplaceBehavior [ RunTime:0.000101s ]
INFO: [ template_filter ] --END-- [ RunTime:0.000204s ]
INFO: Run Behavior\ParseTemplateBehavior [ RunTime:0.015682s ]
INFO: [ view_parse ] --END-- [ RunTime:0.015788s ]
INFO: [ view_filter ] --START--
INFO: Run Behavior\WriteHtmlCacheBehavior [ RunTime:0.000666s ]
INFO: [ view_filter ] --END-- [ RunTime:0.000752s ]
INFO: [ app_end ] --START--
INFO: Run Behavior\ShowPageTraceBehavior [ RunTime:0.001193s ]
INFO: [ app_end ] --END-- [ RunTime:0.001297s ]

[ 2018-01-12T13:47:33+08:00 ] 127.0.0.1 /xmcy/admin.php
INFO: [ app_init ] --START--
INFO: Run Behavior\BuildLiteBehavior [ RunTime:0.000022s ]
INFO: [ app_init ] --END-- [ RunTime:0.000596s ]
INFO: [ app_begin ] --START--
INFO: Run Behavior\ReadHtmlCacheBehavior [ RunTime:0.000842s ]
INFO: [ app_begin ] --END-- [ RunTime:0.000941s ]
NOTIC: [8] Undefined index: admin_data E:\wamp\www\xmcy\Application\Admin\Controller\BaseController.class.php 第 8 行.

[ 2018-01-12T13:47:47+08:00 ] 127.0.0.1 /xmcy/admin.php/Login/login
INFO: [ app_init ] --START--
INFO: Run Behavior\BuildLiteBehavior [ RunTime:0.000015s ]
INFO: [ app_init ] --END-- [ RunTime:0.000425s ]
INFO: [ app_begin ] --START--
INFO: Run Behavior\ReadHtmlCacheBehavior [ RunTime:0.000682s ]
INFO: [ app_begin ] --END-- [ RunTime:0.000749s ]
SQL: SHOW COLUMNS FROM `ms_admin` [ RunTime:0.0030s ]
SQL: SELECT * FROM `ms_admin` WHERE `username` = 'admin' AND `password` = 'fc184b504c69e3b2de621ec6f8807524' LIMIT 1   [ RunTime:0.0004s ]
INFO: [ app_end ] --START--
INFO: Run Behavior\ShowPageTraceBehavior [ RunTime:0.000832s ]
INFO: [ app_end ] --END-- [ RunTime:0.000890s ]

[ 2018-01-12T13:47:47+08:00 ] 127.0.0.1 /xmcy/admin.php/Company/index.html
INFO: [ app_init ] --START--
INFO: Run Behavior\BuildLiteBehavior [ RunTime:0.000026s ]
INFO: [ app_init ] --END-- [ RunTime:0.000719s ]
INFO: [ app_begin ] --START--
INFO: Run Behavior\ReadHtmlCacheBehavior [ RunTime:0.001066s ]
INFO: [ app_begin ] --END-- [ RunTime:0.001173s ]
SQL: SHOW COLUMNS FROM `ms_config` [ RunTime:0.0007s ]
SQL: SELECT * FROM `ms_config` WHERE `id` = 1 LIMIT 1   [ RunTime:0.0004s ]
SQL: SELECT * FROM `ms_config` LIMIT 1   [ RunTime:0.0002s ]
INFO: [ view_parse ] --START--
INFO: [ template_filter ] --START--
INFO: Run Behavior\ContentReplaceBehavior [ RunTime:0.000123s ]
INFO: [ template_filter ] --END-- [ RunTime:0.000206s ]
NOTIC: [8] Undefined variable: admin E:\wamp\www\xmcy\Application\Runtime\Cache\Admin\6eb939ff62aea883767ed8fa0a0c5387.php 第 422 行.
NOTIC: [8] Undefined variable: admin E:\wamp\www\xmcy\Application\Runtime\Cache\Admin\6eb939ff62aea883767ed8fa0a0c5387.php 第 437 行.
INFO: Run Behavior\ParseTemplateBehavior [ RunTime:0.019361s ]
INFO: [ view_parse ] --END-- [ RunTime:0.019432s ]
INFO: [ view_filter ] --START--
INFO: Run Behavior\WriteHtmlCacheBehavior [ RunTime:0.000603s ]
INFO: [ view_filter ] --END-- [ RunTime:0.000683s ]
INFO: [ app_end ] --START--
INFO: Run Behavior\ShowPageTraceBehavior [ RunTime:0.001058s ]
INFO: [ app_end ] --END-- [ RunTime:0.001170s ]

[ 2018-01-12T13:47:49+08:00 ] 127.0.0.1 /xmcy/admin.php/Company/index.html
INFO: [ app_init ] --START--
INFO: Run Behavior\BuildLiteBehavior [ RunTime:0.000026s ]
INFO: [ app_init ] --END-- [ RunTime:0.000743s ]
INFO: [ app_begin ] --START--
INFO: Run Behavior\ReadHtmlCacheBehavior [ RunTime:0.001112s ]
INFO: [ app_begin ] --END-- [ RunTime:0.001225s ]
SQL: SHOW COLUMNS FROM `ms_config` [ RunTime:0.0008s ]
SQL: SELECT * FROM `ms_config` WHERE `id` = 1 LIMIT 1   [ RunTime:0.0005s ]
SQL: SELECT * FROM `ms_config` LIMIT 1   [ RunTime:0.0003s ]
INFO: [ view_parse ] --START--
INFO: [ template_filter ] --START--
INFO: Run Behavior\ContentReplaceBehavior [ RunTime:0.000128s ]
INFO: [ template_filter ] --END-- [ RunTime:0.000201s ]
NOTIC: [8] Undefined variable: admin E:\wamp\www\xmcy\Application\Runtime\Cache\Admin\6eb939ff62aea883767ed8fa0a0c5387.php 第 422 行.
NOTIC: [8] Undefined variable: admin E:\wamp\www\xmcy\Application\Runtime\Cache\Admin\6eb939ff62aea883767ed8fa0a0c5387.php 第 437 行.
INFO: Run Behavior\ParseTemplateBehavior [ RunTime:0.009797s ]
INFO: [ view_parse ] --END-- [ RunTime:0.009880s ]
INFO: [ view_filter ] --START--
INFO: Run Behavior\WriteHtmlCacheBehavior [ RunTime:0.000549s ]
INFO: [ view_filter ] --END-- [ RunTime:0.000609s ]
INFO: [ app_end ] --START--
INFO: Run Behavior\ShowPageTraceBehavior [ RunTime:0.001022s ]
INFO: [ app_end ] --END-- [ RunTime:0.001128s ]

[ 2018-01-12T13:47:49+08:00 ] 127.0.0.1 /xmcy/admin.php/Index/index.html
INFO: [ app_init ] --START--
INFO: Run Behavior\BuildLiteBehavior [ RunTime:0.000019s ]
INFO: [ app_init ] --END-- [ RunTime:0.000493s ]
INFO: [ app_begin ] --START--
INFO: Run Behavior\ReadHtmlCacheBehavior [ RunTime:0.000840s ]
INFO: [ app_begin ] --END-- [ RunTime:0.000935s ]
SQL: SHOW COLUMNS FROM `ms_config` [ RunTime:0.0007s ]
SQL: SELECT * FROM `ms_config` WHERE `id` = 1 LIMIT 1   [ RunTime:0.0003s ]
SQL: SHOW COLUMNS FROM `ms_image` [ RunTime:0.0007s ]
SQL: SELECT * FROM `ms_image`  [ RunTime:0.0005s ]
INFO: [ view_parse ] --START--
INFO: [ template_filter ] --START--
INFO: Run Behavior\ContentReplaceBehavior [ RunTime:0.000158s ]
INFO: [ template_filter ] --END-- [ RunTime:0.000263s ]
NOTIC: [8] Undefined index: recently_time E:\wamp\www\xmcy\Application\Runtime\Cache\Admin\b595b808c2ebeeeb0478ffc30bb4e87a.php 第 272 行.
NOTIC: [8] Undefined index: recently_time E:\wamp\www\xmcy\Application\Runtime\Cache\Admin\b595b808c2ebeeeb0478ffc30bb4e87a.php 第 276 行.
NOTIC: [8] Undefined index: recently_time E:\wamp\www\xmcy\Application\Runtime\Cache\Admin\b595b808c2ebeeeb0478ffc30bb4e87a.php 第 272 行.
NOTIC: [8] Undefined index: recently_time E:\wamp\www\xmcy\Application\Runtime\Cache\Admin\b595b808c2ebeeeb0478ffc30bb4e87a.php 第 276 行.
NOTIC: [8] Undefined index: recently_time E:\wamp\www\xmcy\Application\Runtime\Cache\Admin\b595b808c2ebeeeb0478ffc30bb4e87a.php 第 272 行.
NOTIC: [8] Undefined index: recently_time E:\wamp\www\xmcy\Application\Runtime\Cache\Admin\b595b808c2ebeeeb0478ffc30bb4e87a.php 第 276 行.
INFO: Run Behavior\ParseTemplateBehavior [ RunTime:0.043302s ]
INFO: [ view_parse ] --END-- [ RunTime:0.043392s ]
INFO: [ view_filter ] --START--
INFO: Run Behavior\WriteHtmlCacheBehavior [ RunTime:0.000683s ]
INFO: [ view_filter ] --END-- [ RunTime:0.000767s ]
INFO: [ app_end ] --START--
INFO: Run Behavior\ShowPageTraceBehavior [ RunTime:0.001095s ]
INFO: [ app_end ] --END-- [ RunTime:0.001202s ]

[ 2018-01-12T13:47:51+08:00 ] 127.0.0.1 /xmcy/admin.php/Index/edit/id/1.html
INFO: [ app_init ] --START--
INFO: Run Behavior\BuildLiteBehavior [ RunTime:0.000021s ]
INFO: [ app_init ] --END-- [ RunTime:0.000582s ]
INFO: [ app_begin ] --START--
INFO: Run Behavior\ReadHtmlCacheBehavior [ RunTime:0.000876s ]
INFO: [ app_begin ] --END-- [ RunTime:0.000979s ]
SQL: SHOW COLUMNS FROM `ms_config` [ RunTime:0.0010s ]
SQL: SELECT * FROM `ms_config` WHERE `id` = 1 LIMIT 1   [ RunTime:0.0006s ]
SQL: SHOW COLUMNS FROM `ms_image` [ RunTime:0.0011s ]
SQL: SELECT * FROM `ms_image` WHERE `id` = 1 LIMIT 1   [ RunTime:0.0006s ]
INFO: [ view_parse ] --START--
INFO: [ template_filter ] --START--
INFO: Run Behavior\ContentReplaceBehavior [ RunTime:0.000127s ]
INFO: [ template_filter ] --END-- [ RunTime:0.000221s ]
INFO: Run Behavior\ParseTemplateBehavior [ RunTime:0.023084s ]
INFO: [ view_parse ] --END-- [ RunTime:0.023186s ]
INFO: [ view_filter ] --START--
INFO: Run Behavior\WriteHtmlCacheBehavior [ RunTime:0.000774s ]
INFO: [ view_filter ] --END-- [ RunTime:0.000870s ]
INFO: [ app_end ] --START--
INFO: Run Behavior\ShowPageTraceBehavior [ RunTime:0.001189s ]
INFO: [ app_end ] --END-- [ RunTime:0.001307s ]

[ 2018-01-12T13:47:51+08:00 ] 127.0.0.1 /xmcy/admin.php/Index/assets/img/full-screen-image-3.jpg
INFO: [ app_init ] --START--
INFO: Run Behavior\BuildLiteBehavior [ RunTime:0.000021s ]
INFO: [ app_init ] --END-- [ RunTime:0.000537s ]

[ 2018-01-12T13:47:58+08:00 ] 127.0.0.1 /xmcy/admin.php/index/add.html
INFO: [ app_init ] --START--
INFO: Run Behavior\BuildLiteBehavior [ RunTime:0.000016s ]
INFO: [ app_init ] --END-- [ RunTime:0.000425s ]
INFO: [ app_begin ] --START--
INFO: Run Behavior\ReadHtmlCacheBehavior [ RunTime:0.000629s ]
INFO: [ app_begin ] --END-- [ RunTime:0.000696s ]
SQL: SHOW COLUMNS FROM `ms_config` [ RunTime:0.0011s ]
SQL: SELECT * FROM `ms_config` WHERE `id` = 1 LIMIT 1   [ RunTime:0.0003s ]
NOTIC: [2] call_user_func() expects parameter 1 to be a valid callback, no array or string given E:\wamp\www\xmcy\ThinkPHP\Library\Think\Upload.class.php 第 170 行.
SQL: SHOW COLUMNS FROM `ms_image` [ RunTime:0.0008s ]
SQL: SELECT `image` FROM `ms_image` WHERE `id` = 1 LIMIT 1   [ RunTime:0.0003s ]
SQL: UPDATE `ms_image` SET `address`='/',`addtime`='1515736078',`is_see`='1',`image`='public/upload/index/20180112/thumb5a584c0e7364c.png' WHERE `id` = 1 [ RunTime:0.0273s ]

[ 2018-01-12T13:47:58+08:00 ] 127.0.0.1 /xmcy/admin.php/Index/index.html
INFO: [ app_init ] --START--
INFO: Run Behavior\BuildLiteBehavior [ RunTime:0.000015s ]
INFO: [ app_init ] --END-- [ RunTime:0.000417s ]
INFO: [ app_begin ] --START--
INFO: Run Behavior\ReadHtmlCacheBehavior [ RunTime:0.000636s ]
INFO: [ app_begin ] --END-- [ RunTime:0.000723s ]
SQL: SHOW COLUMNS FROM `ms_config` [ RunTime:0.0009s ]
SQL: SELECT * FROM `ms_config` WHERE `id` = 1 LIMIT 1   [ RunTime:0.0004s ]
SQL: SHOW COLUMNS FROM `ms_image` [ RunTime:0.0007s ]
SQL: SELECT * FROM `ms_image`  [ RunTime:0.0003s ]
INFO: [ view_parse ] --START--
INFO: [ template_filter ] --START--
INFO: Run Behavior\ContentReplaceBehavior [ RunTime:0.000145s ]
INFO: [ template_filter ] --END-- [ RunTime:0.000236s ]
NOTIC: [8] Undefined index: recently_time E:\wamp\www\xmcy\Application\Runtime\Cache\Admin\b595b808c2ebeeeb0478ffc30bb4e87a.php 第 272 行.
NOTIC: [8] Undefined index: recently_time E:\wamp\www\xmcy\Application\Runtime\Cache\Admin\b595b808c2ebeeeb0478ffc30bb4e87a.php 第 276 行.
NOTIC: [8] Undefined index: recently_time E:\wamp\www\xmcy\Application\Runtime\Cache\Admin\b595b808c2ebeeeb0478ffc30bb4e87a.php 第 272 行.
NOTIC: [8] Undefined index: recently_time E:\wamp\www\xmcy\Application\Runtime\Cache\Admin\b595b808c2ebeeeb0478ffc30bb4e87a.php 第 276 行.
NOTIC: [8] Undefined index: recently_time E:\wamp\www\xmcy\Application\Runtime\Cache\Admin\b595b808c2ebeeeb0478ffc30bb4e87a.php 第 272 行.
NOTIC: [8] Undefined index: recently_time E:\wamp\www\xmcy\Application\Runtime\Cache\Admin\b595b808c2ebeeeb0478ffc30bb4e87a.php 第 276 行.
INFO: Run Behavior\ParseTemplateBehavior [ RunTime:0.010554s ]
INFO: [ view_parse ] --END-- [ RunTime:0.010621s ]
INFO: [ view_filter ] --START--
INFO: Run Behavior\WriteHtmlCacheBehavior [ RunTime:0.000430s ]
INFO: [ view_filter ] --END-- [ RunTime:0.000491s ]
INFO: [ app_end ] --START--
INFO: Run Behavior\ShowPageTraceBehavior [ RunTime:0.000753s ]
INFO: [ app_end ] --END-- [ RunTime:0.000866s ]

[ 2018-01-12T13:48:22+08:00 ] 127.0.0.1 /xmcy/admin.php/Index/edit/id/1.html
INFO: [ app_init ] --START--
INFO: Run Behavior\BuildLiteBehavior [ RunTime:0.000018s ]
INFO: [ app_init ] --END-- [ RunTime:0.000825s ]
INFO: [ app_begin ] --START--
INFO: Run Behavior\ReadHtmlCacheBehavior [ RunTime:0.000657s ]
INFO: [ app_begin ] --END-- [ RunTime:0.000747s ]
SQL: SHOW COLUMNS FROM `ms_config` [ RunTime:0.0006s ]
SQL: SELECT * FROM `ms_config` WHERE `id` = 1 LIMIT 1   [ RunTime:0.0003s ]
SQL: SHOW COLUMNS FROM `ms_image` [ RunTime:0.0006s ]
SQL: SELECT * FROM `ms_image` WHERE `id` = 1 LIMIT 1   [ RunTime:0.0004s ]
INFO: [ view_parse ] --START--
INFO: [ template_filter ] --START--
INFO: Run Behavior\ContentReplaceBehavior [ RunTime:0.000111s ]
INFO: [ template_filter ] --END-- [ RunTime:0.000179s ]
INFO: Run Behavior\ParseTemplateBehavior [ RunTime:0.010468s ]
INFO: [ view_parse ] --END-- [ RunTime:0.010577s ]
INFO: [ view_filter ] --START--
INFO: Run Behavior\WriteHtmlCacheBehavior [ RunTime:0.000570s ]
INFO: [ view_filter ] --END-- [ RunTime:0.000655s ]
INFO: [ app_end ] --START--
INFO: Run Behavior\ShowPageTraceBehavior [ RunTime:0.001088s ]
INFO: [ app_end ] --END-- [ RunTime:0.001204s ]

[ 2018-01-12T13:48:22+08:00 ] 127.0.0.1 /xmcy/admin.php/Index/assets/img/full-screen-image-3.jpg
INFO: [ app_init ] --START--
INFO: Run Behavior\BuildLiteBehavior [ RunTime:0.000021s ]
INFO: [ app_init ] --END-- [ RunTime:0.000476s ]

[ 2018-01-12T13:48:28+08:00 ] 127.0.0.1 /xmcy/admin.php/index/add.html
INFO: [ app_init ] --START--
INFO: Run Behavior\BuildLiteBehavior [ RunTime:0.000016s ]
INFO: [ app_init ] --END-- [ RunTime:0.000378s ]
INFO: [ app_begin ] --START--
INFO: Run Behavior\ReadHtmlCacheBehavior [ RunTime:0.000500s ]
INFO: [ app_begin ] --END-- [ RunTime:0.000589s ]
SQL: SHOW COLUMNS FROM `ms_config` [ RunTime:0.0007s ]
SQL: SELECT * FROM `ms_config` WHERE `id` = 1 LIMIT 1   [ RunTime:0.0003s ]
NOTIC: [2] call_user_func() expects parameter 1 to be a valid callback, no array or string given E:\wamp\www\xmcy\ThinkPHP\Library\Think\Upload.class.php 第 170 行.
SQL: SHOW COLUMNS FROM `ms_image` [ RunTime:0.0009s ]
SQL: SELECT `image` FROM `ms_image` WHERE `id` = 1 LIMIT 1   [ RunTime:0.0004s ]
SQL: UPDATE `ms_image` SET `address`='/',`addtime`='1515736108',`is_see`='1',`image`='public/upload/index/20180112/thumb5a584c2cac32f.jpg' WHERE `id` = 1 [ RunTime:0.0194s ]

[ 2018-01-12T13:48:28+08:00 ] 127.0.0.1 /xmcy/admin.php/Index/index.html
INFO: [ app_init ] --START--
INFO: Run Behavior\BuildLiteBehavior [ RunTime:0.000021s ]
INFO: [ app_init ] --END-- [ RunTime:0.000481s ]
INFO: [ app_begin ] --START--
INFO: Run Behavior\ReadHtmlCacheBehavior [ RunTime:0.000717s ]
INFO: [ app_begin ] --END-- [ RunTime:0.000805s ]
SQL: SHOW COLUMNS FROM `ms_config` [ RunTime:0.0008s ]
SQL: SELECT * FROM `ms_config` WHERE `id` = 1 LIMIT 1   [ RunTime:0.0004s ]
SQL: SHOW COLUMNS FROM `ms_image` [ RunTime:0.0005s ]
SQL: SELECT * FROM `ms_image`  [ RunTime:0.0003s ]
INFO: [ view_parse ] --START--
INFO: [ template_filter ] --START--
INFO: Run Behavior\ContentReplaceBehavior [ RunTime:0.000133s ]
INFO: [ template_filter ] --END-- [ RunTime:0.000205s ]
NOTIC: [8] Undefined index: recently_time E:\wamp\www\xmcy\Application\Runtime\Cache\Admin\b595b808c2ebeeeb0478ffc30bb4e87a.php 第 272 行.
NOTIC: [8] Undefined index: recently_time E:\wamp\www\xmcy\Application\Runtime\Cache\Admin\b595b808c2ebeeeb0478ffc30bb4e87a.php 第 276 行.
NOTIC: [8] Undefined index: recently_time E:\wamp\www\xmcy\Application\Runtime\Cache\Admin\b595b808c2ebeeeb0478ffc30bb4e87a.php 第 272 行.
NOTIC: [8] Undefined index: recently_time E:\wamp\www\xmcy\Application\Runtime\Cache\Admin\b595b808c2ebeeeb0478ffc30bb4e87a.php 第 276 行.
NOTIC: [8] Undefined index: recently_time E:\wamp\www\xmcy\Application\Runtime\Cache\Admin\b595b808c2ebeeeb0478ffc30bb4e87a.php 第 272 行.
NOTIC: [8] Undefined index: recently_time E:\wamp\www\xmcy\Application\Runtime\Cache\Admin\b595b808c2ebeeeb0478ffc30bb4e87a.php 第 276 行.
INFO: Run Behavior\ParseTemplateBehavior [ RunTime:0.011182s ]
INFO: [ view_parse ] --END-- [ RunTime:0.011246s ]
INFO: [ view_filter ] --START--
INFO: Run Behavior\WriteHtmlCacheBehavior [ RunTime:0.000458s ]
INFO: [ view_filter ] --END-- [ RunTime:0.000518s ]
INFO: [ app_end ] --START--
INFO: Run Behavior\ShowPageTraceBehavior [ RunTime:0.000752s ]
INFO: [ app_end ] --END-- [ RunTime:0.000857s ]

[ 2018-01-12T13:48:36+08:00 ] 127.0.0.1 /xmcy/admin.php/Partner/index.html
INFO: [ app_init ] --START--
INFO: Run Behavior\BuildLiteBehavior [ RunTime:0.000015s ]
INFO: [ app_init ] --END-- [ RunTime:0.000386s ]
INFO: [ app_begin ] --START--
INFO: Run Behavior\ReadHtmlCacheBehavior [ RunTime:0.000421s ]
INFO: [ app_begin ] --END-- [ RunTime:0.000502s ]
SQL: SHOW COLUMNS FROM `ms_config` [ RunTime:0.0008s ]
SQL: SELECT * FROM `ms_config` WHERE `id` = 1 LIMIT 1   [ RunTime:0.0003s ]
SQL: SHOW COLUMNS FROM `ms_partner` [ RunTime:0.0005s ]
SQL: SELECT COUNT(*) AS tp_count FROM `ms_partner` ORDER BY id desc LIMIT 1   [ RunTime:0.0003s ]
SQL: SELECT * FROM `ms_partner` LIMIT 0,13   [ RunTime:0.0004s ]
INFO: [ view_parse ] --START--
INFO: [ template_filter ] --START--
INFO: Run Behavior\ContentReplaceBehavior [ RunTime:0.000132s ]
INFO: [ template_filter ] --END-- [ RunTime:0.000229s ]
NOTIC: [8] Undefined index: path E:\wamp\www\xmcy\Application\Runtime\Cache\Admin\b00d2dc38a9c99b026d9919a1acc8aaf.php 第 271 行.
NOTIC: [8] Undefined index: report E:\wamp\www\xmcy\Application\Runtime\Cache\Admin\b00d2dc38a9c99b026d9919a1acc8aaf.php 第 276 行.
NOTIC: [8] Undefined index: bepraise E:\wamp\www\xmcy\Application\Runtime\Cache\Admin\b00d2dc38a9c99b026d9919a1acc8aaf.php 第 277 行.
NOTIC: [8] Undefined index: froms E:\wamp\www\xmcy\Application\Runtime\Cache\Admin\b00d2dc38a9c99b026d9919a1acc8aaf.php 第 279 行.
NOTIC: [8] Undefined index: state E:\wamp\www\xmcy\Application\Runtime\Cache\Admin\b00d2dc38a9c99b026d9919a1acc8aaf.php 第 282 行.
NOTIC: [8] Undefined index: path E:\wamp\www\xmcy\Application\Runtime\Cache\Admin\b00d2dc38a9c99b026d9919a1acc8aaf.php 第 271 行.
NOTIC: [8] Undefined index: report E:\wamp\www\xmcy\Application\Runtime\Cache\Admin\b00d2dc38a9c99b026d9919a1acc8aaf.php 第 276 行.
NOTIC: [8] Undefined index: bepraise E:\wamp\www\xmcy\Application\Runtime\Cache\Admin\b00d2dc38a9c99b026d9919a1acc8aaf.php 第 277 行.
NOTIC: [8] Undefined index: froms E:\wamp\www\xmcy\Application\Runtime\Cache\Admin\b00d2dc38a9c99b026d9919a1acc8aaf.php 第 279 行.
NOTIC: [8] Undefined index: state E:\wamp\www\xmcy\Application\Runtime\Cache\Admin\b00d2dc38a9c99b026d9919a1acc8aaf.php 第 282 行.
NOTIC: [8] Undefined index: path E:\wamp\www\xmcy\Application\Runtime\Cache\Admin\b00d2dc38a9c99b026d9919a1acc8aaf.php 第 271 行.
NOTIC: [8] Undefined index: report E:\wamp\www\xmcy\Application\Runtime\Cache\Admin\b00d2dc38a9c99b026d9919a1acc8aaf.php 第 276 行.
NOTIC: [8] Undefined index: bepraise E:\wamp\www\xmcy\Application\Runtime\Cache\Admin\b00d2dc38a9c99b026d9919a1acc8aaf.php 第 277 行.
NOTIC: [8] Undefined index: froms E:\wamp\www\xmcy\Application\Runtime\Cache\Admin\b00d2dc38a9c99b026d9919a1acc8aaf.php 第 279 行.
NOTIC: [8] Undefined index: state E:\wamp\www\xmcy\Application\Runtime\Cache\Admin\b00d2dc38a9c99b026d9919a1acc8aaf.php 第 282 行.
NOTIC: [8] Undefined index: path E:\wamp\www\xmcy\Application\Runtime\Cache\Admin\b00d2dc38a9c99b026d9919a1acc8aaf.php 第 271 行.
NOTIC: [8] Undefined index: report E:\wamp\www\xmcy\Application\Runtime\Cache\Admin\b00d2dc38a9c99b026d9919a1acc8aaf.php 第 276 行.
NOTIC: [8] Undefined index: bepraise E:\wamp\www\xmcy\Application\Runtime\Cache\Admin\b00d2dc38a9c99b026d9919a1acc8aaf.php 第 277 行.
NOTIC: [8] Undefined index: froms E:\wamp\www\xmcy\Application\Runtime\Cache\Admin\b00d2dc38a9c99b026d9919a1acc8aaf.php 第 279 行.
NOTIC: [8] Undefined index: state E:\wamp\www\xmcy\Application\Runtime\Cache\Admin\b00d2dc38a9c99b026d9919a1acc8aaf.php 第 282 行.
NOTIC: [8] Undefined index: path E:\wamp\www\xmcy\Application\Runtime\Cache\Admin\b00d2dc38a9c99b026d9919a1acc8aaf.php 第 271 行.
NOTIC: [8] Undefined index: report E:\wamp\www\xmcy\Application\Runtime\Cache\Admin\b00d2dc38a9c99b026d9919a1acc8aaf.php 第 276 行.
NOTIC: [8] Undefined index: bepraise E:\wamp\www\xmcy\Application\Runtime\Cache\Admin\b00d2dc38a9c99b026d9919a1acc8aaf.php 第 277 行.
NOTIC: [8] Undefined index: froms E:\wamp\www\xmcy\Application\Runtime\Cache\Admin\b00d2dc38a9c99b026d9919a1acc8aaf.php 第 279 行.
NOTIC: [8] Undefined index: state E:\wamp\www\xmcy\Application\Runtime\Cache\Admin\b00d2dc38a9c99b026d9919a1acc8aaf.php 第 282 行.
NOTIC: [8] Undefined index: path E:\wamp\www\xmcy\Application\Runtime\Cache\Admin\b00d2dc38a9c99b026d9919a1acc8aaf.php 第 271 行.
NOTIC: [8] Undefined index: report E:\wamp\www\xmcy\Application\Runtime\Cache\Admin\b00d2dc38a9c99b026d9919a1acc8aaf.php 第 276 行.
NOTIC: [8] Undefined index: bepraise E:\wamp\www\xmcy\Application\Runtime\Cache\Admin\b00d2dc38a9c99b026d9919a1acc8aaf.php 第 277 行.
NOTIC: [8] Undefined index: froms E:\wamp\www\xmcy\Application\Runtime\Cache\Admin\b00d2dc38a9c99b026d9919a1acc8aaf.php 第 279 行.
NOTIC: [8] Undefined index: state E:\wamp\www\xmcy\Application\Runtime\Cache\Admin\b00d2dc38a9c99b026d9919a1acc8aaf.php 第 282 行.
NOTIC: [8] Undefined index: path E:\wamp\www\xmcy\Application\Runtime\Cache\Admin\b00d2dc38a9c99b026d9919a1acc8aaf.php 第 271 行.
NOTIC: [8] Undefined index: report E:\wamp\www\xmcy\Application\Runtime\Cache\Admin\b00d2dc38a9c99b026d9919a1acc8aaf.php 第 276 行.
NOTIC: [8] Undefined index: bepraise E:\wamp\www\xmcy\Application\Runtime\Cache\Admin\b00d2dc38a9c99b026d9919a1acc8aaf.php 第 277 行.
NOTIC: [8] Undefined index: froms E:\wamp\www\xmcy\Application\Runtime\Cache\Admin\b00d2dc38a9c99b026d9919a1acc8aaf.php 第 279 行.
NOTIC: [8] Undefined index: state E:\wamp\www\xmcy\Application\Runtime\Cache\Admin\b00d2dc38a9c99b026d9919a1acc8aaf.php 第 282 行.
NOTIC: [8] Undefined index: path E:\wamp\www\xmcy\Application\Runtime\Cache\Admin\b00d2dc38a9c99b026d9919a1acc8aaf.php 第 271 行.
NOTIC: [8] Undefined index: report E:\wamp\www\xmcy\Application\Runtime\Cache\Admin\b00d2dc38a9c99b026d9919a1acc8aaf.php 第 276 行.
NOTIC: [8] Undefined index: bepraise E:\wamp\www\xmcy\Application\Runtime\Cache\Admin\b00d2dc38a9c99b026d9919a1acc8aaf.php 第 277 行.
NOTIC: [8] Undefined index: froms E:\wamp\www\xmcy\Application\Runtime\Cache\Admin\b00d2dc38a9c99b026d9919a1acc8aaf.php 第 279 行.
NOTIC: [8] Undefined index: state E:\wamp\www\xmcy\Application\Runtime\Cache\Admin\b00d2dc38a9c99b026d9919a1acc8aaf.php 第 282 行.
NOTIC: [8] Undefined index: path E:\wamp\www\xmcy\Application\Runtime\Cache\Admin\b00d2dc38a9c99b026d9919a1acc8aaf.php 第 271 行.
NOTIC: [8] Undefined index: report E:\wamp\www\xmcy\Application\Runtime\Cache\Admin\b00d2dc38a9c99b026d9919a1acc8aaf.php 第 276 行.
NOTIC: [8] Undefined index: bepraise E:\wamp\www\xmcy\Application\Runtime\Cache\Admin\b00d2dc38a9c99b026d9919a1acc8aaf.php 第 277 行.
NOTIC: [8] Undefined index: froms E:\wamp\www\xmcy\Application\Runtime\Cache\Admin\b00d2dc38a9c99b026d9919a1acc8aaf.php 第 279 行.
NOTIC: [8] Undefined index: state E:\wamp\www\xmcy\Application\Runtime\Cache\Admin\b00d2dc38a9c99b026d9919a1acc8aaf.php 第 282 行.
NOTIC: [8] Undefined index: path E:\wamp\www\xmcy\Application\Runtime\Cache\Admin\b00d2dc38a9c99b026d9919a1acc8aaf.php 第 271 行.
NOTIC: [8] Undefined index: report E:\wamp\www\xmcy\Application\Runtime\Cache\Admin\b00d2dc38a9c99b026d9919a1acc8aaf.php 第 276 行.
NOTIC: [8] Undefined index: bepraise E:\wamp\www\xmcy\Application\Runtime\Cache\Admin\b00d2dc38a9c99b026d9919a1acc8aaf.php 第 277 行.
NOTIC: [8] Undefined index: froms E:\wamp\www\xmcy\Application\Runtime\Cache\Admin\b00d2dc38a9c99b026d9919a1acc8aaf.php 第 279 行.
NOTIC: [8] Undefined index: state E:\wamp\www\xmcy\Application\Runtime\Cache\Admin\b00d2dc38a9c99b026d9919a1acc8aaf.php 第 282 行.
NOTIC: [8] Undefined index: path E:\wamp\www\xmcy\Application\Runtime\Cache\Admin\b00d2dc38a9c99b026d9919a1acc8aaf.php 第 271 行.
NOTIC: [8] Undefined index: report E:\wamp\www\xmcy\Application\Runtime\Cache\Admin\b00d2dc38a9c99b026d9919a1acc8aaf.php 第 276 行.
NOTIC: [8] Undefined index: bepraise E:\wamp\www\xmcy\Application\Runtime\Cache\Admin\b00d2dc38a9c99b026d9919a1acc8aaf.php 第 277 行.
NOTIC: [8] Undefined index: froms E:\wamp\www\xmcy\Application\Runtime\Cache\Admin\b00d2dc38a9c99b026d9919a1acc8aaf.php 第 279 行.
NOTIC: [8] Undefined index: state E:\wamp\www\xmcy\Application\Runtime\Cache\Admin\b00d2dc38a9c99b026d9919a1acc8aaf.php 第 282 行.
NOTIC: [8] Undefined index: path E:\wamp\www\xmcy\Application\Runtime\Cache\Admin\b00d2dc38a9c99b026d9919a1acc8aaf.php 第 271 行.
NOTIC: [8] Undefined index: report E:\wamp\www\xmcy\Application\Runtime\Cache\Admin\b00d2dc38a9c99b026d9919a1acc8aaf.php 第 276 行.
NOTIC: [8] Undefined index: bepraise E:\wamp\www\xmcy\Application\Runtime\Cache\Admin\b00d2dc38a9c99b026d9919a1acc8aaf.php 第 277 行.
NOTIC: [8] Undefined index: froms E:\wamp\www\xmcy\Application\Runtime\Cache\Admin\b00d2dc38a9c99b026d9919a1acc8aaf.php 第 279 行.
NOTIC: [8] Undefined index: state E:\wamp\www\xmcy\Application\Runtime\Cache\Admin\b00d2dc38a9c99b026d9919a1acc8aaf.php 第 282 行.
NOTIC: [8] Undefined index: path E:\wamp\www\xmcy\Application\Runtime\Cache\Admin\b00d2dc38a9c99b026d9919a1acc8aaf.php 第 271 行.
NOTIC: [8] Undefined index: report E:\wamp\www\xmcy\Application\Runtime\Cache\Admin\b00d2dc38a9c99b026d9919a1acc8aaf.php 第 276 行.
NOTIC: [8] Undefined index: bepraise E:\wamp\www\xmcy\Application\Runtime\Cache\Admin\b00d2dc38a9c99b026d9919a1acc8aaf.php 第 277 行.
NOTIC: [8] Undefined index: froms E:\wamp\www\xmcy\Application\Runtime\Cache\Admin\b00d2dc38a9c99b026d9919a1acc8aaf.php 第 279 行.
NOTIC: [8] Undefined index: state E:\wamp\www\xmcy\Application\Runtime\Cache\Admin\b00d2dc38a9c99b026d9919a1acc8aaf.php 第 282 行.
NOTIC: [8] Undefined variable: post E:\wamp\www\xmcy\Application\Runtime\Cache\Admin\b00d2dc38a9c99b026d9919a1acc8aaf.php 第 433 行.
NOTIC: [8] Undefined variable: post E:\wamp\www\xmcy\Application\Runtime\Cache\Admin\b00d2dc38a9c99b026d9919a1acc8aaf.php 第 434 行.
NOTIC: [8] Undefined variable: post E:\wamp\www\xmcy\Application\Runtime\Cache\Admin\b00d2dc38a9c99b026d9919a1acc8aaf.php 第 437 行.
NOTIC: [8] Undefined variable: post E:\wamp\www\xmcy\Application\Runtime\Cache\Admin\b00d2dc38a9c99b026d9919a1acc8aaf.php 第 438 行.
NOTIC: [8] Undefined variable: post E:\wamp\www\xmcy\Application\Runtime\Cache\Admin\b00d2dc38a9c99b026d9919a1acc8aaf.php 第 441 行.
NOTIC: [8] Undefined variable: post E:\wamp\www\xmcy\Application\Runtime\Cache\Admin\b00d2dc38a9c99b026d9919a1acc8aaf.php 第 442 行.
INFO: Run Behavior\ParseTemplateBehavior [ RunTime:0.022299s ]
INFO: [ view_parse ] --END-- [ RunTime:0.022380s ]
INFO: [ view_filter ] --START--
INFO: Run Behavior\WriteHtmlCacheBehavior [ RunTime:0.000471s ]
INFO: [ view_filter ] --END-- [ RunTime:0.000560s ]
INFO: [ app_end ] --START--
INFO: Run Behavior\ShowPageTraceBehavior [ RunTime:0.000701s ]
INFO: [ app_end ] --END-- [ RunTime:0.000816s ]

[ 2018-01-12T13:48:45+08:00 ] 127.0.0.1 /xmcy/admin.php/Index/index.html
INFO: [ app_init ] --START--
INFO: Run Behavior\BuildLiteBehavior [ RunTime:0.000028s ]
INFO: [ app_init ] --END-- [ RunTime:0.001098s ]
INFO: [ app_begin ] --START--
INFO: Run Behavior\ReadHtmlCacheBehavior [ RunTime:0.000427s ]
INFO: [ app_begin ] --END-- [ RunTime:0.000508s ]
SQL: SHOW COLUMNS FROM `ms_config` [ RunTime:0.0006s ]
SQL: SELECT * FROM `ms_config` WHERE `id` = 1 LIMIT 1   [ RunTime:0.0004s ]
SQL: SHOW COLUMNS FROM `ms_image` [ RunTime:0.0006s ]
SQL: SELECT * FROM `ms_image`  [ RunTime:0.0004s ]
INFO: [ view_parse ] --START--
INFO: [ template_filter ] --START--
INFO: Run Behavior\ContentReplaceBehavior [ RunTime:0.000135s ]
INFO: [ template_filter ] --END-- [ RunTime:0.000203s ]
NOTIC: [8] Undefined index: recently_time E:\wamp\www\xmcy\Application\Runtime\Cache\Admin\b595b808c2ebeeeb0478ffc30bb4e87a.php 第 272 行.
NOTIC: [8] Undefined index: recently_time E:\wamp\www\xmcy\Application\Runtime\Cache\Admin\b595b808c2ebeeeb0478ffc30bb4e87a.php 第 276 行.
NOTIC: [8] Undefined index: recently_time E:\wamp\www\xmcy\Application\Runtime\Cache\Admin\b595b808c2ebeeeb0478ffc30bb4e87a.php 第 272 行.
NOTIC: [8] Undefined index: recently_time E:\wamp\www\xmcy\Application\Runtime\Cache\Admin\b595b808c2ebeeeb0478ffc30bb4e87a.php 第 276 行.
NOTIC: [8] Undefined index: recently_time E:\wamp\www\xmcy\Application\Runtime\Cache\Admin\b595b808c2ebeeeb0478ffc30bb4e87a.php 第 272 行.
NOTIC: [8] Undefined index: recently_time E:\wamp\www\xmcy\Application\Runtime\Cache\Admin\b595b808c2ebeeeb0478ffc30bb4e87a.php 第 276 行.
INFO: Run Behavior\ParseTemplateBehavior [ RunTime:0.010717s ]
INFO: [ view_parse ] --END-- [ RunTime:0.010801s ]
INFO: [ view_filter ] --START--
INFO: Run Behavior\WriteHtmlCacheBehavior [ RunTime:0.000395s ]
INFO: [ view_filter ] --END-- [ RunTime:0.000476s ]
INFO: [ app_end ] --START--
INFO: Run Behavior\ShowPageTraceBehavior [ RunTime:0.000789s ]
INFO: [ app_end ] --END-- [ RunTime:0.000895s ]

[ 2018-01-12T13:48:52+08:00 ] 127.0.0.1 /xmcy/admin.php/News/index.html
INFO: [ app_init ] --START--
INFO: Run Behavior\BuildLiteBehavior [ RunTime:0.000019s ]
INFO: [ app_init ] --END-- [ RunTime:0.000438s ]
INFO: [ app_begin ] --START--
INFO: Run Behavior\ReadHtmlCacheBehavior [ RunTime:0.000691s ]
INFO: [ app_begin ] --END-- [ RunTime:0.000983s ]
SQL: SHOW COLUMNS FROM `ms_config` [ RunTime:0.0006s ]
SQL: SELECT * FROM `ms_config` WHERE `id` = 1 LIMIT 1   [ RunTime:0.0003s ]
SQL: SHOW COLUMNS FROM `ms_news` [ RunTime:0.0006s ]
SQL: SELECT COUNT(*) AS tp_count FROM `ms_news` ORDER BY id desc LIMIT 1   [ RunTime:0.0003s ]
SQL: SELECT * FROM `ms_news` ORDER BY id desc LIMIT 0,13   [ RunTime:0.0012s ]
SQL: SHOW COLUMNS FROM `ms_category` [ RunTime:0.0005s ]
SQL: SELECT * FROM `ms_category`  [ RunTime:0.0003s ]
INFO: [ view_parse ] --START--
INFO: [ template_filter ] --START--
INFO: Run Behavior\ContentReplaceBehavior [ RunTime:0.000121s ]
INFO: [ template_filter ] --END-- [ RunTime:0.000189s ]
NOTIC: [8] Undefined variable: category_id E:\wamp\www\xmcy\Application\Runtime\Cache\Admin\36087655c6ab8580337cdc45b35a926d.php 第 244 行.
NOTIC: [8] Undefined variable: category_id E:\wamp\www\xmcy\Application\Runtime\Cache\Admin\36087655c6ab8580337cdc45b35a926d.php 第 244 行.
NOTIC: [8] Undefined variable: category_id E:\wamp\www\xmcy\Application\Runtime\Cache\Admin\36087655c6ab8580337cdc45b35a926d.php 第 244 行.
NOTIC: [8] Undefined variable: category_id E:\wamp\www\xmcy\Application\Runtime\Cache\Admin\36087655c6ab8580337cdc45b35a926d.php 第 244 行.
NOTIC: [8] Undefined variable: category_id E:\wamp\www\xmcy\Application\Runtime\Cache\Admin\36087655c6ab8580337cdc45b35a926d.php 第 244 行.
NOTIC: [8] Undefined variable: category_id E:\wamp\www\xmcy\Application\Runtime\Cache\Admin\36087655c6ab8580337cdc45b35a926d.php 第 244 行.
NOTIC: [8] Undefined variable: category_id E:\wamp\www\xmcy\Application\Runtime\Cache\Admin\36087655c6ab8580337cdc45b35a926d.php 第 244 行.
NOTIC: [8] Undefined variable: category_id E:\wamp\www\xmcy\Application\Runtime\Cache\Admin\36087655c6ab8580337cdc45b35a926d.php 第 244 行.
NOTIC: [8] Undefined variable: category_id E:\wamp\www\xmcy\Application\Runtime\Cache\Admin\36087655c6ab8580337cdc45b35a926d.php 第 244 行.
NOTIC: [8] Undefined variable: category_id E:\wamp\www\xmcy\Application\Runtime\Cache\Admin\36087655c6ab8580337cdc45b35a926d.php 第 244 行.
NOTIC: [8] Undefined variable: category_id E:\wamp\www\xmcy\Application\Runtime\Cache\Admin\36087655c6ab8580337cdc45b35a926d.php 第 244 行.
NOTIC: [8] Undefined variable: category_id E:\wamp\www\xmcy\Application\Runtime\Cache\Admin\36087655c6ab8580337cdc45b35a926d.php 第 244 行.
NOTIC: [8] Undefined index: path E:\wamp\www\xmcy\Application\Runtime\Cache\Admin\36087655c6ab8580337cdc45b35a926d.php 第 274 行.
SQL: SELECT `category_name` FROM `ms_category` WHERE `category_id` = 1 LIMIT 1   [ RunTime:0.0004s ]
NOTIC: [8] Undefined index: report E:\wamp\www\xmcy\Application\Runtime\Cache\Admin\36087655c6ab8580337cdc45b35a926d.php 第 279 行.
NOTIC: [8] Undefined index: bepraise E:\wamp\www\xmcy\Application\Runtime\Cache\Admin\36087655c6ab8580337cdc45b35a926d.php 第 280 行.
NOTIC: [8] Undefined index: froms E:\wamp\www\xmcy\Application\Runtime\Cache\Admin\36087655c6ab8580337cdc45b35a926d.php 第 282 行.
NOTIC: [8] Undefined index: state E:\wamp\www\xmcy\Application\Runtime\Cache\Admin\36087655c6ab8580337cdc45b35a926d.php 第 285 行.
NOTIC: [8] Undefined index: path E:\wamp\www\xmcy\Application\Runtime\Cache\Admin\36087655c6ab8580337cdc45b35a926d.php 第 274 行.
SQL: SELECT `category_name` FROM `ms_category` WHERE `category_id` = 1 LIMIT 1   [ RunTime:0.0002s ]
NOTIC: [8] Undefined index: report E:\wamp\www\xmcy\Application\Runtime\Cache\Admin\36087655c6ab8580337cdc45b35a926d.php 第 279 行.
NOTIC: [8] Undefined index: bepraise E:\wamp\www\xmcy\Application\Runtime\Cache\Admin\36087655c6ab8580337cdc45b35a926d.php 第 280 行.
NOTIC: [8] Undefined index: froms E:\wamp\www\xmcy\Application\Runtime\Cache\Admin\36087655c6ab8580337cdc45b35a926d.php 第 282 行.
NOTIC: [8] Undefined index: state E:\wamp\www\xmcy\Application\Runtime\Cache\Admin\36087655c6ab8580337cdc45b35a926d.php 第 285 行.
NOTIC: [8] Undefined index: path E:\wamp\www\xmcy\Application\Runtime\Cache\Admin\36087655c6ab8580337cdc45b35a926d.php 第 274 行.
SQL: SELECT `category_name` FROM `ms_category` WHERE `category_id` = 1 LIMIT 1   [ RunTime:0.0002s ]
NOTIC: [8] Undefined index: report E:\wamp\www\xmcy\Application\Runtime\Cache\Admin\36087655c6ab8580337cdc45b35a926d.php 第 279 行.
NOTIC: [8] Undefined index: bepraise E:\wamp\www\xmcy\Application\Runtime\Cache\Admin\36087655c6ab8580337cdc45b35a926d.php 第 280 行.
NOTIC: [8] Undefined index: froms E:\wamp\www\xmcy\Application\Runtime\Cache\Admin\36087655c6ab8580337cdc45b35a926d.php 第 282 行.
NOTIC: [8] Undefined index: state E:\wamp\www\xmcy\Application\Runtime\Cache\Admin\36087655c6ab8580337cdc45b35a926d.php 第 285 行.
NOTIC: [8] Undefined index: path E:\wamp\www\xmcy\Application\Runtime\Cache\Admin\36087655c6ab8580337cdc45b35a926d.php 第 274 行.
SQL: SELECT `category_name` FROM `ms_category` WHERE `category_id` = 1 LIMIT 1   [ RunTime:0.0002s ]
NOTIC: [8] Undefined index: report E:\wamp\www\xmcy\Application\Runtime\Cache\Admin\36087655c6ab8580337cdc45b35a926d.php 第 279 行.
NOTIC: [8] Undefined index: bepraise E:\wamp\www\xmcy\Application\Runtime\Cache\Admin\36087655c6ab8580337cdc45b35a926d.php 第 280 行.
NOTIC: [8] Undefined index: froms E:\wamp\www\xmcy\Application\Runtime\Cache\Admin\36087655c6ab8580337cdc45b35a926d.php 第 282 行.
NOTIC: [8] Undefined index: state E:\wamp\www\xmcy\Application\Runtime\Cache\Admin\36087655c6ab8580337cdc45b35a926d.php 第 285 行.
NOTIC: [8] Undefined index: path E:\wamp\www\xmcy\Application\Runtime\Cache\Admin\36087655c6ab8580337cdc45b35a926d.php 第 274 行.
SQL: SELECT `category_name` FROM `ms_category` WHERE `category_id` = 1 LIMIT 1   [ RunTime:0.0002s ]
NOTIC: [8] Undefined index: report E:\wamp\www\xmcy\Application\Runtime\Cache\Admin\36087655c6ab8580337cdc45b35a926d.php 第 279 行.
NOTIC: [8] Undefined index: bepraise E:\wamp\www\xmcy\Application\Runtime\Cache\Admin\36087655c6ab8580337cdc45b35a926d.php 第 280 行.
NOTIC: [8] Undefined index: froms E:\wamp\www\xmcy\Application\Runtime\Cache\Admin\36087655c6ab8580337cdc45b35a926d.php 第 282 行.
NOTIC: [8] Undefined index: state E:\wamp\www\xmcy\Application\Runtime\Cache\Admin\36087655c6ab8580337cdc45b35a926d.php 第 285 行.
NOTIC: [8] Undefined index: path E:\wamp\www\xmcy\Application\Runtime\Cache\Admin\36087655c6ab8580337cdc45b35a926d.php 第 274 行.
SQL: SELECT `category_name` FROM `ms_category` WHERE `category_id` = 1 LIMIT 1   [ RunTime:0.0002s ]
NOTIC: [8] Undefined index: report E:\wamp\www\xmcy\Application\Runtime\Cache\Admin\36087655c6ab8580337cdc45b35a926d.php 第 279 行.
NOTIC: [8] Undefined index: bepraise E:\wamp\www\xmcy\Application\Runtime\Cache\Admin\36087655c6ab8580337cdc45b35a926d.php 第 280 行.
NOTIC: [8] Undefined index: froms E:\wamp\www\xmcy\Application\Runtime\Cache\Admin\36087655c6ab8580337cdc45b35a926d.php 第 282 行.
NOTIC: [8] Undefined index: state E:\wamp\www\xmcy\Application\Runtime\Cache\Admin\36087655c6ab8580337cdc45b35a926d.php 第 285 行.
NOTIC: [8] Undefined index: path E:\wamp\www\xmcy\Application\Runtime\Cache\Admin\36087655c6ab8580337cdc45b35a926d.php 第 274 行.
SQL: SELECT `category_name` FROM `ms_category` WHERE `category_id` = 1 LIMIT 1   [ RunTime:0.0002s ]
NOTIC: [8] Undefined index: report E:\wamp\www\xmcy\Application\Runtime\Cache\Admin\36087655c6ab8580337cdc45b35a926d.php 第 279 行.
NOTIC: [8] Undefined index: bepraise E:\wamp\www\xmcy\Application\Runtime\Cache\Admin\36087655c6ab8580337cdc45b35a926d.php 第 280 行.
NOTIC: [8] Undefined index: froms E:\wamp\www\xmcy\Application\Runtime\Cache\Admin\36087655c6ab8580337cdc45b35a926d.php 第 282 行.
NOTIC: [8] Undefined index: state E:\wamp\www\xmcy\Application\Runtime\Cache\Admin\36087655c6ab8580337cdc45b35a926d.php 第 285 行.
NOTIC: [8] Undefined index: path E:\wamp\www\xmcy\Application\Runtime\Cache\Admin\36087655c6ab8580337cdc45b35a926d.php 第 274 行.
SQL: SELECT `category_name` FROM `ms_category` WHERE `category_id` = 1 LIMIT 1   [ RunTime:0.0002s ]
NOTIC: [8] Undefined index: report E:\wamp\www\xmcy\Application\Runtime\Cache\Admin\36087655c6ab8580337cdc45b35a926d.php 第 279 行.
NOTIC: [8] Undefined index: bepraise E:\wamp\www\xmcy\Application\Runtime\Cache\Admin\36087655c6ab8580337cdc45b35a926d.php 第 280 行.
NOTIC: [8] Undefined index: froms E:\wamp\www\xmcy\Application\Runtime\Cache\Admin\36087655c6ab8580337cdc45b35a926d.php 第 282 行.
NOTIC: [8] Undefined index: state E:\wamp\www\xmcy\Application\Runtime\Cache\Admin\36087655c6ab8580337cdc45b35a926d.php 第 285 行.
NOTIC: [8] Undefined index: path E:\wamp\www\xmcy\Application\Runtime\Cache\Admin\36087655c6ab8580337cdc45b35a926d.php 第 274 行.
SQL: SELECT `category_name` FROM `ms_category` WHERE `category_id` = 1 LIMIT 1   [ RunTime:0.0002s ]
NOTIC: [8] Undefined index: report E:\wamp\www\xmcy\Application\Runtime\Cache\Admin\36087655c6ab8580337cdc45b35a926d.php 第 279 行.
NOTIC: [8] Undefined index: bepraise E:\wamp\www\xmcy\Application\Runtime\Cache\Admin\36087655c6ab8580337cdc45b35a926d.php 第 280 行.
NOTIC: [8] Undefined index: froms E:\wamp\www\xmcy\Application\Runtime\Cache\Admin\36087655c6ab8580337cdc45b35a926d.php 第 282 行.
NOTIC: [8] Undefined index: state E:\wamp\www\xmcy\Application\Runtime\Cache\Admin\36087655c6ab8580337cdc45b35a926d.php 第 285 行.
NOTIC: [8] Undefined index: path E:\wamp\www\xmcy\Application\Runtime\Cache\Admin\36087655c6ab8580337cdc45b35a926d.php 第 274 行.
SQL: SELECT `category_name` FROM `ms_category` WHERE `category_id` = 1 LIMIT 1   [ RunTime:0.0003s ]
NOTIC: [8] Undefined index: report E:\wamp\www\xmcy\Application\Runtime\Cache\Admin\36087655c6ab8580337cdc45b35a926d.php 第 279 行.
NOTIC: [8] Undefined index: bepraise E:\wamp\www\xmcy\Application\Runtime\Cache\Admin\36087655c6ab8580337cdc45b35a926d.php 第 280 行.
NOTIC: [8] Undefined index: froms E:\wamp\www\xmcy\Application\Runtime\Cache\Admin\36087655c6ab8580337cdc45b35a926d.php 第 282 行.
NOTIC: [8] Undefined index: state E:\wamp\www\xmcy\Application\Runtime\Cache\Admin\36087655c6ab8580337cdc45b35a926d.php 第 285 行.
NOTIC: [8] Undefined index: path E:\wamp\www\xmcy\Application\Runtime\Cache\Admin\36087655c6ab8580337cdc45b35a926d.php 第 274 行.
SQL: SELECT `category_name` FROM `ms_category` WHERE `category_id` = 1 LIMIT 1   [ RunTime:0.0003s ]
NOTIC: [8] Undefined index: report E:\wamp\www\xmcy\Application\Runtime\Cache\Admin\36087655c6ab8580337cdc45b35a926d.php 第 279 行.
NOTIC: [8] Undefined index: bepraise E:\wamp\www\xmcy\Application\Runtime\Cache\Admin\36087655c6ab8580337cdc45b35a926d.php 第 280 行.
NOTIC: [8] Undefined index: froms E:\wamp\www\xmcy\Application\Runtime\Cache\Admin\36087655c6ab8580337cdc45b35a926d.php 第 282 行.
NOTIC: [8] Undefined index: state E:\wamp\www\xmcy\Application\Runtime\Cache\Admin\36087655c6ab8580337cdc45b35a926d.php 第 285 行.
NOTIC: [8] Undefined index: path E:\wamp\www\xmcy\Application\Runtime\Cache\Admin\36087655c6ab8580337cdc45b35a926d.php 第 274 行.
SQL: SELECT `category_name` FROM `ms_category` WHERE `category_id` = 2 LIMIT 1   [ RunTime:0.0003s ]
NOTIC: [8] Undefined index: report E:\wamp\www\xmcy\Application\Runtime\Cache\Admin\36087655c6ab8580337cdc45b35a926d.php 第 279 行.
NOTIC: [8] Undefined index: bepraise E:\wamp\www\xmcy\Application\Runtime\Cache\Admin\36087655c6ab8580337cdc45b35a926d.php 第 280 行.
NOTIC: [8] Undefined index: froms E:\wamp\www\xmcy\Application\Runtime\Cache\Admin\36087655c6ab8580337cdc45b35a926d.php 第 282 行.
NOTIC: [8] Undefined index: state E:\wamp\www\xmcy\Application\Runtime\Cache\Admin\36087655c6ab8580337cdc45b35a926d.php 第 285 行.
NOTIC: [8] Undefined index: path E:\wamp\www\xmcy\Application\Runtime\Cache\Admin\36087655c6ab8580337cdc45b35a926d.php 第 274 行.
SQL: SELECT `category_name` FROM `ms_category` WHERE `category_id` = 7 LIMIT 1   [ RunTime:0.0002s ]
NOTIC: [8] Undefined index: report E:\wamp\www\xmcy\Application\Runtime\Cache\Admin\36087655c6ab8580337cdc45b35a926d.php 第 279 行.
NOTIC: [8] Undefined index: bepraise E:\wamp\www\xmcy\Application\Runtime\Cache\Admin\36087655c6ab8580337cdc45b35a926d.php 第 280 行.
NOTIC: [8] Undefined index: froms E:\wamp\www\xmcy\Application\Runtime\Cache\Admin\36087655c6ab8580337cdc45b35a926d.php 第 282 行.
NOTIC: [8] Undefined index: state E:\wamp\www\xmcy\Application\Runtime\Cache\Admin\36087655c6ab8580337cdc45b35a926d.php 第 285 行.
NOTIC: [8] Undefined variable: post E:\wamp\www\xmcy\Application\Runtime\Cache\Admin\36087655c6ab8580337cdc45b35a926d.php 第 436 行.
NOTIC: [8] Undefined variable: post E:\wamp\www\xmcy\Application\Runtime\Cache\Admin\36087655c6ab8580337cdc45b35a926d.php 第 437 行.
NOTIC: [8] Undefined variable: post E:\wamp\www\xmcy\Application\Runtime\Cache\Admin\36087655c6ab8580337cdc45b35a926d.php 第 440 行.
NOTIC: [8] Undefined variable: post E:\wamp\www\xmcy\Application\Runtime\Cache\Admin\36087655c6ab8580337cdc45b35a926d.php 第 441 行.
NOTIC: [8] Undefined variable: post E:\wamp\www\xmcy\Application\Runtime\Cache\Admin\36087655c6ab8580337cdc45b35a926d.php 第 444 行.
NOTIC: [8] Undefined variable: post E:\wamp\www\xmcy\Application\Runtime\Cache\Admin\36087655c6ab8580337cdc45b35a926d.php 第 445 行.
INFO: Run Behavior\ParseTemplateBehavior [ RunTime:0.027828s ]
INFO: [ view_parse ] --END-- [ RunTime:0.027916s ]
INFO: [ view_filter ] --START--
INFO: Run Behavior\WriteHtmlCacheBehavior [ RunTime:0.000504s ]
INFO: [ view_filter ] --END-- [ RunTime:0.000590s ]
INFO: [ app_end ] --START--
INFO: Run Behavior\ShowPageTraceBehavior [ RunTime:0.000730s ]
INFO: [ app_end ] --END-- [ RunTime:0.000841s ]

[ 2018-01-12T13:49:34+08:00 ] 127.0.0.1 /xmcy/admin.php/Company/index.html
INFO: [ app_init ] --START--
INFO: Run Behavior\BuildLiteBehavior [ RunTime:0.000017s ]
INFO: [ app_init ] --END-- [ RunTime:0.000450s ]
INFO: [ app_begin ] --START--
INFO: Run Behavior\ReadHtmlCacheBehavior [ RunTime:0.000446s ]
INFO: [ app_begin ] --END-- [ RunTime:0.000513s ]
SQL: SHOW COLUMNS FROM `ms_config` [ RunTime:0.0009s ]
SQL: SELECT * FROM `ms_config` WHERE `id` = 1 LIMIT 1   [ RunTime:0.0005s ]
SQL: SELECT * FROM `ms_config` LIMIT 1   [ RunTime:0.0005s ]
INFO: [ view_parse ] --START--
INFO: [ template_filter ] --START--
INFO: Run Behavior\ContentReplaceBehavior [ RunTime:0.000127s ]
INFO: [ template_filter ] --END-- [ RunTime:0.000197s ]
NOTIC: [8] Undefined variable: admin E:\wamp\www\xmcy\Application\Runtime\Cache\Admin\6eb939ff62aea883767ed8fa0a0c5387.php 第 422 行.
NOTIC: [8] Undefined variable: admin E:\wamp\www\xmcy\Application\Runtime\Cache\Admin\6eb939ff62aea883767ed8fa0a0c5387.php 第 437 行.
INFO: Run Behavior\ParseTemplateBehavior [ RunTime:0.008037s ]
INFO: [ view_parse ] --END-- [ RunTime:0.008113s ]
INFO: [ view_filter ] --START--
INFO: Run Behavior\WriteHtmlCacheBehavior [ RunTime:0.000455s ]
INFO: [ view_filter ] --END-- [ RunTime:0.000525s ]
INFO: [ app_end ] --START--
INFO: Run Behavior\ShowPageTraceBehavior [ RunTime:0.000698s ]
INFO: [ app_end ] --END-- [ RunTime:0.000803s ]

